<?xml version="1.0" encoding="UTF-8"?>
<coverage generated="1706993977115" clover="3.2.0">
  <project timestamp="1706993977115" name="All files">
    <metrics statements="621" coveredstatements="545" conditionals="174" coveredconditionals="136" methods="173" coveredmethods="139" elements="968" coveredelements="820" complexity="0" loc="621" ncloc="621" packages="23" files="43" classes="43"/>
    <package name="sync-core.__tests__.helpers">
      <metrics statements="39" coveredstatements="38" conditionals="1" coveredconditionals="1" methods="4" coveredmethods="4"/>
      <file name="setup-authentication.ts" path="/home/vinicius/Github/modular-sync/packages/sync-core/__tests__/helpers/setup-authentication.ts">
        <metrics statements="3" coveredstatements="3" conditionals="0" coveredconditionals="0" methods="1" coveredmethods="1"/>
        <line num="3" count="2" type="stmt"/>
        <line num="4" count="13" type="stmt"/>
        <line num="5" count="13" type="stmt"/>
      </file>
      <file name="setup-repositories.ts" path="/home/vinicius/Github/modular-sync/packages/sync-core/__tests__/helpers/setup-repositories.ts">
        <metrics statements="4" coveredstatements="4" conditionals="0" coveredconditionals="0" methods="1" coveredmethods="1"/>
        <line num="7" count="1" type="stmt"/>
        <line num="8" count="9" type="stmt"/>
        <line num="13" count="9" type="stmt"/>
        <line num="19" count="9" type="stmt"/>
      </file>
      <file name="setup-tests.ts" path="/home/vinicius/Github/modular-sync/packages/sync-core/__tests__/helpers/setup-tests.ts">
        <metrics statements="32" coveredstatements="31" conditionals="1" coveredconditionals="1" methods="2" coveredmethods="2"/>
        <line num="1" count="6" type="stmt"/>
        <line num="2" count="6" type="stmt"/>
        <line num="3" count="6" type="stmt"/>
        <line num="4" count="6" type="stmt"/>
        <line num="5" count="6" type="stmt"/>
        <line num="6" count="6" type="stmt"/>
        <line num="7" count="6" type="stmt"/>
        <line num="8" count="6" type="stmt"/>
        <line num="9" count="6" type="stmt"/>
        <line num="10" count="6" type="stmt"/>
        <line num="11" count="6" type="stmt"/>
        <line num="12" count="6" type="stmt"/>
        <line num="13" count="6" type="stmt"/>
        <line num="14" count="6" type="stmt"/>
        <line num="16" count="6" type="stmt"/>
        <line num="17" count="38" type="cond" truecount="1" falsecount="0"/>
        <line num="18" count="38" type="stmt"/>
        <line num="21" count="0" type="stmt"/>
        <line num="24" count="6" type="stmt"/>
        <line num="25" count="38" type="stmt"/>
        <line num="27" count="38" type="stmt"/>
        <line num="28" count="38" type="stmt"/>
        <line num="30" count="38" type="stmt"/>
        <line num="34" count="38" type="stmt"/>
        <line num="38" count="38" type="stmt"/>
        <line num="44" count="38" type="stmt"/>
        <line num="51" count="38" type="stmt"/>
        <line num="58" count="38" type="stmt"/>
        <line num="60" count="38" type="stmt"/>
        <line num="62" count="38" type="stmt"/>
        <line num="64" count="38" type="stmt"/>
        <line num="71" count="38" type="stmt"/>
      </file>
    </package>
    <package name="sync-core.src.common">
      <metrics statements="55" coveredstatements="42" conditionals="14" coveredconditionals="9" methods="27" coveredmethods="20"/>
      <file name="repository-base.ts" path="/home/vinicius/Github/modular-sync/packages/sync-core/src/common/repository-base.ts">
        <metrics statements="52" coveredstatements="39" conditionals="14" coveredconditionals="9" methods="26" coveredmethods="19"/>
        <line num="1" count="6" type="stmt"/>
        <line num="13" count="6" type="stmt"/>
        <line num="16" count="6" type="stmt"/>
        <line num="31" count="297" type="stmt"/>
        <line num="32" count="297" type="stmt"/>
        <line num="33" count="297" type="stmt"/>
        <line num="39" count="257" type="cond" truecount="2" falsecount="0"/>
        <line num="43" count="257" type="stmt"/>
        <line num="45" count="257" type="stmt"/>
        <line num="47" count="257" type="stmt"/>
        <line num="60" count="257" type="stmt"/>
        <line num="62" count="257" type="stmt"/>
        <line num="64" count="319" type="cond" truecount="3" falsecount="1"/>
        <line num="65" count="257" type="cond" truecount="0" falsecount="1"/>
        <line num="66" count="0" type="stmt"/>
        <line num="70" count="257" type="stmt"/>
        <line num="71" count="257" type="stmt"/>
        <line num="74" count="253" type="stmt"/>
        <line num="78" count="257" type="stmt"/>
        <line num="82" count="58" type="stmt"/>
        <line num="83" count="58" type="stmt"/>
        <line num="87" count="1" type="stmt"/>
        <line num="91" count="4" type="stmt"/>
        <line num="95" count="4" type="stmt"/>
        <line num="96" count="4" type="stmt"/>
        <line num="100" count="1" type="stmt"/>
        <line num="101" count="1" type="stmt"/>
        <line num="102" count="2" type="stmt"/>
        <line num="106" count="7" type="stmt"/>
        <line num="107" count="7" type="stmt"/>
        <line num="111" count="6" type="stmt"/>
        <line num="112" count="6" type="stmt"/>
        <line num="116" count="2" type="stmt"/>
        <line num="117" count="2" type="stmt"/>
        <line num="121" count="0" type="stmt"/>
        <line num="122" count="0" type="stmt"/>
        <line num="123" count="0" type="stmt"/>
        <line num="127" count="2" type="stmt"/>
        <line num="128" count="2" type="stmt"/>
        <line num="129" count="2" type="stmt"/>
        <line num="133" count="1" type="stmt"/>
        <line num="137" count="1" type="stmt"/>
        <line num="138" count="1" type="stmt"/>
        <line num="142" count="0" type="stmt"/>
        <line num="143" count="0" type="cond" truecount="0" falsecount="1"/>
        <line num="144" count="0" type="stmt"/>
        <line num="150" count="0" type="stmt"/>
        <line num="151" count="0" type="cond" truecount="0" falsecount="1"/>
        <line num="152" count="0" type="stmt"/>
        <line num="158" count="0" type="stmt"/>
        <line num="159" count="0" type="cond" truecount="0" falsecount="1"/>
        <line num="160" count="0" type="stmt"/>
      </file>
      <file name="repository-factory.ts" path="/home/vinicius/Github/modular-sync/packages/sync-core/src/common/repository-factory.ts">
        <metrics statements="3" coveredstatements="3" conditionals="0" coveredconditionals="0" methods="1" coveredmethods="1"/>
        <line num="5" count="6" type="stmt"/>
        <line num="7" count="6" type="stmt"/>
        <line num="14" count="157" type="stmt"/>
      </file>
    </package>
    <package name="sync-core.src.helpers">
      <metrics statements="14" coveredstatements="9" conditionals="13" coveredconditionals="8" methods="1" coveredmethods="1"/>
      <file name="get-converter-fn-by-schema-type.ts" path="/home/vinicius/Github/modular-sync/packages/sync-core/src/helpers/get-converter-fn-by-schema-type.ts">
        <metrics statements="14" coveredstatements="9" conditionals="13" coveredconditionals="8" methods="1" coveredmethods="1"/>
        <line num="1" count="6" type="stmt"/>
        <line num="3" count="6" type="stmt"/>
        <line num="4" count="584" type="cond" truecount="4" falsecount="4"/>
        <line num="6" count="245" type="stmt"/>
        <line num="8" count="68" type="stmt"/>
        <line num="10" count="0" type="stmt"/>
        <line num="12" count="97" type="stmt"/>
        <line num="14" count="83" type="stmt"/>
        <line num="16" count="0" type="stmt"/>
        <line num="18" count="0" type="stmt"/>
        <line num="20" count="0" type="stmt"/>
        <line num="23" count="91" type="cond" truecount="4" falsecount="1"/>
        <line num="24" count="91" type="stmt"/>
        <line num="27" count="0" type="stmt"/>
      </file>
    </package>
    <package name="sync-core.src.interfaces">
      <metrics statements="15" coveredstatements="15" conditionals="2" coveredconditionals="2" methods="2" coveredmethods="2"/>
      <file name="database-adapter.ts" path="/home/vinicius/Github/modular-sync/packages/sync-core/src/interfaces/database-adapter.ts">
        <metrics statements="10" coveredstatements="10" conditionals="0" coveredconditionals="0" methods="1" coveredmethods="1"/>
        <line num="61" count="6" type="stmt"/>
        <line num="67" count="6" type="stmt"/>
        <line num="68" count="6" type="stmt"/>
        <line num="69" count="6" type="stmt"/>
        <line num="70" count="6" type="stmt"/>
        <line num="71" count="6" type="stmt"/>
        <line num="72" count="6" type="stmt"/>
        <line num="73" count="6" type="stmt"/>
        <line num="74" count="6" type="stmt"/>
        <line num="82" count="120" type="stmt"/>
      </file>
      <file name="http-method.ts" path="/home/vinicius/Github/modular-sync/packages/sync-core/src/interfaces/http-method.ts">
        <metrics statements="5" coveredstatements="5" conditionals="2" coveredconditionals="2" methods="1" coveredmethods="1"/>
        <line num="1" count="6" type="cond" truecount="2" falsecount="0"/>
        <line num="2" count="6" type="stmt"/>
        <line num="3" count="6" type="stmt"/>
        <line num="4" count="6" type="stmt"/>
        <line num="5" count="6" type="stmt"/>
      </file>
    </package>
    <package name="sync-core.src.migration">
      <metrics statements="16" coveredstatements="16" conditionals="7" coveredconditionals="7" methods="4" coveredmethods="4"/>
      <file name="migration-runner.ts" path="/home/vinicius/Github/modular-sync/packages/sync-core/src/migration/migration-runner.ts">
        <metrics statements="16" coveredstatements="16" conditionals="7" coveredconditionals="7" methods="4" coveredmethods="4"/>
        <line num="2" count="6" type="stmt"/>
        <line num="4" count="6" type="stmt"/>
        <line num="6" count="38" type="stmt"/>
        <line num="8" count="6" type="stmt"/>
        <line num="11" count="38" type="stmt"/>
        <line num="15" count="36" type="stmt"/>
        <line num="23" count="36" type="stmt"/>
        <line num="24" count="290" type="cond" truecount="1" falsecount="0"/>
        <line num="25" count="290" type="cond" truecount="2" falsecount="0"/>
        <line num="27" count="290" type="stmt"/>
        <line num="28" count="290" type="cond" truecount="1" falsecount="0"/>
        <line num="29" count="1" type="stmt"/>
        <line num="32" count="289" type="stmt"/>
        <line num="34" count="289" type="stmt"/>
        <line num="44" count="293" type="stmt"/>
        <line num="45" count="293" type="stmt"/>
      </file>
    </package>
    <package name="sync-core.src.repositories.domain">
      <metrics statements="17" coveredstatements="17" conditionals="7" coveredconditionals="6" methods="8" coveredmethods="7"/>
      <file name="domain-repository-constants.ts" path="/home/vinicius/Github/modular-sync/packages/sync-core/src/repositories/domain/domain-repository-constants.ts">
        <metrics statements="4" coveredstatements="4" conditionals="0" coveredconditionals="0" methods="0" coveredmethods="0"/>
        <line num="1" count="6" type="stmt"/>
        <line num="3" count="6" type="stmt"/>
        <line num="5" count="6" type="stmt"/>
        <line num="7" count="6" type="stmt"/>
      </file>
      <file name="domain-repository.ts" path="/home/vinicius/Github/modular-sync/packages/sync-core/src/repositories/domain/domain-repository.ts">
        <metrics statements="13" coveredstatements="13" conditionals="7" coveredconditionals="6" methods="8" coveredmethods="7"/>
        <line num="2" count="6" type="stmt"/>
        <line num="4" count="6" type="stmt"/>
        <line num="6" count="6" type="stmt"/>
        <line num="8" count="32" type="stmt"/>
        <line num="12" count="3" type="stmt"/>
        <line num="14" count="3" type="cond" truecount="1" falsecount="0"/>
        <line num="15" count="1" type="stmt"/>
        <line num="18" count="2" type="stmt"/>
        <line num="20" count="2" type="stmt"/>
        <line num="21" count="4" type="cond" truecount="2" falsecount="0"/>
        <line num="22" count="2" type="stmt"/>
        <line num="24" count="2" type="cond" truecount="3" falsecount="1"/>
        <line num="28" count="1" type="stmt"/>
      </file>
    </package>
    <package name="sync-core.src.repositories.repository">
      <metrics statements="9" coveredstatements="7" conditionals="0" coveredconditionals="0" methods="3" coveredmethods="1"/>
      <file name="repository-repository-constants.ts" path="/home/vinicius/Github/modular-sync/packages/sync-core/src/repositories/repository/repository-repository-constants.ts">
        <metrics statements="3" coveredstatements="3" conditionals="0" coveredconditionals="0" methods="0" coveredmethods="0"/>
        <line num="1" count="6" type="stmt"/>
        <line num="3" count="6" type="stmt"/>
        <line num="5" count="6" type="stmt"/>
      </file>
      <file name="repository-repository.ts" path="/home/vinicius/Github/modular-sync/packages/sync-core/src/repositories/repository/repository-repository.ts">
        <metrics statements="6" coveredstatements="4" conditionals="0" coveredconditionals="0" methods="3" coveredmethods="1"/>
        <line num="1" count="6" type="stmt"/>
        <line num="3" count="6" type="stmt"/>
        <line num="5" count="6" type="stmt"/>
        <line num="7" count="32" type="stmt"/>
        <line num="11" count="0" type="stmt"/>
        <line num="15" count="0" type="stmt"/>
      </file>
    </package>
    <package name="sync-core.src.server">
      <metrics statements="68" coveredstatements="54" conditionals="17" coveredconditionals="12" methods="9" coveredmethods="5"/>
      <file name="server-domain.ts" path="/home/vinicius/Github/modular-sync/packages/sync-core/src/server/server-domain.ts">
        <metrics statements="13" coveredstatements="13" conditionals="6" coveredconditionals="5" methods="2" coveredmethods="2"/>
        <line num="8" count="6" type="stmt"/>
        <line num="31" count="70" type="stmt"/>
        <line num="32" count="70" type="stmt"/>
        <line num="33" count="70" type="stmt"/>
        <line num="34" count="70" type="stmt"/>
        <line num="35" count="70" type="stmt"/>
        <line num="36" count="70" type="cond" truecount="4" falsecount="0"/>
        <line num="44" count="64" type="stmt"/>
        <line num="47" count="64" type="stmt"/>
        <line num="48" count="197" type="stmt"/>
        <line num="51" count="64" type="stmt"/>
        <line num="52" count="64" type="cond" truecount="1" falsecount="0"/>
        <line num="53" count="32" type="stmt"/>
      </file>
      <file name="server-sync-engine.ts" path="/home/vinicius/Github/modular-sync/packages/sync-core/src/server/server-sync-engine.ts">
        <metrics statements="55" coveredstatements="41" conditionals="11" coveredconditionals="7" methods="7" coveredmethods="3"/>
        <line num="3" count="6" type="stmt"/>
        <line num="4" count="6" type="stmt"/>
        <line num="8" count="6" type="stmt"/>
        <line num="9" count="6" type="stmt"/>
        <line num="11" count="6" type="stmt"/>
        <line num="12" count="6" type="stmt"/>
        <line num="13" count="6" type="stmt"/>
        <line num="14" count="6" type="stmt"/>
        <line num="15" count="6" type="stmt"/>
        <line num="22" count="6" type="stmt"/>
        <line num="40" count="38" type="stmt"/>
        <line num="41" count="38" type="stmt"/>
        <line num="42" count="38" type="stmt"/>
        <line num="43" count="38" type="stmt"/>
        <line num="44" count="38" type="stmt"/>
        <line num="45" count="38" type="cond" truecount="3" falsecount="1"/>
        <line num="49" count="32" type="stmt"/>
        <line num="51" count="32" type="stmt"/>
        <line num="52" count="32" type="stmt"/>
        <line num="54" count="32" type="stmt"/>
        <line num="62" count="32" type="stmt"/>
        <line num="64" count="32" type="stmt"/>
        <line num="66" count="32" type="stmt"/>
        <line num="67" count="32" type="stmt"/>
        <line num="68" count="32" type="stmt"/>
        <line num="69" count="32" type="stmt"/>
        <line num="71" count="32" type="stmt"/>
        <line num="73" count="32" type="stmt"/>
        <line num="75" count="64" type="stmt"/>
        <line num="78" count="32" type="stmt"/>
        <line num="79" count="32" type="stmt"/>
        <line num="81" count="32" type="stmt"/>
        <line num="85" count="0" type="stmt"/>
        <line num="87" count="0" type="stmt"/>
        <line num="89" count="0" type="cond" truecount="0" falsecount="1"/>
        <line num="90" count="0" type="stmt"/>
        <line num="93" count="0" type="stmt"/>
        <line num="97" count="0" type="stmt"/>
        <line num="98" count="0" type="stmt"/>
        <line num="102" count="2" type="stmt"/>
        <line num="103" count="2" type="stmt"/>
        <line num="105" count="2" type="cond" truecount="3" falsecount="2"/>
        <line num="106" count="0" type="stmt"/>
        <line num="109" count="2" type="stmt"/>
        <line num="114" count="2" type="stmt"/>
        <line num="115" count="4" type="cond" truecount="1" falsecount="0"/>
        <line num="116" count="2" type="stmt"/>
        <line num="119" count="2" type="stmt"/>
        <line num="126" count="2" type="stmt"/>
        <line num="130" count="0" type="stmt"/>
        <line num="132" count="0" type="stmt"/>
        <line num="133" count="0" type="stmt"/>
        <line num="135" count="0" type="stmt"/>
        <line num="139" count="0" type="stmt"/>
        <line num="141" count="0" type="stmt"/>
      </file>
    </package>
    <package name="sync-core.src.server.constants">
      <metrics statements="7" coveredstatements="6" conditionals="0" coveredconditionals="0" methods="1" coveredmethods="0"/>
      <file name="router-joi-schemas.ts" path="/home/vinicius/Github/modular-sync/packages/sync-core/src/server/constants/router-joi-schemas.ts">
        <metrics statements="6" coveredstatements="5" conditionals="0" coveredconditionals="0" methods="1" coveredmethods="0"/>
        <line num="1" count="6" type="stmt"/>
        <line num="3" count="6" type="stmt"/>
        <line num="7" count="6" type="stmt"/>
        <line num="8" count="0" type="stmt"/>
        <line num="11" count="6" type="stmt"/>
        <line num="15" count="6" type="stmt"/>
      </file>
      <file name="user-entity-name.ts" path="/home/vinicius/Github/modular-sync/packages/sync-core/src/server/constants/user-entity-name.ts">
        <metrics statements="1" coveredstatements="1" conditionals="0" coveredconditionals="0" methods="0" coveredmethods="0"/>
        <line num="1" count="6" type="stmt"/>
      </file>
    </package>
    <package name="sync-core.src.server.enums">
      <metrics statements="3" coveredstatements="3" conditionals="2" coveredconditionals="2" methods="1" coveredmethods="1"/>
      <file name="dynamic-fields-strategy.ts" path="/home/vinicius/Github/modular-sync/packages/sync-core/src/server/enums/dynamic-fields-strategy.ts">
        <metrics statements="3" coveredstatements="3" conditionals="2" coveredconditionals="2" methods="1" coveredmethods="1"/>
        <line num="2" count="6" type="cond" truecount="2" falsecount="0"/>
        <line num="7" count="6" type="stmt"/>
        <line num="13" count="6" type="stmt"/>
      </file>
    </package>
    <package name="sync-core.src.server.exceptions">
      <metrics statements="23" coveredstatements="13" conditionals="0" coveredconditionals="0" methods="7" coveredmethods="0"/>
      <file name="conflict-exception.ts" path="/home/vinicius/Github/modular-sync/packages/sync-core/src/server/exceptions/conflict-exception.ts">
        <metrics statements="3" coveredstatements="2" conditionals="0" coveredconditionals="0" methods="1" coveredmethods="0"/>
        <line num="1" count="6" type="stmt"/>
        <line num="3" count="6" type="stmt"/>
        <line num="5" count="0" type="stmt"/>
      </file>
      <file name="forbidden-exception.ts" path="/home/vinicius/Github/modular-sync/packages/sync-core/src/server/exceptions/forbidden-exception.ts">
        <metrics statements="3" coveredstatements="2" conditionals="0" coveredconditionals="0" methods="1" coveredmethods="0"/>
        <line num="1" count="6" type="stmt"/>
        <line num="3" count="6" type="stmt"/>
        <line num="5" count="0" type="stmt"/>
      </file>
      <file name="http-exception.ts" path="/home/vinicius/Github/modular-sync/packages/sync-core/src/server/exceptions/http-exception.ts">
        <metrics statements="5" coveredstatements="1" conditionals="0" coveredconditionals="0" methods="1" coveredmethods="0"/>
        <line num="1" count="6" type="stmt"/>
        <line num="8" count="0" type="stmt"/>
        <line num="9" count="0" type="stmt"/>
        <line num="10" count="0" type="stmt"/>
        <line num="11" count="0" type="stmt"/>
      </file>
      <file name="internal-errror-exception.ts" path="/home/vinicius/Github/modular-sync/packages/sync-core/src/server/exceptions/internal-errror-exception.ts">
        <metrics statements="3" coveredstatements="2" conditionals="0" coveredconditionals="0" methods="1" coveredmethods="0"/>
        <line num="1" count="6" type="stmt"/>
        <line num="3" count="6" type="stmt"/>
        <line num="5" count="0" type="stmt"/>
      </file>
      <file name="not-found-exception.ts" path="/home/vinicius/Github/modular-sync/packages/sync-core/src/server/exceptions/not-found-exception.ts">
        <metrics statements="3" coveredstatements="2" conditionals="0" coveredconditionals="0" methods="1" coveredmethods="0"/>
        <line num="1" count="6" type="stmt"/>
        <line num="3" count="6" type="stmt"/>
        <line num="5" count="0" type="stmt"/>
      </file>
      <file name="unauthorized-exception.ts" path="/home/vinicius/Github/modular-sync/packages/sync-core/src/server/exceptions/unauthorized-exception.ts">
        <metrics statements="3" coveredstatements="2" conditionals="0" coveredconditionals="0" methods="1" coveredmethods="0"/>
        <line num="1" count="6" type="stmt"/>
        <line num="3" count="6" type="stmt"/>
        <line num="5" count="0" type="stmt"/>
      </file>
      <file name="unprocessable-entity-exception.ts" path="/home/vinicius/Github/modular-sync/packages/sync-core/src/server/exceptions/unprocessable-entity-exception.ts">
        <metrics statements="3" coveredstatements="2" conditionals="0" coveredconditionals="0" methods="1" coveredmethods="0"/>
        <line num="1" count="6" type="stmt"/>
        <line num="3" count="6" type="stmt"/>
        <line num="5" count="0" type="stmt"/>
      </file>
    </package>
    <package name="sync-core.src.server.interfaces">
      <metrics statements="7" coveredstatements="7" conditionals="2" coveredconditionals="2" methods="1" coveredmethods="1"/>
      <file name="merge-engine.ts" path="/home/vinicius/Github/modular-sync/packages/sync-core/src/server/interfaces/merge-engine.ts">
        <metrics statements="7" coveredstatements="7" conditionals="2" coveredconditionals="2" methods="1" coveredmethods="1"/>
        <line num="43" count="6" type="cond" truecount="2" falsecount="0"/>
        <line num="44" count="6" type="stmt"/>
        <line num="45" count="6" type="stmt"/>
        <line num="46" count="6" type="stmt"/>
        <line num="47" count="6" type="stmt"/>
        <line num="48" count="6" type="stmt"/>
        <line num="49" count="6" type="stmt"/>
      </file>
    </package>
    <package name="sync-database-merger.src">
      <metrics statements="60" coveredstatements="54" conditionals="5" coveredconditionals="2" methods="13" coveredmethods="9"/>
      <file name="sync-database-merger.ts" path="/home/vinicius/Github/modular-sync/packages/sync-database-merger/src/sync-database-merger.ts">
        <metrics statements="60" coveredstatements="54" conditionals="5" coveredconditionals="2" methods="13" coveredmethods="9"/>
        <line num="6" count="7" type="stmt"/>
        <line num="8" count="7" type="stmt"/>
        <line num="9" count="7" type="stmt"/>
        <line num="11" count="7" type="stmt"/>
        <line num="12" count="7" type="stmt"/>
        <line num="13" count="7" type="stmt"/>
        <line num="14" count="7" type="stmt"/>
        <line num="16" count="7" type="stmt"/>
        <line num="17" count="7" type="stmt"/>
        <line num="18" count="7" type="stmt"/>
        <line num="19" count="7" type="stmt"/>
        <line num="20" count="7" type="stmt"/>
        <line num="22" count="7" type="stmt"/>
        <line num="25" count="33" type="stmt"/>
        <line num="26" count="33" type="stmt"/>
        <line num="28" count="33" type="stmt"/>
        <line num="29" count="33" type="stmt"/>
        <line num="30" count="33" type="stmt"/>
        <line num="31" count="33" type="stmt"/>
        <line num="32" count="33" type="stmt"/>
        <line num="33" count="33" type="stmt"/>
        <line num="36" count="33" type="stmt"/>
        <line num="39" count="33" type="stmt"/>
        <line num="40" count="33" type="stmt"/>
        <line num="41" count="33" type="stmt"/>
        <line num="43" count="33" type="stmt"/>
        <line num="44" count="33" type="stmt"/>
        <line num="46" count="33" type="stmt"/>
        <line num="47" count="33" type="stmt"/>
        <line num="48" count="33" type="stmt"/>
        <line num="49" count="33" type="stmt"/>
        <line num="50" count="33" type="stmt"/>
        <line num="51" count="33" type="stmt"/>
        <line num="63" count="9" type="stmt"/>
        <line num="64" count="9" type="stmt"/>
        <line num="65" count="9" type="stmt"/>
        <line num="67" count="9" type="stmt"/>
        <line num="71" count="9" type="stmt"/>
        <line num="77" count="0" type="stmt"/>
        <line num="86" count="9" type="stmt"/>
        <line num="87" count="9" type="stmt"/>
        <line num="89" count="9" type="cond" truecount="0" falsecount="1"/>
        <line num="90" count="0" type="stmt"/>
        <line num="93" count="9" type="cond" truecount="1" falsecount="0"/>
        <line num="94" count="1" type="stmt"/>
        <line num="97" count="8" type="stmt"/>
        <line num="99" count="8" type="cond" truecount="0" falsecount="1"/>
        <line num="100" count="0" type="stmt"/>
        <line num="103" count="8" type="stmt"/>
        <line num="109" count="3" type="cond" truecount="1" falsecount="0"/>
        <line num="110" count="1" type="stmt"/>
        <line num="114" count="3" type="stmt"/>
        <line num="118" count="8" type="stmt"/>
        <line num="127" count="8" type="stmt"/>
        <line num="128" count="6" type="stmt"/>
        <line num="130" count="6" type="cond" truecount="0" falsecount="1"/>
        <line num="132" count="0" type="stmt"/>
        <line num="133" count="0" type="stmt"/>
        <line num="136" count="6" type="stmt"/>
        <line num="141" count="0" type="stmt"/>
      </file>
    </package>
    <package name="sync-database-merger.src.push-strategies">
      <metrics statements="68" coveredstatements="68" conditionals="12" coveredconditionals="12" methods="12" coveredmethods="12"/>
      <file name="create-dynamic-field-strategy.ts" path="/home/vinicius/Github/modular-sync/packages/sync-database-merger/src/push-strategies/create-dynamic-field-strategy.ts">
        <metrics statements="12" coveredstatements="12" conditionals="2" coveredconditionals="2" methods="2" coveredmethods="2"/>
        <line num="2" count="7" type="stmt"/>
        <line num="4" count="7" type="stmt"/>
        <line num="6" count="7" type="stmt"/>
        <line num="10" count="33" type="stmt"/>
        <line num="14" count="5" type="stmt"/>
        <line num="18" count="5" type="cond" truecount="1" falsecount="0"/>
        <line num="19" count="1" type="stmt"/>
        <line num="22" count="4" type="stmt"/>
        <line num="24" count="4" type="cond" truecount="1" falsecount="0"/>
        <line num="25" count="2" type="stmt"/>
        <line num="28" count="2" type="stmt"/>
        <line num="40" count="2" type="stmt"/>
      </file>
      <file name="create-entity-strategy.ts" path="/home/vinicius/Github/modular-sync/packages/sync-database-merger/src/push-strategies/create-entity-strategy.ts">
        <metrics statements="8" coveredstatements="8" conditionals="1" coveredconditionals="1" methods="2" coveredmethods="2"/>
        <line num="1" count="7" type="stmt"/>
        <line num="11" count="7" type="stmt"/>
        <line num="15" count="33" type="stmt"/>
        <line num="19" count="5" type="stmt"/>
        <line num="23" count="5" type="cond" truecount="1" falsecount="0"/>
        <line num="24" count="1" type="stmt"/>
        <line num="27" count="4" type="stmt"/>
        <line num="38" count="4" type="stmt"/>
      </file>
      <file name="delete-dynamic-field-strategy.ts" path="/home/vinicius/Github/modular-sync/packages/sync-database-merger/src/push-strategies/delete-dynamic-field-strategy.ts">
        <metrics statements="11" coveredstatements="11" conditionals="2" coveredconditionals="2" methods="2" coveredmethods="2"/>
        <line num="3" count="7" type="stmt"/>
        <line num="4" count="7" type="stmt"/>
        <line num="6" count="7" type="stmt"/>
        <line num="10" count="33" type="stmt"/>
        <line num="14" count="5" type="stmt"/>
        <line num="18" count="5" type="cond" truecount="1" falsecount="0"/>
        <line num="19" count="1" type="stmt"/>
        <line num="22" count="4" type="stmt"/>
        <line num="24" count="4" type="cond" truecount="1" falsecount="0"/>
        <line num="25" count="2" type="stmt"/>
        <line num="28" count="2" type="stmt"/>
      </file>
      <file name="delete-entity-strategy.ts" path="/home/vinicius/Github/modular-sync/packages/sync-database-merger/src/push-strategies/delete-entity-strategy.ts">
        <metrics statements="11" coveredstatements="11" conditionals="2" coveredconditionals="2" methods="2" coveredmethods="2"/>
        <line num="3" count="7" type="stmt"/>
        <line num="4" count="7" type="stmt"/>
        <line num="6" count="7" type="stmt"/>
        <line num="10" count="33" type="stmt"/>
        <line num="14" count="5" type="stmt"/>
        <line num="18" count="5" type="cond" truecount="1" falsecount="0"/>
        <line num="19" count="1" type="stmt"/>
        <line num="22" count="4" type="stmt"/>
        <line num="29" count="4" type="cond" truecount="1" falsecount="0"/>
        <line num="30" count="2" type="stmt"/>
        <line num="33" count="2" type="stmt"/>
      </file>
      <file name="update-dynamic-field-strategy.ts" path="/home/vinicius/Github/modular-sync/packages/sync-database-merger/src/push-strategies/update-dynamic-field-strategy.ts">
        <metrics statements="15" coveredstatements="15" conditionals="3" coveredconditionals="3" methods="2" coveredmethods="2"/>
        <line num="3" count="7" type="stmt"/>
        <line num="4" count="7" type="stmt"/>
        <line num="6" count="7" type="stmt"/>
        <line num="10" count="33" type="stmt"/>
        <line num="14" count="5" type="stmt"/>
        <line num="18" count="5" type="cond" truecount="1" falsecount="0"/>
        <line num="19" count="1" type="stmt"/>
        <line num="22" count="4" type="stmt"/>
        <line num="24" count="4" type="cond" truecount="1" falsecount="0"/>
        <line num="25" count="2" type="stmt"/>
        <line num="28" count="2" type="stmt"/>
        <line num="30" count="2" type="cond" truecount="1" falsecount="0"/>
        <line num="31" count="1" type="stmt"/>
        <line num="34" count="1" type="stmt"/>
        <line num="44" count="1" type="stmt"/>
      </file>
      <file name="update-entity-strategy.ts" path="/home/vinicius/Github/modular-sync/packages/sync-database-merger/src/push-strategies/update-entity-strategy.ts">
        <metrics statements="11" coveredstatements="11" conditionals="2" coveredconditionals="2" methods="2" coveredmethods="2"/>
        <line num="5" count="7" type="stmt"/>
        <line num="10" count="7" type="stmt"/>
        <line num="13" count="7" type="stmt"/>
        <line num="17" count="33" type="stmt"/>
        <line num="21" count="5" type="stmt"/>
        <line num="25" count="5" type="cond" truecount="1" falsecount="0"/>
        <line num="26" count="1" type="stmt"/>
        <line num="29" count="4" type="stmt"/>
        <line num="36" count="4" type="cond" truecount="1" falsecount="0"/>
        <line num="37" count="2" type="stmt"/>
        <line num="40" count="2" type="stmt"/>
      </file>
    </package>
    <package name="sync-database-merger.src.repositories.dynamic-fields">
      <metrics statements="4" coveredstatements="4" conditionals="0" coveredconditionals="0" methods="1" coveredmethods="1"/>
      <file name="dynamic-field-repository.ts" path="/home/vinicius/Github/modular-sync/packages/sync-database-merger/src/repositories/dynamic-fields/dynamic-field-repository.ts">
        <metrics statements="4" coveredstatements="4" conditionals="0" coveredconditionals="0" methods="1" coveredmethods="1"/>
        <line num="1" count="7" type="stmt"/>
        <line num="3" count="7" type="stmt"/>
        <line num="5" count="7" type="stmt"/>
        <line num="7" count="33" type="stmt"/>
      </file>
    </package>
    <package name="sync-database-merger.src.repositories.dynamic-fields.constants">
      <metrics statements="3" coveredstatements="3" conditionals="0" coveredconditionals="0" methods="0" coveredmethods="0"/>
      <file name="dynamic-field-constants.ts" path="/home/vinicius/Github/modular-sync/packages/sync-database-merger/src/repositories/dynamic-fields/constants/dynamic-field-constants.ts">
        <metrics statements="3" coveredstatements="3" conditionals="0" coveredconditionals="0" methods="0" coveredmethods="0"/>
        <line num="1" count="7" type="stmt"/>
        <line num="3" count="7" type="stmt"/>
        <line num="5" count="7" type="stmt"/>
      </file>
    </package>
    <package name="sync-database-merger.src.repositories.modification">
      <metrics statements="4" coveredstatements="4" conditionals="0" coveredconditionals="0" methods="1" coveredmethods="1"/>
      <file name="modification-repository.ts" path="/home/vinicius/Github/modular-sync/packages/sync-database-merger/src/repositories/modification/modification-repository.ts">
        <metrics statements="4" coveredstatements="4" conditionals="0" coveredconditionals="0" methods="1" coveredmethods="1"/>
        <line num="1" count="7" type="stmt"/>
        <line num="2" count="7" type="stmt"/>
        <line num="5" count="7" type="stmt"/>
        <line num="7" count="33" type="stmt"/>
      </file>
    </package>
    <package name="sync-database-merger.src.repositories.modification.constants">
      <metrics statements="4" coveredstatements="4" conditionals="0" coveredconditionals="0" methods="0" coveredmethods="0"/>
      <file name="modification-constants.ts" path="/home/vinicius/Github/modular-sync/packages/sync-database-merger/src/repositories/modification/constants/modification-constants.ts">
        <metrics statements="4" coveredstatements="4" conditionals="0" coveredconditionals="0" methods="0" coveredmethods="0"/>
        <line num="1" count="7" type="stmt"/>
        <line num="2" count="7" type="stmt"/>
        <line num="6" count="7" type="stmt"/>
        <line num="9" count="7" type="stmt"/>
      </file>
    </package>
    <package name="sync-email-password-auth.src">
      <metrics statements="47" coveredstatements="42" conditionals="17" coveredconditionals="12" methods="13" coveredmethods="12"/>
      <file name="email-password-auth-engine.ts" path="/home/vinicius/Github/modular-sync/packages/sync-email-password-auth/src/email-password-auth-engine.ts">
        <metrics statements="47" coveredstatements="42" conditionals="17" coveredconditionals="12" methods="13" coveredmethods="12"/>
        <line num="3" count="1" type="stmt"/>
        <line num="4" count="1" type="stmt"/>
        <line num="8" count="1" type="stmt"/>
        <line num="9" count="1" type="stmt"/>
        <line num="10" count="1" type="stmt"/>
        <line num="11" count="1" type="stmt"/>
        <line num="12" count="1" type="stmt"/>
        <line num="14" count="1" type="stmt"/>
        <line num="19" count="12" type="stmt"/>
        <line num="23" count="12" type="stmt"/>
        <line num="25" count="12" type="stmt"/>
        <line num="30" count="12" type="stmt"/>
        <line num="32" count="12" type="stmt"/>
        <line num="36" count="12" type="stmt"/>
        <line num="40" count="14" type="stmt"/>
        <line num="42" count="14" type="stmt"/>
        <line num="46" count="14" type="cond" truecount="1" falsecount="0"/>
        <line num="47" count="2" type="stmt"/>
        <line num="50" count="12" type="cond" truecount="0" falsecount="1"/>
        <line num="51" count="0" type="stmt"/>
        <line num="54" count="12" type="stmt"/>
        <line num="56" count="12" type="cond" truecount="0" falsecount="1"/>
        <line num="57" count="0" type="stmt"/>
        <line num="60" count="12" type="stmt"/>
        <line num="62" count="12" type="stmt"/>
        <line num="66" count="14" type="stmt"/>
        <line num="68" count="14" type="stmt"/>
        <line num="79" count="1" type="stmt"/>
        <line num="85" count="2" type="stmt"/>
        <line num="91" count="26" type="stmt"/>
        <line num="92" count="26" type="cond" truecount="4" falsecount="0"/>
        <line num="94" count="26" type="stmt"/>
        <line num="105" count="3" type="stmt"/>
        <line num="106" count="3" type="cond" truecount="0" falsecount="1"/>
        <line num="107" count="3" type="stmt"/>
        <line num="109" count="2" type="stmt"/>
        <line num="111" count="2" type="cond" truecount="1" falsecount="0"/>
        <line num="112" count="1" type="stmt"/>
        <line num="115" count="1" type="stmt"/>
        <line num="117" count="1" type="stmt"/>
        <line num="123" count="0" type="stmt"/>
        <line num="127" count="12" type="stmt"/>
        <line num="129" count="12" type="stmt"/>
        <line num="136" count="10" type="stmt"/>
        <line num="137" count="10" type="stmt"/>
        <line num="141" count="0" type="stmt"/>
        <line num="142" count="0" type="stmt"/>
      </file>
    </package>
    <package name="sync-email-password-auth.src.constants">
      <metrics statements="2" coveredstatements="2" conditionals="0" coveredconditionals="0" methods="0" coveredmethods="0"/>
      <file name="joi-schemas.ts" path="/home/vinicius/Github/modular-sync/packages/sync-email-password-auth/src/constants/joi-schemas.ts">
        <metrics statements="2" coveredstatements="2" conditionals="0" coveredconditionals="0" methods="0" coveredmethods="0"/>
        <line num="1" count="1" type="stmt"/>
        <line num="3" count="1" type="stmt"/>
      </file>
    </package>
    <package name="sync-email-password-auth.src.migrations">
      <metrics statements="4" coveredstatements="4" conditionals="0" coveredconditionals="0" methods="1" coveredmethods="1"/>
      <file name="create-users-table-migration.ts" path="/home/vinicius/Github/modular-sync/packages/sync-email-password-auth/src/migrations/create-users-table-migration.ts">
        <metrics statements="4" coveredstatements="4" conditionals="0" coveredconditionals="0" methods="1" coveredmethods="1"/>
        <line num="2" count="1" type="stmt"/>
        <line num="4" count="1" type="stmt"/>
        <line num="6" count="1" type="stmt"/>
        <line num="8" count="12" type="stmt"/>
      </file>
    </package>
    <package name="sync-sqlite-adapter.helpers">
      <metrics statements="2" coveredstatements="2" conditionals="0" coveredconditionals="0" methods="1" coveredmethods="1"/>
      <file name="isBooleanStringNumber.ts" path="/home/vinicius/Github/modular-sync/packages/sync-sqlite-adapter/helpers/isBooleanStringNumber.ts">
        <metrics statements="2" coveredstatements="2" conditionals="0" coveredconditionals="0" methods="1" coveredmethods="1"/>
        <line num="1" count="3" type="stmt"/>
        <line num="2" count="14" type="stmt"/>
      </file>
    </package>
    <package name="sync-sqlite-adapter.src">
      <metrics statements="150" coveredstatements="131" conditionals="75" coveredconditionals="61" methods="63" coveredmethods="56"/>
      <file name="sqlite-adapter.ts" path="/home/vinicius/Github/modular-sync/packages/sync-sqlite-adapter/src/sqlite-adapter.ts">
        <metrics statements="90" coveredstatements="85" conditionals="33" coveredconditionals="27" methods="39" coveredmethods="38"/>
        <line num="2" count="2" type="stmt"/>
        <line num="3" count="2" type="stmt"/>
        <line num="11" count="2" type="stmt"/>
        <line num="13" count="2" type="stmt"/>
        <line num="17" count="28" type="stmt"/>
        <line num="18" count="28" type="stmt"/>
        <line num="19" count="28" type="stmt"/>
        <line num="21" count="28" type="stmt"/>
        <line num="24" count="28" type="stmt"/>
        <line num="28" count="29" type="cond" truecount="1" falsecount="0"/>
        <line num="29" count="28" type="stmt"/>
        <line num="34" count="7" type="cond" truecount="1" falsecount="0"/>
        <line num="35" count="4" type="stmt"/>
        <line num="36" count="4" type="stmt"/>
        <line num="42" count="1" type="stmt"/>
        <line num="47" count="12" type="stmt"/>
        <line num="52" count="1" type="stmt"/>
        <line num="57" count="4" type="stmt"/>
        <line num="58" count="4" type="stmt"/>
        <line num="63" count="1" type="stmt"/>
        <line num="64" count="1" type="stmt"/>
        <line num="68" count="6" type="stmt"/>
        <line num="69" count="7" type="stmt"/>
        <line num="74" count="7" type="cond" truecount="2" falsecount="0"/>
        <line num="78" count="28" type="cond" truecount="1" falsecount="1"/>
        <line num="82" count="28" type="cond" truecount="1" falsecount="1"/>
        <line num="86" count="21" type="cond" truecount="2" falsecount="0"/>
        <line num="90" count="2" type="stmt"/>
        <line num="91" count="2" type="stmt"/>
        <line num="92" count="2" type="stmt"/>
        <line num="94" count="2" type="stmt"/>
        <line num="96" count="2" type="cond" truecount="1" falsecount="0"/>
        <line num="97" count="2" type="stmt"/>
        <line num="100" count="1" type="stmt"/>
        <line num="104" count="10" type="stmt"/>
        <line num="105" count="9" type="stmt"/>
        <line num="106" count="9" type="stmt"/>
        <line num="108" count="9" type="stmt"/>
        <line num="109" count="7" type="stmt"/>
        <line num="114" count="4" type="stmt"/>
        <line num="115" count="3" type="stmt"/>
        <line num="117" count="3" type="stmt"/>
        <line num="119" count="3" type="stmt"/>
        <line num="125" count="0" type="stmt"/>
        <line num="126" count="0" type="stmt"/>
        <line num="129" count="0" type="stmt"/>
        <line num="131" count="0" type="stmt"/>
        <line num="136" count="3" type="stmt"/>
        <line num="137" count="2" type="stmt"/>
        <line num="138" count="2" type="cond" truecount="3" falsecount="1"/>
        <line num="143" count="1" type="stmt"/>
        <line num="144" count="1" type="stmt"/>
        <line num="145" count="1" type="cond" truecount="3" falsecount="1"/>
        <line num="149" count="7" type="cond" truecount="2" falsecount="0"/>
        <line num="150" count="1" type="cond" truecount="1" falsecount="1"/>
        <line num="151" count="0" type="stmt"/>
        <line num="153" count="1" type="stmt"/>
        <line num="156" count="6" type="stmt"/>
        <line num="161" count="5" type="stmt"/>
        <line num="168" count="2" type="stmt"/>
        <line num="170" count="2" type="cond" truecount="2" falsecount="0"/>
        <line num="171" count="1" type="stmt"/>
        <line num="173" count="1" type="stmt"/>
        <line num="178" count="5" type="stmt"/>
        <line num="180" count="5" type="stmt"/>
        <line num="181" count="13" type="stmt"/>
        <line num="184" count="5" type="stmt"/>
        <line num="188" count="5" type="cond" truecount="1" falsecount="0"/>
        <line num="189" count="3" type="stmt"/>
        <line num="192" count="2" type="stmt"/>
        <line num="196" count="5" type="stmt"/>
        <line num="197" count="13" type="cond" truecount="1" falsecount="0"/>
        <line num="198" count="1" type="stmt"/>
        <line num="201" count="12" type="stmt"/>
        <line num="206" count="13" type="stmt"/>
        <line num="207" count="13" type="cond" truecount="1" falsecount="0"/>
        <line num="208" count="1" type="stmt"/>
        <line num="211" count="12" type="stmt"/>
        <line num="221" count="12" type="stmt"/>
        <line num="225" count="19" type="stmt"/>
        <line num="231" count="19" type="stmt"/>
        <line num="232" count="6" type="stmt"/>
        <line num="237" count="11" type="stmt"/>
        <line num="241" count="11" type="stmt"/>
        <line num="242" count="18" type="stmt"/>
        <line num="247" count="3" type="stmt"/>
        <line num="248" count="3" type="stmt"/>
        <line num="253" count="2" type="stmt"/>
        <line num="257" count="2" type="stmt"/>
        <line num="261" count="2" type="stmt"/>
      </file>
      <file name="sqlite-data-converter-engine.ts" path="/home/vinicius/Github/modular-sync/packages/sync-sqlite-adapter/src/sqlite-data-converter-engine.ts">
        <metrics statements="60" coveredstatements="46" conditionals="42" coveredconditionals="34" methods="24" coveredmethods="18"/>
        <line num="2" count="3" type="stmt"/>
        <line num="4" count="3" type="stmt"/>
        <line num="6" count="3" type="stmt"/>
        <line num="7" count="69" type="stmt"/>
        <line num="8" count="69" type="stmt"/>
        <line num="13" count="3" type="stmt"/>
        <line num="14" count="15" type="stmt"/>
        <line num="22" count="8" type="cond" truecount="1" falsecount="0"/>
        <line num="23" count="1" type="stmt"/>
        <line num="26" count="7" type="cond" truecount="0" falsecount="1"/>
        <line num="27" count="0" type="stmt"/>
        <line num="30" count="7" type="stmt"/>
        <line num="34" count="8" type="stmt"/>
        <line num="38" count="8" type="stmt"/>
        <line num="42" count="16" type="cond" truecount="1" falsecount="0"/>
        <line num="43" count="2" type="stmt"/>
        <line num="46" count="14" type="cond" truecount="1" falsecount="0"/>
        <line num="47" count="14" type="cond" truecount="2" falsecount="0"/>
        <line num="48" count="14" type="cond" truecount="5" falsecount="1"/>
        <line num="50" count="14" type="cond" truecount="2" falsecount="0"/>
        <line num="53" count="0" type="stmt"/>
        <line num="57" count="14" type="cond" truecount="5" falsecount="0"/>
        <line num="58" count="14" type="cond" truecount="2" falsecount="0"/>
        <line num="62" count="9" type="cond" truecount="1" falsecount="0"/>
        <line num="63" count="1" type="stmt"/>
        <line num="66" count="8" type="cond" truecount="3" falsecount="0"/>
        <line num="67" count="3" type="stmt"/>
        <line num="70" count="5" type="cond" truecount="1" falsecount="0"/>
        <line num="71" count="4" type="stmt"/>
        <line num="74" count="1" type="stmt"/>
        <line num="78" count="6" type="cond" truecount="1" falsecount="0"/>
        <line num="79" count="2" type="stmt"/>
        <line num="82" count="4" type="cond" truecount="1" falsecount="0"/>
        <line num="83" count="2" type="stmt"/>
        <line num="84" count="2" type="cond" truecount="1" falsecount="0"/>
        <line num="85" count="1" type="stmt"/>
        <line num="89" count="3" type="stmt"/>
        <line num="93" count="0" type="stmt"/>
        <line num="94" count="0" type="stmt"/>
        <line num="96" count="0" type="stmt"/>
        <line num="102" count="0" type="stmt"/>
        <line num="107" count="0" type="cond" truecount="0" falsecount="3"/>
        <line num="108" count="0" type="stmt"/>
        <line num="111" count="0" type="stmt"/>
        <line num="117" count="2" type="stmt"/>
        <line num="121" count="2" type="stmt"/>
        <line num="125" count="2" type="stmt"/>
        <line num="129" count="3" type="stmt"/>
        <line num="133" count="3" type="cond" truecount="1" falsecount="0"/>
        <line num="134" count="1" type="stmt"/>
        <line num="137" count="2" type="stmt"/>
        <line num="141" count="1" type="stmt"/>
        <line num="145" count="0" type="stmt"/>
        <line num="149" count="0" type="stmt"/>
        <line num="153" count="0" type="stmt"/>
        <line num="154" count="0" type="stmt"/>
        <line num="156" count="0" type="stmt"/>
        <line num="161" count="1" type="cond" truecount="0" falsecount="1"/>
        <line num="163" count="1" type="stmt"/>
        <line num="164" count="5" type="stmt"/>
      </file>
    </package>
  </project>
</coverage>
