{"/home/vinicius/Github/modular-sync/packages/sync-core/__tests__/helpers/setup-authentication.ts": {"path":"/home/vinicius/Github/modular-sync/packages/sync-core/__tests__/helpers/setup-authentication.ts","statementMap":{"0":{"start":{"line":4,"column":2},"end":{"line":4,"column":90}},"1":{"start":{"line":5,"column":2},"end":{"line":5,"column":97}},"2":{"start":{"line":3,"column":0},"end":{"line":3,"column":7}}},"fnMap":{"0":{"name":"setupAuthentication","decl":{"start":{"line":3,"column":22},"end":{"line":3,"column":41}},"loc":{"start":{"line":3,"column":70},"end":{"line":6,"column":1}}}},"branchMap":{},"s":{"0":13,"1":13,"2":2},"f":{"0":13},"b":{}}
,"/home/vinicius/Github/modular-sync/packages/sync-core/__tests__/helpers/setup-repositories.ts": {"path":"/home/vinicius/Github/modular-sync/packages/sync-core/__tests__/helpers/setup-repositories.ts","statementMap":{"0":{"start":{"line":8,"column":2},"end":{"line":11,"column":5}},"1":{"start":{"line":13,"column":2},"end":{"line":16,"column":5}},"2":{"start":{"line":19,"column":2},"end":{"line":22,"column":5}},"3":{"start":{"line":7,"column":0},"end":{"line":7,"column":7}}},"fnMap":{"0":{"name":"setupRepositories","decl":{"start":{"line":7,"column":22},"end":{"line":7,"column":39}},"loc":{"start":{"line":7,"column":68},"end":{"line":23,"column":1}}}},"branchMap":{},"s":{"0":9,"1":9,"2":9,"3":1},"f":{"0":9},"b":{}}
,"/home/vinicius/Github/modular-sync/packages/sync-core/__tests__/helpers/setup-tests.ts": {"path":"/home/vinicius/Github/modular-sync/packages/sync-core/__tests__/helpers/setup-tests.ts","statementMap":{"0":{"start":{"line":1,"column":0},"end":{"line":1,"column":57}},"1":{"start":{"line":2,"column":0},"end":{"line":2,"column":69}},"2":{"start":{"line":3,"column":0},"end":{"line":3,"column":60}},"3":{"start":{"line":4,"column":0},"end":{"line":4,"column":99}},"4":{"start":{"line":5,"column":0},"end":{"line":5,"column":103}},"5":{"start":{"line":6,"column":0},"end":{"line":6,"column":30}},"6":{"start":{"line":7,"column":0},"end":{"line":7,"column":84}},"7":{"start":{"line":8,"column":0},"end":{"line":8,"column":85}},"8":{"start":{"line":9,"column":0},"end":{"line":9,"column":65}},"9":{"start":{"line":10,"column":0},"end":{"line":10,"column":70}},"10":{"start":{"line":11,"column":0},"end":{"line":11,"column":25}},"11":{"start":{"line":12,"column":0},"end":{"line":12,"column":33}},"12":{"start":{"line":13,"column":0},"end":{"line":13,"column":29}},"13":{"start":{"line":14,"column":0},"end":{"line":14,"column":25}},"14":{"start":{"line":17,"column":2},"end":{"line":19,"column":3}},"15":{"start":{"line":18,"column":4},"end":{"line":18,"column":11}},"16":{"start":{"line":21,"column":2},"end":{"line":21,"column":59}},"17":{"start":{"line":16,"column":0},"end":{"line":16,"column":16}},"18":{"start":{"line":25,"column":2},"end":{"line":25,"column":30}},"19":{"start":{"line":27,"column":17},"end":{"line":27,"column":44}},"20":{"start":{"line":28,"column":19},"end":{"line":28,"column":106}},"21":{"start":{"line":30,"column":27},"end":{"line":33,"column":4}},"22":{"start":{"line":34,"column":28},"end":{"line":37,"column":4}},"23":{"start":{"line":38,"column":31},"end":{"line":43,"column":26}},"24":{"start":{"line":44,"column":41},"end":{"line":49,"column":54}},"25":{"start":{"line":51,"column":17},"end":{"line":57,"column":4}},"26":{"start":{"line":58,"column":21},"end":{"line":58,"column":77}},"27":{"start":{"line":60,"column":14},"end":{"line":60,"column":23}},"28":{"start":{"line":62,"column":24},"end":{"line":62,"column":87}},"29":{"start":{"line":64,"column":21},"end":{"line":69,"column":4}},"30":{"start":{"line":71,"column":2},"end":{"line":71,"column":null}},"31":{"start":{"line":24,"column":0},"end":{"line":24,"column":16}}},"fnMap":{"0":{"name":"__createTmpDirIfNotExists","decl":{"start":{"line":16,"column":16},"end":{"line":16,"column":41}},"loc":{"start":{"line":16,"column":41},"end":{"line":22,"column":1}}},"1":{"name":"setupTests","decl":{"start":{"line":24,"column":16},"end":{"line":24,"column":26}},"loc":{"start":{"line":24,"column":26},"end":{"line":72,"column":1}}}},"branchMap":{"0":{"loc":{"start":{"line":17,"column":2},"end":{"line":19,"column":3}},"type":"if","locations":[{"start":{"line":17,"column":2},"end":{"line":19,"column":3}}]}},"s":{"0":6,"1":6,"2":6,"3":6,"4":6,"5":6,"6":6,"7":6,"8":6,"9":6,"10":6,"11":6,"12":6,"13":6,"14":38,"15":38,"16":0,"17":6,"18":38,"19":38,"20":38,"21":38,"22":38,"23":38,"24":38,"25":38,"26":38,"27":38,"28":38,"29":38,"30":38,"31":6},"f":{"0":38,"1":38},"b":{"0":[38]}}
,"/home/vinicius/Github/modular-sync/packages/sync-core/src/common/repository-base.ts": {"path":"/home/vinicius/Github/modular-sync/packages/sync-core/src/common/repository-base.ts","statementMap":{"0":{"start":{"line":1,"column":0},"end":{"line":1,"column":null}},"1":{"start":{"line":13,"column":0},"end":{"line":13,"column":81}},"2":{"start":{"line":31,"column":4},"end":{"line":31,"column":33}},"3":{"start":{"line":32,"column":4},"end":{"line":32,"column":25}},"4":{"start":{"line":33,"column":4},"end":{"line":33,"column":39}},"5":{"start":{"line":39,"column":4},"end":{"line":39,"column":126}},"6":{"start":{"line":43,"column":4},"end":{"line":43,"column":33}},"7":{"start":{"line":45,"column":23},"end":{"line":45,"column":38}},"8":{"start":{"line":47,"column":4},"end":{"line":58,"column":null}},"9":{"start":{"line":60,"column":19},"end":{"line":60,"column":30}},"10":{"start":{"line":62,"column":26},"end":{"line":62,"column":44}},"11":{"start":{"line":64,"column":4},"end":{"line":64,"column":88}},"12":{"start":{"line":64,"column":48},"end":{"line":64,"column":69}},"13":{"start":{"line":65,"column":4},"end":{"line":67,"column":5}},"14":{"start":{"line":66,"column":6},"end":{"line":66,"column":126}},"15":{"start":{"line":70,"column":4},"end":{"line":76,"column":7}},"16":{"start":{"line":71,"column":6},"end":{"line":71,"column":56}},"17":{"start":{"line":74,"column":8},"end":{"line":74,"column":65}},"18":{"start":{"line":78,"column":4},"end":{"line":78,"column":16}},"19":{"start":{"line":82,"column":18},"end":{"line":82,"column":70}},"20":{"start":{"line":83,"column":4},"end":{"line":83,"column":null}},"21":{"start":{"line":87,"column":4},"end":{"line":87,"column":100}},"22":{"start":{"line":91,"column":4},"end":{"line":91,"column":103}},"23":{"start":{"line":95,"column":18},"end":{"line":95,"column":73}},"24":{"start":{"line":96,"column":4},"end":{"line":96,"column":109}},"25":{"start":{"line":100,"column":18},"end":{"line":100,"column":73}},"26":{"start":{"line":101,"column":16},"end":{"line":101,"column":67}},"27":{"start":{"line":102,"column":4},"end":{"line":102,"column":82}},"28":{"start":{"line":102,"column":27},"end":{"line":102,"column":80}},"29":{"start":{"line":106,"column":16},"end":{"line":106,"column":53}},"30":{"start":{"line":107,"column":4},"end":{"line":107,"column":82}},"31":{"start":{"line":107,"column":27},"end":{"line":107,"column":80}},"32":{"start":{"line":111,"column":18},"end":{"line":111,"column":70}},"33":{"start":{"line":112,"column":4},"end":{"line":112,"column":127}},"34":{"start":{"line":116,"column":18},"end":{"line":116,"column":70}},"35":{"start":{"line":117,"column":4},"end":{"line":117,"column":109}},"36":{"start":{"line":121,"column":18},"end":{"line":121,"column":70}},"37":{"start":{"line":122,"column":24},"end":{"line":122,"column":79}},"38":{"start":{"line":123,"column":4},"end":{"line":123,"column":125}},"39":{"start":{"line":127,"column":18},"end":{"line":127,"column":70}},"40":{"start":{"line":128,"column":24},"end":{"line":128,"column":78}},"41":{"start":{"line":129,"column":4},"end":{"line":129,"column":118}},"42":{"start":{"line":133,"column":4},"end":{"line":133,"column":null}},"43":{"start":{"line":137,"column":18},"end":{"line":137,"column":73}},"44":{"start":{"line":138,"column":4},"end":{"line":138,"column":57}},"45":{"start":{"line":142,"column":4},"end":{"line":146,"column":7}},"46":{"start":{"line":143,"column":6},"end":{"line":145,"column":7}},"47":{"start":{"line":144,"column":8},"end":{"line":144,"column":58}},"48":{"start":{"line":150,"column":4},"end":{"line":154,"column":7}},"49":{"start":{"line":151,"column":6},"end":{"line":153,"column":7}},"50":{"start":{"line":152,"column":8},"end":{"line":152,"column":61}},"51":{"start":{"line":158,"column":4},"end":{"line":162,"column":7}},"52":{"start":{"line":159,"column":6},"end":{"line":161,"column":7}},"53":{"start":{"line":160,"column":8},"end":{"line":160,"column":23}},"54":{"start":{"line":16,"column":0},"end":{"line":16,"column":13}}},"fnMap":{"0":{"name":"(anonymous_0)","decl":{"start":{"line":30,"column":2},"end":{"line":30,"column":14}},"loc":{"start":{"line":30,"column":90},"end":{"line":34,"column":3}}},"1":{"name":"(anonymous_1)","decl":{"start":{"line":38,"column":2},"end":{"line":38,"column":7}},"loc":{"start":{"line":38,"column":37},"end":{"line":40,"column":3}}},"2":{"name":"(anonymous_2)","decl":{"start":{"line":42,"column":2},"end":{"line":42,"column":7}},"loc":{"start":{"line":42,"column":112},"end":{"line":79,"column":3}}},"3":{"name":"(anonymous_3)","decl":{"start":{"line":64,"column":43},"end":{"line":64,"column":44}},"loc":{"start":{"line":64,"column":48},"end":{"line":64,"column":69}}},"4":{"name":"(anonymous_4)","decl":{"start":{"line":70,"column":58},"end":{"line":70,"column":null}},"loc":{"start":{"line":70,"column":58},"end":{"line":76,"column":5}}},"5":{"name":"(anonymous_5)","decl":{"start":{"line":73,"column":6},"end":{"line":73,"column":11}},"loc":{"start":{"line":73,"column":22},"end":{"line":75,"column":7}}},"6":{"name":"(anonymous_6)","decl":{"start":{"line":81,"column":2},"end":{"line":81,"column":7}},"loc":{"start":{"line":81,"column":63},"end":{"line":84,"column":3}}},"7":{"name":"(anonymous_7)","decl":{"start":{"line":86,"column":2},"end":{"line":86,"column":7}},"loc":{"start":{"line":86,"column":16},"end":{"line":88,"column":3}}},"8":{"name":"(anonymous_8)","decl":{"start":{"line":90,"column":2},"end":{"line":90,"column":7}},"loc":{"start":{"line":90,"column":35},"end":{"line":92,"column":3}}},"9":{"name":"(anonymous_9)","decl":{"start":{"line":94,"column":2},"end":{"line":94,"column":7}},"loc":{"start":{"line":94,"column":81},"end":{"line":97,"column":3}}},"10":{"name":"(anonymous_10)","decl":{"start":{"line":99,"column":2},"end":{"line":99,"column":7}},"loc":{"start":{"line":99,"column":84},"end":{"line":103,"column":3}}},"11":{"name":"(anonymous_11)","decl":{"start":{"line":102,"column":19},"end":{"line":102,"column":23}},"loc":{"start":{"line":102,"column":27},"end":{"line":102,"column":80}}},"12":{"name":"(anonymous_12)","decl":{"start":{"line":105,"column":2},"end":{"line":105,"column":7}},"loc":{"start":{"line":105,"column":14},"end":{"line":108,"column":3}}},"13":{"name":"(anonymous_13)","decl":{"start":{"line":107,"column":19},"end":{"line":107,"column":23}},"loc":{"start":{"line":107,"column":27},"end":{"line":107,"column":80}}},"14":{"name":"(anonymous_14)","decl":{"start":{"line":110,"column":2},"end":{"line":110,"column":7}},"loc":{"start":{"line":110,"column":95},"end":{"line":113,"column":3}}},"15":{"name":"(anonymous_15)","decl":{"start":{"line":115,"column":2},"end":{"line":115,"column":7}},"loc":{"start":{"line":115,"column":84},"end":{"line":118,"column":3}}},"16":{"name":"(anonymous_16)","decl":{"start":{"line":120,"column":2},"end":{"line":120,"column":7}},"loc":{"start":{"line":120,"column":134},"end":{"line":124,"column":3}}},"17":{"name":"(anonymous_17)","decl":{"start":{"line":126,"column":2},"end":{"line":126,"column":7}},"loc":{"start":{"line":126,"column":126},"end":{"line":130,"column":3}}},"18":{"name":"(anonymous_18)","decl":{"start":{"line":132,"column":2},"end":{"line":132,"column":7}},"loc":{"start":{"line":132,"column":34},"end":{"line":134,"column":3}}},"19":{"name":"(anonymous_19)","decl":{"start":{"line":136,"column":2},"end":{"line":136,"column":7}},"loc":{"start":{"line":136,"column":50},"end":{"line":139,"column":3}}},"20":{"name":"(anonymous_20)","decl":{"start":{"line":141,"column":2},"end":{"line":141,"column":26}},"loc":{"start":{"line":141,"column":85},"end":{"line":147,"column":3}}},"21":{"name":"(anonymous_21)","decl":{"start":{"line":142,"column":37},"end":{"line":142,"column":38}},"loc":{"start":{"line":142,"column":54},"end":{"line":146,"column":5}}},"22":{"name":"(anonymous_22)","decl":{"start":{"line":149,"column":2},"end":{"line":149,"column":26}},"loc":{"start":{"line":149,"column":106},"end":{"line":155,"column":3}}},"23":{"name":"(anonymous_23)","decl":{"start":{"line":150,"column":37},"end":{"line":150,"column":38}},"loc":{"start":{"line":150,"column":58},"end":{"line":154,"column":5}}},"24":{"name":"(anonymous_24)","decl":{"start":{"line":157,"column":2},"end":{"line":157,"column":26}},"loc":{"start":{"line":157,"column":70},"end":{"line":163,"column":3}}},"25":{"name":"(anonymous_25)","decl":{"start":{"line":158,"column":37},"end":{"line":158,"column":38}},"loc":{"start":{"line":158,"column":52},"end":{"line":162,"column":5}}}},"branchMap":{"0":{"loc":{"start":{"line":30,"column":51},"end":{"line":30,"column":90}},"type":"default-arg","locations":[{"start":{"line":30,"column":88},"end":{"line":30,"column":90}}]},"1":{"loc":{"start":{"line":39,"column":65},"end":{"line":39,"column":124}},"type":"binary-expr","locations":[{"start":{"line":39,"column":65},"end":{"line":39,"column":81}},{"start":{"line":39,"column":85},"end":{"line":39,"column":124}}]},"2":{"loc":{"start":{"line":42,"column":75},"end":{"line":42,"column":112}},"type":"default-arg","locations":[{"start":{"line":42,"column":107},"end":{"line":42,"column":112}}]},"3":{"loc":{"start":{"line":49,"column":10},"end":{"line":57,"column":8}},"type":"binary-expr","locations":[{"start":{"line":49,"column":10},"end":{"line":49,"column":31}},{"start":{"line":49,"column":35},"end":{"line":57,"column":8}}]},"4":{"loc":{"start":{"line":64,"column":14},"end":{"line":64,"column":87}},"type":"cond-expr","locations":[{"start":{"line":64,"column":70},"end":{"line":64,"column":72}},{"start":{"line":64,"column":70},"end":{"line":64,"column":87}}]},"5":{"loc":{"start":{"line":64,"column":14},"end":{"line":64,"column":72}},"type":"binary-expr","locations":[{"start":{"line":64,"column":14},"end":{"line":64,"column":72}},{"start":{"line":64,"column":70},"end":{"line":64,"column":72}}]},"6":{"loc":{"start":{"line":65,"column":4},"end":{"line":67,"column":5}},"type":"if","locations":[{"start":{"line":65,"column":4},"end":{"line":67,"column":5}}]},"7":{"loc":{"start":{"line":143,"column":6},"end":{"line":145,"column":7}},"type":"if","locations":[{"start":{"line":143,"column":6},"end":{"line":145,"column":7}}]},"8":{"loc":{"start":{"line":151,"column":6},"end":{"line":153,"column":7}},"type":"if","locations":[{"start":{"line":151,"column":6},"end":{"line":153,"column":7}}]},"9":{"loc":{"start":{"line":159,"column":6},"end":{"line":161,"column":7}},"type":"if","locations":[{"start":{"line":159,"column":6},"end":{"line":161,"column":7}}]}},"s":{"0":6,"1":6,"2":297,"3":297,"4":297,"5":257,"6":257,"7":257,"8":257,"9":257,"10":257,"11":257,"12":319,"13":257,"14":0,"15":257,"16":257,"17":253,"18":257,"19":58,"20":58,"21":1,"22":4,"23":4,"24":4,"25":1,"26":1,"27":1,"28":2,"29":7,"30":7,"31":7,"32":6,"33":6,"34":2,"35":2,"36":0,"37":0,"38":0,"39":2,"40":2,"41":2,"42":1,"43":1,"44":1,"45":0,"46":0,"47":0,"48":0,"49":0,"50":0,"51":0,"52":0,"53":0,"54":6},"f":{"0":297,"1":257,"2":257,"3":319,"4":257,"5":253,"6":58,"7":1,"8":4,"9":4,"10":1,"11":2,"12":7,"13":7,"14":6,"15":2,"16":0,"17":2,"18":1,"19":1,"20":0,"21":0,"22":0,"23":0,"24":0,"25":0},"b":{"0":[79],"1":[257,195],"2":[100],"3":[257,100],"4":[0,257],"5":[257,257],"6":[0],"7":[0],"8":[0],"9":[0]}}
,"/home/vinicius/Github/modular-sync/packages/sync-core/src/common/repository-factory.ts": {"path":"/home/vinicius/Github/modular-sync/packages/sync-core/src/common/repository-factory.ts","statementMap":{"0":{"start":{"line":5,"column":0},"end":{"line":5,"column":49}},"1":{"start":{"line":14,"column":4},"end":{"line":14,"column":101}},"2":{"start":{"line":7,"column":0},"end":{"line":7,"column":13}}},"fnMap":{"0":{"name":"(anonymous_0)","decl":{"start":{"line":8,"column":2},"end":{"line":8,"column":8}},"loc":{"start":{"line":13,"column":76},"end":{"line":15,"column":3}}}},"branchMap":{},"s":{"0":6,"1":157,"2":6},"f":{"0":157},"b":{}}
,"/home/vinicius/Github/modular-sync/packages/sync-core/src/helpers/get-converter-fn-by-schema-type.ts": {"path":"/home/vinicius/Github/modular-sync/packages/sync-core/src/helpers/get-converter-fn-by-schema-type.ts","statementMap":{"0":{"start":{"line":1,"column":0},"end":{"line":1,"column":69}},"1":{"start":{"line":4,"column":2},"end":{"line":21,"column":3}},"2":{"start":{"line":6,"column":6},"end":{"line":6,"column":24}},"3":{"start":{"line":8,"column":6},"end":{"line":8,"column":25}},"4":{"start":{"line":10,"column":6},"end":{"line":10,"column":23}},"5":{"start":{"line":12,"column":6},"end":{"line":12,"column":25}},"6":{"start":{"line":14,"column":6},"end":{"line":14,"column":22}},"7":{"start":{"line":16,"column":6},"end":{"line":16,"column":22}},"8":{"start":{"line":18,"column":6},"end":{"line":18,"column":20}},"9":{"start":{"line":20,"column":6},"end":{"line":20,"column":29}},"10":{"start":{"line":23,"column":2},"end":{"line":25,"column":3}},"11":{"start":{"line":24,"column":4},"end":{"line":24,"column":null}},"12":{"start":{"line":27,"column":2},"end":{"line":27,"column":null}},"13":{"start":{"line":3,"column":0},"end":{"line":3,"column":16}}},"fnMap":{"0":{"name":"getConverterFnBySchemaType","decl":{"start":{"line":3,"column":16},"end":{"line":3,"column":42}},"loc":{"start":{"line":3,"column":64},"end":{"line":28,"column":1}}}},"branchMap":{"0":{"loc":{"start":{"line":4,"column":2},"end":{"line":21,"column":3}},"type":"switch","locations":[{"start":{"line":5,"column":4},"end":{"line":6,"column":24}},{"start":{"line":7,"column":4},"end":{"line":8,"column":25}},{"start":{"line":9,"column":4},"end":{"line":10,"column":23}},{"start":{"line":11,"column":4},"end":{"line":12,"column":25}},{"start":{"line":13,"column":4},"end":{"line":14,"column":22}},{"start":{"line":15,"column":4},"end":{"line":16,"column":22}},{"start":{"line":17,"column":4},"end":{"line":18,"column":20}},{"start":{"line":19,"column":4},"end":{"line":20,"column":29}}]},"1":{"loc":{"start":{"line":23,"column":2},"end":{"line":25,"column":3}},"type":"if","locations":[{"start":{"line":23,"column":2},"end":{"line":25,"column":3}}]},"2":{"loc":{"start":{"line":23,"column":6},"end":{"line":23,"column":22}},"type":"cond-expr","locations":[{"start":{"line":23,"column":16},"end":{"line":23,"column":18}},{"start":{"line":23,"column":6},"end":{"line":23,"column":22}}]},"3":{"loc":{"start":{"line":23,"column":6},"end":{"line":23,"column":18}},"type":"binary-expr","locations":[{"start":{"line":23,"column":6},"end":{"line":23,"column":18}},{"start":{"line":23,"column":6},"end":{"line":23,"column":18}}]}},"s":{"0":6,"1":584,"2":245,"3":68,"4":0,"5":97,"6":83,"7":0,"8":0,"9":0,"10":91,"11":91,"12":0,"13":6},"f":{"0":584},"b":{"0":[245,68,0,97,83,0,0,0],"1":[91],"2":[0,91],"3":[91,91]}}
,"/home/vinicius/Github/modular-sync/packages/sync-core/src/interfaces/database-adapter.ts": {"path":"/home/vinicius/Github/modular-sync/packages/sync-core/src/interfaces/database-adapter.ts","statementMap":{"0":{"start":{"line":61,"column":0},"end":{"line":61,"column":13}},"1":{"start":{"line":67,"column":9},"end":{"line":67,"column":28}},"2":{"start":{"line":68,"column":9},"end":{"line":68,"column":36}},"3":{"start":{"line":69,"column":9},"end":{"line":69,"column":38}},"4":{"start":{"line":70,"column":9},"end":{"line":70,"column":34}},"5":{"start":{"line":71,"column":9},"end":{"line":71,"column":38}},"6":{"start":{"line":72,"column":9},"end":{"line":72,"column":32}},"7":{"start":{"line":73,"column":9},"end":{"line":73,"column":32}},"8":{"start":{"line":74,"column":9},"end":{"line":74,"column":46}},"9":{"start":{"line":82,"column":9},"end":{"line":85,"column":5}},"10":{"start":{"line":82,"column":60},"end":{"line":85,"column":4}}},"fnMap":{"0":{"name":"(anonymous_0)","decl":{"start":{"line":82,"column":22},"end":{"line":82,"column":23}},"loc":{"start":{"line":82,"column":60},"end":{"line":85,"column":4}}}},"branchMap":{},"s":{"0":6,"1":6,"2":6,"3":6,"4":6,"5":6,"6":6,"7":6,"8":6,"9":6,"10":120},"f":{"0":120},"b":{}}
,"/home/vinicius/Github/modular-sync/packages/sync-core/src/interfaces/http-method.ts": {"path":"/home/vinicius/Github/modular-sync/packages/sync-core/src/interfaces/http-method.ts","statementMap":{"0":{"start":{"line":1,"column":0},"end":{"line":1,"column":null}},"1":{"start":{"line":2,"column":2},"end":{"line":2,"column":null}},"2":{"start":{"line":3,"column":2},"end":{"line":3,"column":null}},"3":{"start":{"line":4,"column":2},"end":{"line":4,"column":null}},"4":{"start":{"line":5,"column":2},"end":{"line":5,"column":null}}},"fnMap":{"0":{"name":"(anonymous_0)","decl":{"start":{"line":1,"column":0},"end":{"line":1,"column":12}},"loc":{"start":{"line":1,"column":22},"end":{"line":6,"column":1}}}},"branchMap":{"0":{"loc":{"start":{"line":1,"column":12},"end":{"line":1,"column":null}},"type":"binary-expr","locations":[{"start":{"line":1,"column":12},"end":{"line":1,"column":22}},{"start":{"line":1,"column":22},"end":{"line":1,"column":null}}]}},"s":{"0":6,"1":6,"2":6,"3":6,"4":6},"f":{"0":6},"b":{"0":[6,6]}}
,"/home/vinicius/Github/modular-sync/packages/sync-core/src/migration/migration-runner.ts": {"path":"/home/vinicius/Github/modular-sync/packages/sync-core/src/migration/migration-runner.ts","statementMap":{"0":{"start":{"line":2,"column":0},"end":{"line":2,"column":75}},"1":{"start":{"line":6,"column":2},"end":{"line":6,"column":41}},"2":{"start":{"line":11,"column":4},"end":{"line":11,"column":31}},"3":{"start":{"line":15,"column":4},"end":{"line":19,"column":7}},"4":{"start":{"line":23,"column":4},"end":{"line":40,"column":5}},"5":{"start":{"line":24,"column":6},"end":{"line":39,"column":7}},"6":{"start":{"line":25,"column":23},"end":{"line":25,"column":49}},"7":{"start":{"line":27,"column":23},"end":{"line":27,"column":134}},"8":{"start":{"line":28,"column":8},"end":{"line":30,"column":9}},"9":{"start":{"line":29,"column":10},"end":{"line":29,"column":19}},"10":{"start":{"line":32,"column":8},"end":{"line":32,"column":48}},"11":{"start":{"line":34,"column":8},"end":{"line":38,"column":null}},"12":{"start":{"line":44,"column":4},"end":{"line":46,"column":5}},"13":{"start":{"line":45,"column":6},"end":{"line":45,"column":37}},"14":{"start":{"line":4,"column":0},"end":{"line":4,"column":13}},"15":{"start":{"line":8,"column":9},"end":{"line":8,"column":28}}},"fnMap":{"0":{"name":"(anonymous_0)","decl":{"start":{"line":10,"column":2},"end":{"line":10,"column":14}},"loc":{"start":{"line":10,"column":51},"end":{"line":12,"column":3}}},"1":{"name":"(anonymous_1)","decl":{"start":{"line":14,"column":2},"end":{"line":14,"column":7}},"loc":{"start":{"line":14,"column":16},"end":{"line":20,"column":3}}},"2":{"name":"(anonymous_2)","decl":{"start":{"line":22,"column":2},"end":{"line":22,"column":7}},"loc":{"start":{"line":22,"column":24},"end":{"line":41,"column":3}}},"3":{"name":"(anonymous_3)","decl":{"start":{"line":43,"column":2},"end":{"line":43,"column":19}},"loc":{"start":{"line":43,"column":46},"end":{"line":47,"column":3}}}},"branchMap":{"0":{"loc":{"start":{"line":24,"column":6},"end":{"line":39,"column":7}},"type":"if","locations":[{"start":{"line":24,"column":6},"end":{"line":39,"column":7}}]},"1":{"loc":{"start":{"line":25,"column":23},"end":{"line":25,"column":49}},"type":"binary-expr","locations":[{"start":{"line":25,"column":23},"end":{"line":25,"column":39}},{"start":{"line":25,"column":43},"end":{"line":25,"column":49}}]},"2":{"loc":{"start":{"line":28,"column":8},"end":{"line":30,"column":9}},"type":"if","locations":[{"start":{"line":28,"column":8},"end":{"line":30,"column":9}}]},"3":{"loc":{"start":{"line":36,"column":16},"end":{"line":36,"column":78}},"type":"binary-expr","locations":[{"start":{"line":36,"column":16},"end":{"line":36,"column":36}},{"start":{"line":36,"column":40},"end":{"line":36,"column":66}},{"start":{"line":36,"column":69},"end":{"line":36,"column":78}}]}},"s":{"0":6,"1":38,"2":38,"3":36,"4":36,"5":290,"6":290,"7":290,"8":290,"9":1,"10":289,"11":289,"12":293,"13":293,"14":6,"15":6},"f":{"0":38,"1":36,"2":36,"3":293},"b":{"0":[290],"1":[290,290],"2":[1],"3":[289,35,1]}}
,"/home/vinicius/Github/modular-sync/packages/sync-core/src/repositories/domain/domain-repository-constants.ts": {"path":"/home/vinicius/Github/modular-sync/packages/sync-core/src/repositories/domain/domain-repository-constants.ts","statementMap":{"0":{"start":{"line":1,"column":0},"end":{"line":1,"column":61}},"1":{"start":{"line":3,"column":0},"end":{"line":3,"column":80}},"2":{"start":{"line":5,"column":13},"end":{"line":5,"column":44}},"3":{"start":{"line":7,"column":13},"end":{"line":11,"column":null}}},"fnMap":{},"branchMap":{},"s":{"0":6,"1":6,"2":6,"3":6},"f":{},"b":{}}
,"/home/vinicius/Github/modular-sync/packages/sync-core/src/repositories/domain/domain-repository.ts": {"path":"/home/vinicius/Github/modular-sync/packages/sync-core/src/repositories/domain/domain-repository.ts","statementMap":{"0":{"start":{"line":2,"column":0},"end":{"line":2,"column":60}},"1":{"start":{"line":4,"column":0},"end":{"line":4,"column":75}},"2":{"start":{"line":8,"column":4},"end":{"line":8,"column":76}},"3":{"start":{"line":12,"column":23},"end":{"line":12,"column":87}},"4":{"start":{"line":14,"column":4},"end":{"line":16,"column":5}},"5":{"start":{"line":15,"column":6},"end":{"line":15,"column":16}},"6":{"start":{"line":18,"column":26},"end":{"line":18,"column":114}},"7":{"start":{"line":20,"column":28},"end":{"line":20,"column":70}},"8":{"start":{"line":20,"column":58},"end":{"line":20,"column":69}},"9":{"start":{"line":21,"column":27},"end":{"line":21,"column":159}},"10":{"start":{"line":21,"column":70},"end":{"line":21,"column":129}},"11":{"start":{"line":21,"column":147},"end":{"line":21,"column":158}},"12":{"start":{"line":22,"column":27},"end":{"line":22,"column":187}},"13":{"start":{"line":22,"column":76},"end":{"line":22,"column":185}},"14":{"start":{"line":24,"column":4},"end":{"line":24,"column":126}},"15":{"start":{"line":24,"column":63},"end":{"line":24,"column":124}},"16":{"start":{"line":28,"column":4},"end":{"line":28,"column":null}},"17":{"start":{"line":6,"column":0},"end":{"line":6,"column":13}}},"fnMap":{"0":{"name":"(anonymous_0)","decl":{"start":{"line":7,"column":2},"end":{"line":7,"column":null}},"loc":{"start":{"line":7,"column":2},"end":{"line":9,"column":3}}},"1":{"name":"(anonymous_1)","decl":{"start":{"line":11,"column":2},"end":{"line":11,"column":7}},"loc":{"start":{"line":11,"column":58},"end":{"line":25,"column":3}}},"2":{"name":"(anonymous_2)","decl":{"start":{"line":20,"column":46},"end":{"line":20,"column":47}},"loc":{"start":{"line":20,"column":58},"end":{"line":20,"column":69}}},"3":{"name":"(anonymous_3)","decl":{"start":{"line":21,"column":58},"end":{"line":21,"column":59}},"loc":{"start":{"line":21,"column":70},"end":{"line":21,"column":129}}},"4":{"name":"(anonymous_4)","decl":{"start":{"line":21,"column":135},"end":{"line":21,"column":136}},"loc":{"start":{"line":21,"column":147},"end":{"line":21,"column":158}}},"5":{"name":"(anonymous_5)","decl":{"start":{"line":22,"column":64},"end":{"line":22,"column":65}},"loc":{"start":{"line":22,"column":76},"end":{"line":22,"column":185}}},"6":{"name":"(anonymous_6)","decl":{"start":{"line":24,"column":53},"end":{"line":24,"column":54}},"loc":{"start":{"line":24,"column":63},"end":{"line":24,"column":124}}},"7":{"name":"(anonymous_7)","decl":{"start":{"line":27,"column":2},"end":{"line":27,"column":7}},"loc":{"start":{"line":27,"column":58},"end":{"line":29,"column":3}}}},"branchMap":{"0":{"loc":{"start":{"line":14,"column":4},"end":{"line":16,"column":5}},"type":"if","locations":[{"start":{"line":14,"column":4},"end":{"line":16,"column":5}}]},"1":{"loc":{"start":{"line":21,"column":70},"end":{"line":21,"column":129}},"type":"binary-expr","locations":[{"start":{"line":21,"column":70},"end":{"line":21,"column":108}},{"start":{"line":21,"column":112},"end":{"line":21,"column":129}}]},"2":{"loc":{"start":{"line":24,"column":98},"end":{"line":24,"column":108}},"type":"cond-expr","locations":[{"start":{"line":24,"column":98},"end":{"line":24,"column":102}},{"start":{"line":24,"column":106},"end":{"line":24,"column":108}}]},"3":{"loc":{"start":{"line":24,"column":98},"end":{"line":24,"column":106}},"type":"binary-expr","locations":[{"start":{"line":24,"column":98},"end":{"line":24,"column":106}},{"start":{"line":24,"column":98},"end":{"line":24,"column":106}}]}},"s":{"0":6,"1":6,"2":32,"3":3,"4":3,"5":1,"6":2,"7":2,"8":0,"9":2,"10":4,"11":2,"12":2,"13":2,"14":2,"15":2,"16":1,"17":6},"f":{"0":32,"1":3,"2":0,"3":4,"4":2,"5":2,"6":2,"7":1},"b":{"0":[1],"1":[4,4],"2":[2,0],"3":[2,2]}}
,"/home/vinicius/Github/modular-sync/packages/sync-core/src/repositories/repository/repository-repository-constants.ts": {"path":"/home/vinicius/Github/modular-sync/packages/sync-core/src/repositories/repository/repository-repository-constants.ts","statementMap":{"0":{"start":{"line":1,"column":0},"end":{"line":1,"column":61}},"1":{"start":{"line":3,"column":13},"end":{"line":3,"column":53}},"2":{"start":{"line":5,"column":13},"end":{"line":9,"column":null}}},"fnMap":{},"branchMap":{},"s":{"0":6,"1":6,"2":6},"f":{},"b":{}}
,"/home/vinicius/Github/modular-sync/packages/sync-core/src/repositories/repository/repository-repository.ts": {"path":"/home/vinicius/Github/modular-sync/packages/sync-core/src/repositories/repository/repository-repository.ts","statementMap":{"0":{"start":{"line":1,"column":0},"end":{"line":1,"column":60}},"1":{"start":{"line":3,"column":0},"end":{"line":3,"column":87}},"2":{"start":{"line":7,"column":4},"end":{"line":7,"column":78}},"3":{"start":{"line":11,"column":4},"end":{"line":11,"column":null}},"4":{"start":{"line":15,"column":4},"end":{"line":15,"column":null}},"5":{"start":{"line":5,"column":0},"end":{"line":5,"column":13}}},"fnMap":{"0":{"name":"(anonymous_0)","decl":{"start":{"line":6,"column":2},"end":{"line":6,"column":null}},"loc":{"start":{"line":6,"column":2},"end":{"line":8,"column":3}}},"1":{"name":"(anonymous_1)","decl":{"start":{"line":10,"column":2},"end":{"line":10,"column":7}},"loc":{"start":{"line":10,"column":30},"end":{"line":12,"column":3}}},"2":{"name":"(anonymous_2)","decl":{"start":{"line":14,"column":2},"end":{"line":14,"column":7}},"loc":{"start":{"line":14,"column":44},"end":{"line":16,"column":3}}}},"branchMap":{},"s":{"0":6,"1":6,"2":32,"3":0,"4":0,"5":6},"f":{"0":32,"1":0,"2":0},"b":{}}
,"/home/vinicius/Github/modular-sync/packages/sync-core/src/server/server-domain.ts": {"path":"/home/vinicius/Github/modular-sync/packages/sync-core/src/server/server-domain.ts","statementMap":{"0":{"start":{"line":31,"column":4},"end":{"line":31,"column":43}},"1":{"start":{"line":32,"column":4},"end":{"line":32,"column":35}},"2":{"start":{"line":33,"column":4},"end":{"line":33,"column":21}},"3":{"start":{"line":34,"column":4},"end":{"line":34,"column":55}},"4":{"start":{"line":35,"column":4},"end":{"line":35,"column":37}},"5":{"start":{"line":36,"column":4},"end":{"line":36,"column":40}},"6":{"start":{"line":44,"column":4},"end":{"line":44,"column":33}},"7":{"start":{"line":47,"column":4},"end":{"line":49,"column":5}},"8":{"start":{"line":48,"column":6},"end":{"line":48,"column":38}},"9":{"start":{"line":51,"column":4},"end":{"line":51,"column":41}},"10":{"start":{"line":52,"column":4},"end":{"line":54,"column":5}},"11":{"start":{"line":53,"column":6},"end":{"line":53,"column":61}},"12":{"start":{"line":8,"column":0},"end":{"line":8,"column":13}}},"fnMap":{"0":{"name":"(anonymous_0)","decl":{"start":{"line":23,"column":2},"end":{"line":23,"column":14}},"loc":{"start":{"line":30,"column":24},"end":{"line":37,"column":3}}},"1":{"name":"(anonymous_1)","decl":{"start":{"line":43,"column":2},"end":{"line":43,"column":7}},"loc":{"start":{"line":43,"column":45},"end":{"line":55,"column":3}}}},"branchMap":{"0":{"loc":{"start":{"line":28,"column":4},"end":{"line":28,"column":21}},"type":"default-arg","locations":[{"start":{"line":28,"column":19},"end":{"line":28,"column":21}}]},"1":{"loc":{"start":{"line":36,"column":21},"end":{"line":36,"column":39}},"type":"cond-expr","locations":[{"start":{"line":36,"column":21},"end":{"line":36,"column":30}},{"start":{"line":36,"column":34},"end":{"line":36,"column":39}}]},"2":{"loc":{"start":{"line":36,"column":21},"end":{"line":36,"column":34}},"type":"binary-expr","locations":[{"start":{"line":36,"column":21},"end":{"line":36,"column":34}},{"start":{"line":36,"column":21},"end":{"line":36,"column":34}}]},"3":{"loc":{"start":{"line":52,"column":4},"end":{"line":54,"column":5}},"type":"if","locations":[{"start":{"line":52,"column":4},"end":{"line":54,"column":5}}]}},"s":{"0":70,"1":70,"2":70,"3":70,"4":70,"5":70,"6":64,"7":64,"8":197,"9":64,"10":64,"11":32,"12":6},"f":{"0":70,"1":64},"b":{"0":[0],"1":[32,38],"2":[70,70],"3":[32]}}
,"/home/vinicius/Github/modular-sync/packages/sync-core/src/server/server-sync-engine.ts": {"path":"/home/vinicius/Github/modular-sync/packages/sync-core/src/server/server-sync-engine.ts","statementMap":{"0":{"start":{"line":3,"column":0},"end":{"line":3,"column":45}},"1":{"start":{"line":4,"column":0},"end":{"line":4,"column":53}},"2":{"start":{"line":8,"column":0},"end":{"line":8,"column":86}},"3":{"start":{"line":9,"column":0},"end":{"line":9,"column":74}},"4":{"start":{"line":11,"column":0},"end":{"line":11,"column":67}},"5":{"start":{"line":12,"column":0},"end":{"line":12,"column":74}},"6":{"start":{"line":13,"column":0},"end":{"line":13,"column":62}},"7":{"start":{"line":14,"column":0},"end":{"line":14,"column":93}},"8":{"start":{"line":15,"column":0},"end":{"line":15,"column":null}},"9":{"start":{"line":40,"column":4},"end":{"line":40,"column":27}},"10":{"start":{"line":41,"column":4},"end":{"line":41,"column":45}},"11":{"start":{"line":42,"column":4},"end":{"line":42,"column":39}},"12":{"start":{"line":43,"column":4},"end":{"line":43,"column":33}},"13":{"start":{"line":44,"column":4},"end":{"line":44,"column":80}},"14":{"start":{"line":45,"column":4},"end":{"line":45,"column":102}},"15":{"start":{"line":49,"column":4},"end":{"line":49,"column":40}},"16":{"start":{"line":51,"column":4},"end":{"line":51,"column":null}},"17":{"start":{"line":52,"column":4},"end":{"line":52,"column":null}},"18":{"start":{"line":54,"column":4},"end":{"line":61,"column":7}},"19":{"start":{"line":62,"column":4},"end":{"line":62,"column":43}},"20":{"start":{"line":64,"column":4},"end":{"line":64,"column":41}},"21":{"start":{"line":66,"column":4},"end":{"line":66,"column":172}},"22":{"start":{"line":67,"column":4},"end":{"line":67,"column":175}},"23":{"start":{"line":68,"column":4},"end":{"line":68,"column":166}},"24":{"start":{"line":69,"column":4},"end":{"line":69,"column":131}},"25":{"start":{"line":71,"column":4},"end":{"line":71,"column":181}},"26":{"start":{"line":73,"column":4},"end":{"line":76,"column":5}},"27":{"start":{"line":75,"column":6},"end":{"line":75,"column":34}},"28":{"start":{"line":78,"column":4},"end":{"line":78,"column":null}},"29":{"start":{"line":79,"column":4},"end":{"line":79,"column":null}},"30":{"start":{"line":81,"column":4},"end":{"line":81,"column":16}},"31":{"start":{"line":85,"column":27},"end":{"line":85,"column":40}},"32":{"start":{"line":87,"column":27},"end":{"line":87,"column":80}},"33":{"start":{"line":89,"column":4},"end":{"line":91,"column":5}},"34":{"start":{"line":90,"column":6},"end":{"line":90,"column":null}},"35":{"start":{"line":93,"column":4},"end":{"line":93,"column":26}},"36":{"start":{"line":97,"column":19},"end":{"line":97,"column":39}},"37":{"start":{"line":98,"column":4},"end":{"line":98,"column":71}},"38":{"start":{"line":102,"column":23},"end":{"line":102,"column":35}},"39":{"start":{"line":103,"column":20},"end":{"line":103,"column":68}},"40":{"start":{"line":105,"column":4},"end":{"line":107,"column":5}},"41":{"start":{"line":106,"column":6},"end":{"line":106,"column":57}},"42":{"start":{"line":109,"column":23},"end":{"line":112,"column":26}},"43":{"start":{"line":114,"column":4},"end":{"line":124,"column":5}},"44":{"start":{"line":115,"column":6},"end":{"line":117,"column":7}},"45":{"start":{"line":116,"column":8},"end":{"line":116,"column":17}},"46":{"start":{"line":119,"column":6},"end":{"line":123,"column":null}},"47":{"start":{"line":126,"column":4},"end":{"line":126,"column":29}},"48":{"start":{"line":130,"column":27},"end":{"line":130,"column":40}},"49":{"start":{"line":132,"column":4},"end":{"line":132,"column":67}},"50":{"start":{"line":133,"column":4},"end":{"line":133,"column":72}},"51":{"start":{"line":135,"column":4},"end":{"line":135,"column":27}},"52":{"start":{"line":139,"column":29},"end":{"line":139,"column":42}},"53":{"start":{"line":141,"column":4},"end":{"line":141,"column":74}},"54":{"start":{"line":22,"column":0},"end":{"line":22,"column":13}}},"fnMap":{"0":{"name":"(anonymous_0)","decl":{"start":{"line":39,"column":2},"end":{"line":39,"column":14}},"loc":{"start":{"line":39,"column":137},"end":{"line":46,"column":3}}},"1":{"name":"(anonymous_1)","decl":{"start":{"line":48,"column":2},"end":{"line":48,"column":7}},"loc":{"start":{"line":48,"column":16},"end":{"line":82,"column":3}}},"2":{"name":"(anonymous_2)","decl":{"start":{"line":84,"column":2},"end":{"line":84,"column":7}},"loc":{"start":{"line":84,"column":53},"end":{"line":94,"column":3}}},"3":{"name":"(anonymous_3)","decl":{"start":{"line":96,"column":2},"end":{"line":96,"column":7}},"loc":{"start":{"line":96,"column":55},"end":{"line":99,"column":3}}},"4":{"name":"(anonymous_4)","decl":{"start":{"line":101,"column":2},"end":{"line":101,"column":7}},"loc":{"start":{"line":101,"column":55},"end":{"line":127,"column":3}}},"5":{"name":"(anonymous_5)","decl":{"start":{"line":129,"column":2},"end":{"line":129,"column":7}},"loc":{"start":{"line":129,"column":55},"end":{"line":136,"column":3}}},"6":{"name":"(anonymous_6)","decl":{"start":{"line":138,"column":2},"end":{"line":138,"column":7}},"loc":{"start":{"line":138,"column":61},"end":{"line":142,"column":3}}}},"branchMap":{"0":{"loc":{"start":{"line":45,"column":52},"end":{"line":45,"column":101}},"type":"cond-expr","locations":[{"start":{"line":45,"column":52},"end":{"line":45,"column":92}},{"start":{"line":45,"column":96},"end":{"line":45,"column":101}}]},"1":{"loc":{"start":{"line":45,"column":52},"end":{"line":45,"column":96}},"type":"binary-expr","locations":[{"start":{"line":45,"column":52},"end":{"line":45,"column":96}},{"start":{"line":45,"column":52},"end":{"line":45,"column":96}}]},"2":{"loc":{"start":{"line":89,"column":4},"end":{"line":91,"column":5}},"type":"if","locations":[{"start":{"line":89,"column":4},"end":{"line":91,"column":5}}]},"3":{"loc":{"start":{"line":105,"column":4},"end":{"line":107,"column":5}},"type":"if","locations":[{"start":{"line":105,"column":4},"end":{"line":107,"column":5}}]},"4":{"loc":{"start":{"line":105,"column":9},"end":{"line":105,"column":20}},"type":"cond-expr","locations":[{"start":{"line":105,"column":16},"end":{"line":105,"column":18}},{"start":{"line":105,"column":9},"end":{"line":105,"column":20}}]},"5":{"loc":{"start":{"line":105,"column":9},"end":{"line":105,"column":18}},"type":"binary-expr","locations":[{"start":{"line":105,"column":9},"end":{"line":105,"column":18}},{"start":{"line":105,"column":9},"end":{"line":105,"column":18}}]},"6":{"loc":{"start":{"line":115,"column":6},"end":{"line":117,"column":7}},"type":"if","locations":[{"start":{"line":115,"column":6},"end":{"line":117,"column":7}}]}},"s":{"0":6,"1":6,"2":6,"3":6,"4":6,"5":6,"6":6,"7":6,"8":6,"9":38,"10":38,"11":38,"12":38,"13":38,"14":38,"15":32,"16":32,"17":32,"18":32,"19":32,"20":32,"21":32,"22":32,"23":32,"24":32,"25":32,"26":32,"27":64,"28":32,"29":32,"30":32,"31":0,"32":0,"33":0,"34":0,"35":0,"36":0,"37":0,"38":2,"39":2,"40":2,"41":0,"42":2,"43":2,"44":4,"45":2,"46":2,"47":2,"48":0,"49":0,"50":0,"51":0,"52":0,"53":0,"54":6},"f":{"0":38,"1":32,"2":0,"3":0,"4":2,"5":0,"6":0},"b":{"0":[0,38],"1":[38,38],"2":[0],"3":[0],"4":[0,2],"5":[2,2],"6":[2]}}
,"/home/vinicius/Github/modular-sync/packages/sync-core/src/server/constants/router-joi-schemas.ts": {"path":"/home/vinicius/Github/modular-sync/packages/sync-core/src/server/constants/router-joi-schemas.ts","statementMap":{"0":{"start":{"line":1,"column":0},"end":{"line":1,"column":22}},"1":{"start":{"line":3,"column":13},"end":{"line":5,"column":3}},"2":{"start":{"line":7,"column":13},"end":{"line":9,"column":3}},"3":{"start":{"line":8,"column":58},"end":{"line":8,"column":75}},"4":{"start":{"line":11,"column":13},"end":{"line":13,"column":null}},"5":{"start":{"line":15,"column":13},"end":{"line":17,"column":null}}},"fnMap":{"0":{"name":"(anonymous_1)","decl":{"start":{"line":8,"column":47},"end":{"line":8,"column":48}},"loc":{"start":{"line":8,"column":58},"end":{"line":8,"column":75}}}},"branchMap":{},"s":{"0":6,"1":6,"2":6,"3":0,"4":6,"5":6},"f":{"0":0},"b":{}}
,"/home/vinicius/Github/modular-sync/packages/sync-core/src/server/constants/user-entity-name.ts": {"path":"/home/vinicius/Github/modular-sync/packages/sync-core/src/server/constants/user-entity-name.ts","statementMap":{"0":{"start":{"line":1,"column":13},"end":{"line":1,"column":41}}},"fnMap":{},"branchMap":{},"s":{"0":6},"f":{},"b":{}}
,"/home/vinicius/Github/modular-sync/packages/sync-core/src/server/enums/dynamic-fields-strategy.ts": {"path":"/home/vinicius/Github/modular-sync/packages/sync-core/src/server/enums/dynamic-fields-strategy.ts","statementMap":{"0":{"start":{"line":2,"column":0},"end":{"line":2,"column":null}},"1":{"start":{"line":7,"column":2},"end":{"line":7,"column":null}},"2":{"start":{"line":13,"column":2},"end":{"line":13,"column":null}}},"fnMap":{"0":{"name":"(anonymous_0)","decl":{"start":{"line":2,"column":0},"end":{"line":2,"column":12}},"loc":{"start":{"line":2,"column":33},"end":{"line":14,"column":1}}}},"branchMap":{"0":{"loc":{"start":{"line":2,"column":12},"end":{"line":2,"column":null}},"type":"binary-expr","locations":[{"start":{"line":2,"column":12},"end":{"line":2,"column":33}},{"start":{"line":2,"column":33},"end":{"line":2,"column":null}}]}},"s":{"0":6,"1":6,"2":6},"f":{"0":6},"b":{"0":[6,6]}}
,"/home/vinicius/Github/modular-sync/packages/sync-core/src/server/exceptions/conflict-exception.ts": {"path":"/home/vinicius/Github/modular-sync/packages/sync-core/src/server/exceptions/conflict-exception.ts","statementMap":{"0":{"start":{"line":1,"column":0},"end":{"line":1,"column":47}},"1":{"start":{"line":5,"column":4},"end":{"line":5,"column":36}},"2":{"start":{"line":3,"column":0},"end":{"line":3,"column":13}}},"fnMap":{"0":{"name":"(anonymous_0)","decl":{"start":{"line":4,"column":2},"end":{"line":4,"column":14}},"loc":{"start":{"line":4,"column":29},"end":{"line":6,"column":3}}}},"branchMap":{},"s":{"0":6,"1":0,"2":6},"f":{"0":0},"b":{}}
,"/home/vinicius/Github/modular-sync/packages/sync-core/src/server/exceptions/forbidden-exception.ts": {"path":"/home/vinicius/Github/modular-sync/packages/sync-core/src/server/exceptions/forbidden-exception.ts","statementMap":{"0":{"start":{"line":1,"column":0},"end":{"line":1,"column":47}},"1":{"start":{"line":5,"column":4},"end":{"line":5,"column":37}},"2":{"start":{"line":3,"column":0},"end":{"line":3,"column":13}}},"fnMap":{"0":{"name":"(anonymous_0)","decl":{"start":{"line":4,"column":2},"end":{"line":4,"column":14}},"loc":{"start":{"line":4,"column":29},"end":{"line":6,"column":3}}}},"branchMap":{},"s":{"0":6,"1":0,"2":6},"f":{"0":0},"b":{}}
,"/home/vinicius/Github/modular-sync/packages/sync-core/src/server/exceptions/http-exception.ts": {"path":"/home/vinicius/Github/modular-sync/packages/sync-core/src/server/exceptions/http-exception.ts","statementMap":{"0":{"start":{"line":8,"column":6},"end":{"line":8,"column":30}},"1":{"start":{"line":9,"column":6},"end":{"line":9,"column":33}},"2":{"start":{"line":10,"column":6},"end":{"line":10,"column":36}},"3":{"start":{"line":11,"column":6},"end":{"line":11,"column":29}},"4":{"start":{"line":1,"column":0},"end":{"line":1,"column":13}}},"fnMap":{"0":{"name":"(anonymous_0)","decl":{"start":{"line":7,"column":4},"end":{"line":7,"column":16}},"loc":{"start":{"line":7,"column":70},"end":{"line":12,"column":5}}}},"branchMap":{},"s":{"0":0,"1":0,"2":0,"3":0,"4":6},"f":{"0":0},"b":{}}
,"/home/vinicius/Github/modular-sync/packages/sync-core/src/server/exceptions/internal-errror-exception.ts": {"path":"/home/vinicius/Github/modular-sync/packages/sync-core/src/server/exceptions/internal-errror-exception.ts","statementMap":{"0":{"start":{"line":1,"column":0},"end":{"line":1,"column":47}},"1":{"start":{"line":5,"column":4},"end":{"line":5,"column":49}},"2":{"start":{"line":3,"column":0},"end":{"line":3,"column":13}}},"fnMap":{"0":{"name":"(anonymous_0)","decl":{"start":{"line":4,"column":2},"end":{"line":4,"column":14}},"loc":{"start":{"line":4,"column":29},"end":{"line":6,"column":3}}}},"branchMap":{},"s":{"0":6,"1":0,"2":6},"f":{"0":0},"b":{}}
,"/home/vinicius/Github/modular-sync/packages/sync-core/src/server/exceptions/not-found-exception.ts": {"path":"/home/vinicius/Github/modular-sync/packages/sync-core/src/server/exceptions/not-found-exception.ts","statementMap":{"0":{"start":{"line":1,"column":0},"end":{"line":1,"column":47}},"1":{"start":{"line":5,"column":4},"end":{"line":5,"column":37}},"2":{"start":{"line":3,"column":0},"end":{"line":3,"column":13}}},"fnMap":{"0":{"name":"(anonymous_0)","decl":{"start":{"line":4,"column":2},"end":{"line":4,"column":14}},"loc":{"start":{"line":4,"column":29},"end":{"line":6,"column":3}}}},"branchMap":{},"s":{"0":6,"1":0,"2":6},"f":{"0":0},"b":{}}
,"/home/vinicius/Github/modular-sync/packages/sync-core/src/server/exceptions/unauthorized-exception.ts": {"path":"/home/vinicius/Github/modular-sync/packages/sync-core/src/server/exceptions/unauthorized-exception.ts","statementMap":{"0":{"start":{"line":1,"column":0},"end":{"line":1,"column":47}},"1":{"start":{"line":5,"column":4},"end":{"line":5,"column":40}},"2":{"start":{"line":3,"column":0},"end":{"line":3,"column":13}}},"fnMap":{"0":{"name":"(anonymous_0)","decl":{"start":{"line":4,"column":2},"end":{"line":4,"column":14}},"loc":{"start":{"line":4,"column":29},"end":{"line":6,"column":3}}}},"branchMap":{},"s":{"0":6,"1":0,"2":6},"f":{"0":0},"b":{}}
,"/home/vinicius/Github/modular-sync/packages/sync-core/src/server/exceptions/unprocessable-entity-exception.ts": {"path":"/home/vinicius/Github/modular-sync/packages/sync-core/src/server/exceptions/unprocessable-entity-exception.ts","statementMap":{"0":{"start":{"line":1,"column":0},"end":{"line":1,"column":47}},"1":{"start":{"line":5,"column":4},"end":{"line":5,"column":48}},"2":{"start":{"line":3,"column":0},"end":{"line":3,"column":13}}},"fnMap":{"0":{"name":"(anonymous_0)","decl":{"start":{"line":4,"column":2},"end":{"line":4,"column":14}},"loc":{"start":{"line":4,"column":29},"end":{"line":6,"column":3}}}},"branchMap":{},"s":{"0":6,"1":0,"2":6},"f":{"0":0},"b":{}}
,"/home/vinicius/Github/modular-sync/packages/sync-core/src/server/interfaces/merge-engine.ts": {"path":"/home/vinicius/Github/modular-sync/packages/sync-core/src/server/interfaces/merge-engine.ts","statementMap":{"0":{"start":{"line":43,"column":0},"end":{"line":43,"column":null}},"1":{"start":{"line":44,"column":2},"end":{"line":44,"column":null}},"2":{"start":{"line":45,"column":2},"end":{"line":45,"column":null}},"3":{"start":{"line":46,"column":2},"end":{"line":46,"column":null}},"4":{"start":{"line":47,"column":2},"end":{"line":47,"column":null}},"5":{"start":{"line":48,"column":2},"end":{"line":48,"column":null}},"6":{"start":{"line":49,"column":2},"end":{"line":49,"column":null}}},"fnMap":{"0":{"name":"(anonymous_0)","decl":{"start":{"line":43,"column":0},"end":{"line":43,"column":12}},"loc":{"start":{"line":43,"column":34},"end":{"line":50,"column":1}}}},"branchMap":{"0":{"loc":{"start":{"line":43,"column":12},"end":{"line":43,"column":null}},"type":"binary-expr","locations":[{"start":{"line":43,"column":12},"end":{"line":43,"column":34}},{"start":{"line":43,"column":34},"end":{"line":43,"column":null}}]}},"s":{"0":6,"1":6,"2":6,"3":6,"4":6,"5":6,"6":6},"f":{"0":6},"b":{"0":[6,6]}}
,"/home/vinicius/Github/modular-sync/packages/sync-database-merger/src/sync-database-merger.ts": {"path":"/home/vinicius/Github/modular-sync/packages/sync-database-merger/src/sync-database-merger.ts","statementMap":{"0":{"start":{"line":6,"column":0},"end":{"line":6,"column":71}},"1":{"start":{"line":8,"column":0},"end":{"line":8,"column":93}},"2":{"start":{"line":9,"column":0},"end":{"line":9,"column":92}},"3":{"start":{"line":11,"column":0},"end":{"line":11,"column":78}},"4":{"start":{"line":12,"column":0},"end":{"line":12,"column":110}},"5":{"start":{"line":13,"column":0},"end":{"line":13,"column":91}},"6":{"start":{"line":14,"column":0},"end":{"line":14,"column":94}},"7":{"start":{"line":16,"column":0},"end":{"line":16,"column":78}},"8":{"start":{"line":17,"column":0},"end":{"line":17,"column":78}},"9":{"start":{"line":18,"column":0},"end":{"line":18,"column":91}},"10":{"start":{"line":19,"column":0},"end":{"line":19,"column":91}},"11":{"start":{"line":20,"column":0},"end":{"line":20,"column":91}},"12":{"start":{"line":25,"column":2},"end":{"line":25,"column":56}},"13":{"start":{"line":26,"column":2},"end":{"line":26,"column":56}},"14":{"start":{"line":28,"column":2},"end":{"line":28,"column":52}},"15":{"start":{"line":29,"column":2},"end":{"line":29,"column":52}},"16":{"start":{"line":30,"column":2},"end":{"line":30,"column":52}},"17":{"start":{"line":31,"column":2},"end":{"line":31,"column":64}},"18":{"start":{"line":32,"column":2},"end":{"line":32,"column":64}},"19":{"start":{"line":33,"column":2},"end":{"line":33,"column":64}},"20":{"start":{"line":36,"column":4},"end":{"line":36,"column":33}},"21":{"start":{"line":39,"column":4},"end":{"line":39,"column":118}},"22":{"start":{"line":40,"column":4},"end":{"line":40,"column":118}},"23":{"start":{"line":41,"column":4},"end":{"line":41,"column":118}},"24":{"start":{"line":43,"column":4},"end":{"line":43,"column":55}},"25":{"start":{"line":44,"column":4},"end":{"line":44,"column":55}},"26":{"start":{"line":46,"column":4},"end":{"line":46,"column":51}},"27":{"start":{"line":47,"column":4},"end":{"line":47,"column":51}},"28":{"start":{"line":48,"column":4},"end":{"line":48,"column":51}},"29":{"start":{"line":49,"column":4},"end":{"line":49,"column":57}},"30":{"start":{"line":50,"column":4},"end":{"line":50,"column":57}},"31":{"start":{"line":51,"column":4},"end":{"line":51,"column":57}},"32":{"start":{"line":63,"column":29},"end":{"line":63,"column":82}},"33":{"start":{"line":64,"column":17},"end":{"line":64,"column":25}},"34":{"start":{"line":65,"column":19},"end":{"line":65,"column":53}},"35":{"start":{"line":67,"column":4},"end":{"line":67,"column":118}},"36":{"start":{"line":71,"column":4},"end":{"line":71,"column":68}},"37":{"start":{"line":77,"column":4},"end":{"line":77,"column":38}},"38":{"start":{"line":86,"column":27},"end":{"line":86,"column":109}},"39":{"start":{"line":87,"column":21},"end":{"line":87,"column":83}},"40":{"start":{"line":87,"column":51},"end":{"line":87,"column":82}},"41":{"start":{"line":89,"column":4},"end":{"line":91,"column":5}},"42":{"start":{"line":90,"column":6},"end":{"line":90,"column":null}},"43":{"start":{"line":93,"column":4},"end":{"line":95,"column":5}},"44":{"start":{"line":94,"column":6},"end":{"line":94,"column":64}},"45":{"start":{"line":97,"column":25},"end":{"line":97,"column":96}},"46":{"start":{"line":97,"column":64},"end":{"line":97,"column":95}},"47":{"start":{"line":99,"column":4},"end":{"line":101,"column":5}},"48":{"start":{"line":100,"column":6},"end":{"line":100,"column":73}},"49":{"start":{"line":103,"column":4},"end":{"line":107,"column":6}},"50":{"start":{"line":109,"column":4},"end":{"line":111,"column":5}},"51":{"start":{"line":110,"column":6},"end":{"line":110,"column":85}},"52":{"start":{"line":114,"column":4},"end":{"line":114,"column":78}},"53":{"start":{"line":118,"column":29},"end":{"line":125,"column":null}},"54":{"start":{"line":127,"column":4},"end":{"line":137,"column":5}},"55":{"start":{"line":128,"column":25},"end":{"line":128,"column":102}},"56":{"start":{"line":128,"column":62},"end":{"line":128,"column":101}},"57":{"start":{"line":130,"column":8},"end":{"line":134,"column":9}},"58":{"start":{"line":132,"column":10},"end":{"line":132,"column":null}},"59":{"start":{"line":133,"column":10},"end":{"line":133,"column":82}},"60":{"start":{"line":136,"column":6},"end":{"line":136,"column":95}},"61":{"start":{"line":141,"column":4},"end":{"line":141,"column":38}},"62":{"start":{"line":22,"column":0},"end":{"line":22,"column":13}}},"fnMap":{"0":{"name":"(anonymous_0)","decl":{"start":{"line":22,"column":0},"end":{"line":22,"column":13}},"loc":{"start":{"line":22,"column":0},"end":{"line":143,"column":1}}},"1":{"name":"(anonymous_1)","decl":{"start":{"line":35,"column":2},"end":{"line":35,"column":7}},"loc":{"start":{"line":35,"column":67},"end":{"line":52,"column":3}}},"2":{"name":"(anonymous_2)","decl":{"start":{"line":54,"column":2},"end":{"line":54,"column":7}},"loc":{"start":{"line":54,"column":39},"end":{"line":54,"column":43}}},"3":{"name":"(anonymous_3)","decl":{"start":{"line":62,"column":2},"end":{"line":62,"column":7}},"loc":{"start":{"line":62,"column":39},"end":{"line":68,"column":3}}},"4":{"name":"(anonymous_4)","decl":{"start":{"line":70,"column":10},"end":{"line":70,"column":27}},"loc":{"start":{"line":70,"column":56},"end":{"line":72,"column":3}}},"5":{"name":"(anonymous_5)","decl":{"start":{"line":74,"column":2},"end":{"line":74,"column":7}},"loc":{"start":{"line":74,"column":39},"end":{"line":74,"column":43}}},"6":{"name":"(anonymous_6)","decl":{"start":{"line":76,"column":2},"end":{"line":76,"column":6}},"loc":{"start":{"line":76,"column":47},"end":{"line":78,"column":3}}},"7":{"name":"(anonymous_7)","decl":{"start":{"line":85,"column":2},"end":{"line":85,"column":7}},"loc":{"start":{"line":85,"column":52},"end":{"line":115,"column":3}}},"8":{"name":"(anonymous_8)","decl":{"start":{"line":87,"column":41},"end":{"line":87,"column":47}},"loc":{"start":{"line":87,"column":51},"end":{"line":87,"column":82}}},"9":{"name":"(anonymous_9)","decl":{"start":{"line":97,"column":54},"end":{"line":97,"column":60}},"loc":{"start":{"line":97,"column":64},"end":{"line":97,"column":95}}},"10":{"name":"(anonymous_10)","decl":{"start":{"line":117,"column":2},"end":{"line":117,"column":7}},"loc":{"start":{"line":117,"column":87},"end":{"line":138,"column":3}}},"11":{"name":"(anonymous_11)","decl":{"start":{"line":128,"column":54},"end":{"line":128,"column":58}},"loc":{"start":{"line":128,"column":62},"end":{"line":128,"column":101}}},"12":{"name":"(anonymous_12)","decl":{"start":{"line":140,"column":2},"end":{"line":140,"column":6}},"loc":{"start":{"line":140,"column":40},"end":{"line":142,"column":3}}}},"branchMap":{"0":{"loc":{"start":{"line":89,"column":4},"end":{"line":91,"column":5}},"type":"if","locations":[{"start":{"line":89,"column":4},"end":{"line":91,"column":5}}]},"1":{"loc":{"start":{"line":93,"column":4},"end":{"line":95,"column":5}},"type":"if","locations":[{"start":{"line":93,"column":4},"end":{"line":95,"column":5}}]},"2":{"loc":{"start":{"line":99,"column":4},"end":{"line":101,"column":5}},"type":"if","locations":[{"start":{"line":99,"column":4},"end":{"line":101,"column":5}}]},"3":{"loc":{"start":{"line":109,"column":4},"end":{"line":111,"column":5}},"type":"if","locations":[{"start":{"line":109,"column":4},"end":{"line":111,"column":5}}]},"4":{"loc":{"start":{"line":130,"column":8},"end":{"line":134,"column":9}},"type":"if","locations":[{"start":{"line":130,"column":8},"end":{"line":134,"column":9}}]}},"s":{"0":7,"1":7,"2":7,"3":7,"4":7,"5":7,"6":7,"7":7,"8":7,"9":7,"10":7,"11":7,"12":33,"13":33,"14":33,"15":33,"16":33,"17":33,"18":33,"19":33,"20":33,"21":33,"22":33,"23":33,"24":33,"25":33,"26":33,"27":33,"28":33,"29":33,"30":33,"31":33,"32":9,"33":9,"34":9,"35":9,"36":9,"37":0,"38":9,"39":9,"40":9,"41":9,"42":0,"43":9,"44":1,"45":8,"46":8,"47":8,"48":0,"49":8,"50":3,"51":1,"52":3,"53":8,"54":8,"55":6,"56":6,"57":6,"58":0,"59":0,"60":6,"61":0,"62":7},"f":{"0":33,"1":33,"2":0,"3":9,"4":9,"5":0,"6":0,"7":9,"8":9,"9":8,"10":8,"11":6,"12":0},"b":{"0":[0],"1":[1],"2":[0],"3":[1],"4":[0]}}
,"/home/vinicius/Github/modular-sync/packages/sync-database-merger/src/push-strategies/create-dynamic-field-strategy.ts": {"path":"/home/vinicius/Github/modular-sync/packages/sync-database-merger/src/push-strategies/create-dynamic-field-strategy.ts","statementMap":{"0":{"start":{"line":2,"column":0},"end":{"line":2,"column":110}},"1":{"start":{"line":4,"column":0},"end":{"line":4,"column":91}},"2":{"start":{"line":10,"column":4},"end":{"line":10,"column":25}},"3":{"start":{"line":14,"column":29},"end":{"line":16,"column":6}},"4":{"start":{"line":18,"column":4},"end":{"line":20,"column":5}},"5":{"start":{"line":19,"column":6},"end":{"line":19,"column":13}},"6":{"start":{"line":22,"column":19},"end":{"line":22,"column":94}},"7":{"start":{"line":24,"column":4},"end":{"line":26,"column":5}},"8":{"start":{"line":25,"column":6},"end":{"line":25,"column":65}},"9":{"start":{"line":28,"column":4},"end":{"line":38,"column":7}},"10":{"start":{"line":40,"column":4},"end":{"line":49,"column":7}},"11":{"start":{"line":6,"column":0},"end":{"line":6,"column":13}}},"fnMap":{"0":{"name":"(anonymous_0)","decl":{"start":{"line":9,"column":2},"end":{"line":9,"column":7}},"loc":{"start":{"line":9,"column":28},"end":{"line":11,"column":3}}},"1":{"name":"(anonymous_1)","decl":{"start":{"line":13,"column":2},"end":{"line":13,"column":7}},"loc":{"start":{"line":13,"column":80},"end":{"line":50,"column":3}}}},"branchMap":{"0":{"loc":{"start":{"line":18,"column":4},"end":{"line":20,"column":5}},"type":"if","locations":[{"start":{"line":18,"column":4},"end":{"line":20,"column":5}}]},"1":{"loc":{"start":{"line":24,"column":4},"end":{"line":26,"column":5}},"type":"if","locations":[{"start":{"line":24,"column":4},"end":{"line":26,"column":5}}]}},"s":{"0":7,"1":7,"2":33,"3":5,"4":5,"5":1,"6":4,"7":4,"8":2,"9":2,"10":2,"11":7},"f":{"0":33,"1":5},"b":{"0":[1],"1":[2]}}
,"/home/vinicius/Github/modular-sync/packages/sync-database-merger/src/push-strategies/create-entity-strategy.ts": {"path":"/home/vinicius/Github/modular-sync/packages/sync-database-merger/src/push-strategies/create-entity-strategy.ts","statementMap":{"0":{"start":{"line":1,"column":0},"end":{"line":1,"column":null}},"1":{"start":{"line":15,"column":4},"end":{"line":15,"column":25}},"2":{"start":{"line":19,"column":29},"end":{"line":21,"column":6}},"3":{"start":{"line":23,"column":4},"end":{"line":25,"column":5}},"4":{"start":{"line":24,"column":6},"end":{"line":24,"column":13}},"5":{"start":{"line":27,"column":4},"end":{"line":36,"column":7}},"6":{"start":{"line":38,"column":4},"end":{"line":47,"column":7}},"7":{"start":{"line":11,"column":0},"end":{"line":11,"column":13}}},"fnMap":{"0":{"name":"(anonymous_0)","decl":{"start":{"line":14,"column":2},"end":{"line":14,"column":7}},"loc":{"start":{"line":14,"column":39},"end":{"line":16,"column":3}}},"1":{"name":"(anonymous_1)","decl":{"start":{"line":18,"column":2},"end":{"line":18,"column":7}},"loc":{"start":{"line":18,"column":143},"end":{"line":48,"column":3}}}},"branchMap":{"0":{"loc":{"start":{"line":23,"column":4},"end":{"line":25,"column":5}},"type":"if","locations":[{"start":{"line":23,"column":4},"end":{"line":25,"column":5}}]}},"s":{"0":7,"1":33,"2":5,"3":5,"4":1,"5":4,"6":4,"7":7},"f":{"0":33,"1":5},"b":{"0":[1]}}
,"/home/vinicius/Github/modular-sync/packages/sync-database-merger/src/push-strategies/delete-dynamic-field-strategy.ts": {"path":"/home/vinicius/Github/modular-sync/packages/sync-database-merger/src/push-strategies/delete-dynamic-field-strategy.ts","statementMap":{"0":{"start":{"line":3,"column":0},"end":{"line":3,"column":110}},"1":{"start":{"line":4,"column":0},"end":{"line":4,"column":91}},"2":{"start":{"line":10,"column":4},"end":{"line":10,"column":25}},"3":{"start":{"line":14,"column":29},"end":{"line":16,"column":6}},"4":{"start":{"line":18,"column":4},"end":{"line":20,"column":5}},"5":{"start":{"line":19,"column":6},"end":{"line":19,"column":13}},"6":{"start":{"line":22,"column":24},"end":{"line":22,"column":288}},"7":{"start":{"line":24,"column":4},"end":{"line":26,"column":5}},"8":{"start":{"line":25,"column":6},"end":{"line":25,"column":102}},"9":{"start":{"line":28,"column":4},"end":{"line":37,"column":7}},"10":{"start":{"line":6,"column":0},"end":{"line":6,"column":13}}},"fnMap":{"0":{"name":"(anonymous_0)","decl":{"start":{"line":9,"column":2},"end":{"line":9,"column":7}},"loc":{"start":{"line":9,"column":39},"end":{"line":11,"column":3}}},"1":{"name":"(anonymous_1)","decl":{"start":{"line":13,"column":2},"end":{"line":13,"column":7}},"loc":{"start":{"line":13,"column":80},"end":{"line":38,"column":3}}}},"branchMap":{"0":{"loc":{"start":{"line":18,"column":4},"end":{"line":20,"column":5}},"type":"if","locations":[{"start":{"line":18,"column":4},"end":{"line":20,"column":5}}]},"1":{"loc":{"start":{"line":24,"column":4},"end":{"line":26,"column":5}},"type":"if","locations":[{"start":{"line":24,"column":4},"end":{"line":26,"column":5}}]}},"s":{"0":7,"1":7,"2":33,"3":5,"4":5,"5":1,"6":4,"7":4,"8":2,"9":2,"10":7},"f":{"0":33,"1":5},"b":{"0":[1],"1":[2]}}
,"/home/vinicius/Github/modular-sync/packages/sync-database-merger/src/push-strategies/delete-entity-strategy.ts": {"path":"/home/vinicius/Github/modular-sync/packages/sync-database-merger/src/push-strategies/delete-entity-strategy.ts","statementMap":{"0":{"start":{"line":3,"column":0},"end":{"line":3,"column":110}},"1":{"start":{"line":4,"column":0},"end":{"line":4,"column":91}},"2":{"start":{"line":10,"column":4},"end":{"line":10,"column":25}},"3":{"start":{"line":14,"column":29},"end":{"line":16,"column":6}},"4":{"start":{"line":18,"column":4},"end":{"line":20,"column":5}},"5":{"start":{"line":19,"column":6},"end":{"line":19,"column":13}},"6":{"start":{"line":22,"column":19},"end":{"line":27,"column":6}},"7":{"start":{"line":29,"column":4},"end":{"line":31,"column":5}},"8":{"start":{"line":30,"column":6},"end":{"line":30,"column":95}},"9":{"start":{"line":33,"column":4},"end":{"line":42,"column":7}},"10":{"start":{"line":6,"column":0},"end":{"line":6,"column":13}}},"fnMap":{"0":{"name":"(anonymous_0)","decl":{"start":{"line":9,"column":2},"end":{"line":9,"column":7}},"loc":{"start":{"line":9,"column":39},"end":{"line":11,"column":3}}},"1":{"name":"(anonymous_1)","decl":{"start":{"line":13,"column":2},"end":{"line":13,"column":7}},"loc":{"start":{"line":13,"column":80},"end":{"line":43,"column":3}}}},"branchMap":{"0":{"loc":{"start":{"line":18,"column":4},"end":{"line":20,"column":5}},"type":"if","locations":[{"start":{"line":18,"column":4},"end":{"line":20,"column":5}}]},"1":{"loc":{"start":{"line":29,"column":4},"end":{"line":31,"column":5}},"type":"if","locations":[{"start":{"line":29,"column":4},"end":{"line":31,"column":5}}]}},"s":{"0":7,"1":7,"2":33,"3":5,"4":5,"5":1,"6":4,"7":4,"8":2,"9":2,"10":7},"f":{"0":33,"1":5},"b":{"0":[1],"1":[2]}}
,"/home/vinicius/Github/modular-sync/packages/sync-database-merger/src/push-strategies/update-dynamic-field-strategy.ts": {"path":"/home/vinicius/Github/modular-sync/packages/sync-database-merger/src/push-strategies/update-dynamic-field-strategy.ts","statementMap":{"0":{"start":{"line":3,"column":0},"end":{"line":3,"column":110}},"1":{"start":{"line":4,"column":0},"end":{"line":4,"column":91}},"2":{"start":{"line":10,"column":4},"end":{"line":10,"column":25}},"3":{"start":{"line":14,"column":29},"end":{"line":16,"column":6}},"4":{"start":{"line":18,"column":4},"end":{"line":20,"column":5}},"5":{"start":{"line":19,"column":6},"end":{"line":19,"column":13}},"6":{"start":{"line":22,"column":19},"end":{"line":22,"column":94}},"7":{"start":{"line":24,"column":4},"end":{"line":26,"column":5}},"8":{"start":{"line":25,"column":6},"end":{"line":25,"column":65}},"9":{"start":{"line":28,"column":25},"end":{"line":28,"column":124}},"10":{"start":{"line":30,"column":4},"end":{"line":32,"column":5}},"11":{"start":{"line":31,"column":6},"end":{"line":31,"column":72}},"12":{"start":{"line":34,"column":4},"end":{"line":42,"column":7}},"13":{"start":{"line":44,"column":4},"end":{"line":53,"column":7}},"14":{"start":{"line":6,"column":0},"end":{"line":6,"column":13}}},"fnMap":{"0":{"name":"(anonymous_0)","decl":{"start":{"line":9,"column":2},"end":{"line":9,"column":7}},"loc":{"start":{"line":9,"column":28},"end":{"line":11,"column":3}}},"1":{"name":"(anonymous_1)","decl":{"start":{"line":13,"column":2},"end":{"line":13,"column":7}},"loc":{"start":{"line":13,"column":80},"end":{"line":54,"column":3}}}},"branchMap":{"0":{"loc":{"start":{"line":18,"column":4},"end":{"line":20,"column":5}},"type":"if","locations":[{"start":{"line":18,"column":4},"end":{"line":20,"column":5}}]},"1":{"loc":{"start":{"line":24,"column":4},"end":{"line":26,"column":5}},"type":"if","locations":[{"start":{"line":24,"column":4},"end":{"line":26,"column":5}}]},"2":{"loc":{"start":{"line":30,"column":4},"end":{"line":32,"column":5}},"type":"if","locations":[{"start":{"line":30,"column":4},"end":{"line":32,"column":5}}]}},"s":{"0":7,"1":7,"2":33,"3":5,"4":5,"5":1,"6":4,"7":4,"8":2,"9":2,"10":2,"11":1,"12":1,"13":1,"14":7},"f":{"0":33,"1":5},"b":{"0":[1],"1":[2],"2":[1]}}
,"/home/vinicius/Github/modular-sync/packages/sync-database-merger/src/push-strategies/update-entity-strategy.ts": {"path":"/home/vinicius/Github/modular-sync/packages/sync-database-merger/src/push-strategies/update-entity-strategy.ts","statementMap":{"0":{"start":{"line":5,"column":0},"end":{"line":5,"column":null}},"1":{"start":{"line":10,"column":0},"end":{"line":10,"column":110}},"2":{"start":{"line":17,"column":4},"end":{"line":17,"column":25}},"3":{"start":{"line":21,"column":29},"end":{"line":23,"column":6}},"4":{"start":{"line":25,"column":4},"end":{"line":27,"column":5}},"5":{"start":{"line":26,"column":6},"end":{"line":26,"column":13}},"6":{"start":{"line":29,"column":19},"end":{"line":34,"column":6}},"7":{"start":{"line":36,"column":4},"end":{"line":38,"column":5}},"8":{"start":{"line":37,"column":6},"end":{"line":37,"column":65}},"9":{"start":{"line":40,"column":4},"end":{"line":49,"column":7}},"10":{"start":{"line":13,"column":0},"end":{"line":13,"column":13}}},"fnMap":{"0":{"name":"(anonymous_0)","decl":{"start":{"line":16,"column":2},"end":{"line":16,"column":7}},"loc":{"start":{"line":16,"column":39},"end":{"line":18,"column":3}}},"1":{"name":"(anonymous_1)","decl":{"start":{"line":20,"column":2},"end":{"line":20,"column":7}},"loc":{"start":{"line":20,"column":143},"end":{"line":50,"column":3}}}},"branchMap":{"0":{"loc":{"start":{"line":25,"column":4},"end":{"line":27,"column":5}},"type":"if","locations":[{"start":{"line":25,"column":4},"end":{"line":27,"column":5}}]},"1":{"loc":{"start":{"line":36,"column":4},"end":{"line":38,"column":5}},"type":"if","locations":[{"start":{"line":36,"column":4},"end":{"line":38,"column":5}}]}},"s":{"0":7,"1":7,"2":33,"3":5,"4":5,"5":1,"6":4,"7":4,"8":2,"9":2,"10":7},"f":{"0":33,"1":5},"b":{"0":[1],"1":[2]}}
,"/home/vinicius/Github/modular-sync/packages/sync-database-merger/src/repositories/dynamic-fields/dynamic-field-repository.ts": {"path":"/home/vinicius/Github/modular-sync/packages/sync-database-merger/src/repositories/dynamic-fields/dynamic-field-repository.ts","statementMap":{"0":{"start":{"line":1,"column":0},"end":{"line":1,"column":75}},"1":{"start":{"line":3,"column":0},"end":{"line":3,"column":95}},"2":{"start":{"line":7,"column":4},"end":{"line":7,"column":119}},"3":{"start":{"line":5,"column":0},"end":{"line":5,"column":13}}},"fnMap":{"0":{"name":"(anonymous_0)","decl":{"start":{"line":6,"column":2},"end":{"line":6,"column":null}},"loc":{"start":{"line":6,"column":2},"end":{"line":8,"column":3}}}},"branchMap":{},"s":{"0":7,"1":7,"2":33,"3":7},"f":{"0":33},"b":{}}
,"/home/vinicius/Github/modular-sync/packages/sync-database-merger/src/repositories/dynamic-fields/constants/dynamic-field-constants.ts": {"path":"/home/vinicius/Github/modular-sync/packages/sync-database-merger/src/repositories/dynamic-fields/constants/dynamic-field-constants.ts","statementMap":{"0":{"start":{"line":1,"column":0},"end":{"line":1,"column":76}},"1":{"start":{"line":3,"column":13},"end":{"line":3,"column":57}},"2":{"start":{"line":5,"column":13},"end":{"line":15,"column":null}}},"fnMap":{},"branchMap":{},"s":{"0":7,"1":7,"2":7},"f":{},"b":{}}
,"/home/vinicius/Github/modular-sync/packages/sync-database-merger/src/repositories/modification/modification-repository.ts": {"path":"/home/vinicius/Github/modular-sync/packages/sync-database-merger/src/repositories/modification/modification-repository.ts","statementMap":{"0":{"start":{"line":1,"column":0},"end":{"line":1,"column":75}},"1":{"start":{"line":2,"column":0},"end":{"line":2,"column":97}},"2":{"start":{"line":7,"column":4},"end":{"line":7,"column":107}},"3":{"start":{"line":5,"column":0},"end":{"line":5,"column":13}}},"fnMap":{"0":{"name":"(anonymous_0)","decl":{"start":{"line":6,"column":2},"end":{"line":6,"column":null}},"loc":{"start":{"line":6,"column":2},"end":{"line":8,"column":3}}}},"branchMap":{},"s":{"0":7,"1":7,"2":33,"3":7},"f":{"0":33},"b":{}}
,"/home/vinicius/Github/modular-sync/packages/sync-database-merger/src/repositories/modification/constants/modification-constants.ts": {"path":"/home/vinicius/Github/modular-sync/packages/sync-database-merger/src/repositories/modification/constants/modification-constants.ts","statementMap":{"0":{"start":{"line":1,"column":0},"end":{"line":1,"column":76}},"1":{"start":{"line":2,"column":0},"end":{"line":2,"column":99}},"2":{"start":{"line":6,"column":13},"end":{"line":6,"column":61}},"3":{"start":{"line":9,"column":13},"end":{"line":19,"column":null}}},"fnMap":{},"branchMap":{},"s":{"0":7,"1":7,"2":7,"3":7},"f":{},"b":{}}
,"/home/vinicius/Github/modular-sync/packages/sync-email-password-auth/src/email-password-auth-engine.ts": {"path":"/home/vinicius/Github/modular-sync/packages/sync-email-password-auth/src/email-password-auth-engine.ts","statementMap":{"0":{"start":{"line":3,"column":0},"end":{"line":3,"column":30}},"1":{"start":{"line":4,"column":0},"end":{"line":4,"column":27}},"2":{"start":{"line":8,"column":0},"end":{"line":8,"column":71}},"3":{"start":{"line":9,"column":0},"end":{"line":9,"column":100}},"4":{"start":{"line":10,"column":0},"end":{"line":10,"column":84}},"5":{"start":{"line":11,"column":0},"end":{"line":11,"column":52}},"6":{"start":{"line":12,"column":0},"end":{"line":12,"column":84}},"7":{"start":{"line":19,"column":4},"end":{"line":19,"column":31}},"8":{"start":{"line":23,"column":4},"end":{"line":23,"column":33}},"9":{"start":{"line":25,"column":4},"end":{"line":28,"column":40}},"10":{"start":{"line":25,"column":82},"end":{"line":28,"column":8}},"11":{"start":{"line":30,"column":4},"end":{"line":30,"column":33}},"12":{"start":{"line":32,"column":4},"end":{"line":32,"column":16}},"13":{"start":{"line":36,"column":4},"end":{"line":36,"column":87}},"14":{"start":{"line":40,"column":32},"end":{"line":40,"column":43}},"15":{"start":{"line":42,"column":17},"end":{"line":44,"column":6}},"16":{"start":{"line":46,"column":4},"end":{"line":48,"column":5}},"17":{"start":{"line":47,"column":6},"end":{"line":47,"column":59}},"18":{"start":{"line":50,"column":4},"end":{"line":52,"column":5}},"19":{"start":{"line":51,"column":6},"end":{"line":51,"column":77}},"20":{"start":{"line":54,"column":34},"end":{"line":54,"column":81}},"21":{"start":{"line":56,"column":4},"end":{"line":58,"column":5}},"22":{"start":{"line":57,"column":6},"end":{"line":57,"column":59}},"23":{"start":{"line":60,"column":18},"end":{"line":60,"column":36}},"24":{"start":{"line":62,"column":4},"end":{"line":62,"column":null}},"25":{"start":{"line":66,"column":40},"end":{"line":66,"column":88}},"26":{"start":{"line":68,"column":4},"end":{"line":75,"column":7}},"27":{"start":{"line":79,"column":4},"end":{"line":81,"column":null}},"28":{"start":{"line":85,"column":4},"end":{"line":87,"column":null}},"29":{"start":{"line":91,"column":23},"end":{"line":91,"column":25}},"30":{"start":{"line":92,"column":21},"end":{"line":92,"column":61}},"31":{"start":{"line":94,"column":4},"end":{"line":97,"column":6}},"32":{"start":{"line":105,"column":4},"end":{"line":118,"column":5}},"33":{"start":{"line":106,"column":6},"end":{"line":106,"column":48}},"34":{"start":{"line":106,"column":18},"end":{"line":106,"column":48}},"35":{"start":{"line":107,"column":6},"end":{"line":107,"column":40}},"36":{"start":{"line":109,"column":22},"end":{"line":109,"column":55}},"37":{"start":{"line":111,"column":6},"end":{"line":113,"column":7}},"38":{"start":{"line":112,"column":8},"end":{"line":112,"column":38}},"39":{"start":{"line":115,"column":6},"end":{"line":115,"column":35}},"40":{"start":{"line":117,"column":6},"end":{"line":117,"column":36}},"41":{"start":{"line":123,"column":4},"end":{"line":123,"column":33}},"42":{"start":{"line":127,"column":34},"end":{"line":127,"column":38}},"43":{"start":{"line":129,"column":4},"end":{"line":132,"column":23}},"44":{"start":{"line":136,"column":4},"end":{"line":143,"column":5}},"45":{"start":{"line":137,"column":6},"end":{"line":139,"column":9}},"46":{"start":{"line":141,"column":6},"end":{"line":141,"column":25}},"47":{"start":{"line":142,"column":6},"end":{"line":142,"column":18}},"48":{"start":{"line":14,"column":0},"end":{"line":14,"column":13}}},"fnMap":{"0":{"name":"(anonymous_1)","decl":{"start":{"line":18,"column":2},"end":{"line":18,"column":14}},"loc":{"start":{"line":18,"column":59},"end":{"line":20,"column":3}}},"1":{"name":"(anonymous_2)","decl":{"start":{"line":22,"column":2},"end":{"line":22,"column":7}},"loc":{"start":{"line":22,"column":45},"end":{"line":33,"column":3}}},"2":{"name":"(anonymous_3)","decl":{"start":{"line":25,"column":73},"end":{"line":25,"column":74}},"loc":{"start":{"line":25,"column":81},"end":{"line":28,"column":8}}},"3":{"name":"(anonymous_4)","decl":{"start":{"line":35,"column":2},"end":{"line":35,"column":7}},"loc":{"start":{"line":35,"column":23},"end":{"line":37,"column":3}}},"4":{"name":"(anonymous_5)","decl":{"start":{"line":39,"column":2},"end":{"line":39,"column":7}},"loc":{"start":{"line":39,"column":62},"end":{"line":63,"column":3}}},"5":{"name":"(anonymous_6)","decl":{"start":{"line":65,"column":2},"end":{"line":65,"column":7}},"loc":{"start":{"line":65,"column":56},"end":{"line":76,"column":3}}},"6":{"name":"(anonymous_7)","decl":{"start":{"line":78,"column":2},"end":{"line":78,"column":7}},"loc":{"start":{"line":78,"column":61},"end":{"line":82,"column":3}}},"7":{"name":"(anonymous_8)","decl":{"start":{"line":84,"column":2},"end":{"line":84,"column":7}},"loc":{"start":{"line":84,"column":63},"end":{"line":88,"column":3}}},"8":{"name":"(anonymous_9)","decl":{"start":{"line":90,"column":10},"end":{"line":90,"column":15}},"loc":{"start":{"line":90,"column":63},"end":{"line":98,"column":3}}},"9":{"name":"(anonymous_10)","decl":{"start":{"line":104,"column":2},"end":{"line":104,"column":17}},"loc":{"start":{"line":104,"column":28},"end":{"line":119,"column":3}}},"10":{"name":"(anonymous_11)","decl":{"start":{"line":122,"column":2},"end":{"line":122,"column":16}},"loc":{"start":{"line":122,"column":16},"end":{"line":124,"column":3}}},"11":{"name":"(anonymous_12)","decl":{"start":{"line":126,"column":10},"end":{"line":126,"column":17}},"loc":{"start":{"line":126,"column":27},"end":{"line":133,"column":3}}},"12":{"name":"(anonymous_13)","decl":{"start":{"line":135,"column":2},"end":{"line":135,"column":7}},"loc":{"start":{"line":135,"column":33},"end":{"line":144,"column":3}}}},"branchMap":{"0":{"loc":{"start":{"line":26,"column":13},"end":{"line":26,"column":28}},"type":"cond-expr","locations":[{"start":{"line":26,"column":21},"end":{"line":26,"column":23}},{"start":{"line":26,"column":21},"end":{"line":26,"column":28}}]},"1":{"loc":{"start":{"line":26,"column":13},"end":{"line":26,"column":23}},"type":"binary-expr","locations":[{"start":{"line":26,"column":13},"end":{"line":26,"column":23}},{"start":{"line":26,"column":21},"end":{"line":26,"column":23}}]},"2":{"loc":{"start":{"line":27,"column":16},"end":{"line":27,"column":34}},"type":"cond-expr","locations":[{"start":{"line":27,"column":24},"end":{"line":27,"column":26}},{"start":{"line":27,"column":24},"end":{"line":27,"column":34}}]},"3":{"loc":{"start":{"line":27,"column":16},"end":{"line":27,"column":26}},"type":"binary-expr","locations":[{"start":{"line":27,"column":16},"end":{"line":27,"column":26}},{"start":{"line":27,"column":24},"end":{"line":27,"column":26}}]},"4":{"loc":{"start":{"line":46,"column":4},"end":{"line":48,"column":5}},"type":"if","locations":[{"start":{"line":46,"column":4},"end":{"line":48,"column":5}}]},"5":{"loc":{"start":{"line":50,"column":4},"end":{"line":52,"column":5}},"type":"if","locations":[{"start":{"line":50,"column":4},"end":{"line":52,"column":5}}]},"6":{"loc":{"start":{"line":56,"column":4},"end":{"line":58,"column":5}},"type":"if","locations":[{"start":{"line":56,"column":4},"end":{"line":58,"column":5}}]},"7":{"loc":{"start":{"line":92,"column":21},"end":{"line":92,"column":61}},"type":"cond-expr","locations":[{"start":{"line":92,"column":21},"end":{"line":92,"column":25}},{"start":{"line":92,"column":29},"end":{"line":92,"column":61}}]},"8":{"loc":{"start":{"line":92,"column":21},"end":{"line":92,"column":29}},"type":"binary-expr","locations":[{"start":{"line":92,"column":21},"end":{"line":92,"column":29}},{"start":{"line":92,"column":21},"end":{"line":92,"column":29}}]},"9":{"loc":{"start":{"line":106,"column":6},"end":{"line":106,"column":48}},"type":"if","locations":[{"start":{"line":106,"column":6},"end":{"line":106,"column":48}}]},"10":{"loc":{"start":{"line":111,"column":6},"end":{"line":113,"column":7}},"type":"if","locations":[{"start":{"line":111,"column":6},"end":{"line":113,"column":7}}]}},"s":{"0":1,"1":1,"2":1,"3":1,"4":1,"5":1,"6":1,"7":12,"8":12,"9":12,"10":2,"11":12,"12":12,"13":12,"14":14,"15":14,"16":14,"17":2,"18":12,"19":0,"20":12,"21":12,"22":0,"23":12,"24":12,"25":14,"26":14,"27":1,"28":2,"29":26,"30":26,"31":26,"32":3,"33":3,"34":0,"35":3,"36":2,"37":2,"38":1,"39":1,"40":1,"41":0,"42":12,"43":12,"44":10,"45":10,"46":0,"47":0,"48":1},"f":{"0":12,"1":12,"2":2,"3":12,"4":14,"5":14,"6":1,"7":2,"8":26,"9":3,"10":0,"11":12,"12":10},"b":{"0":[0,2],"1":[2,2],"2":[0,2],"3":[2,2],"4":[2],"5":[0],"6":[0],"7":[12,14],"8":[26,26],"9":[0],"10":[1]}}
,"/home/vinicius/Github/modular-sync/packages/sync-email-password-auth/src/constants/joi-schemas.ts": {"path":"/home/vinicius/Github/modular-sync/packages/sync-email-password-auth/src/constants/joi-schemas.ts","statementMap":{"0":{"start":{"line":1,"column":0},"end":{"line":1,"column":22}},"1":{"start":{"line":3,"column":13},"end":{"line":6,"column":3}}},"fnMap":{},"branchMap":{},"s":{"0":1,"1":1},"f":{},"b":{}}
[...]
,"type":"cond-expr","locations":[{"start":{"line":74,"column":58},"end":{"line":74,"column":65}},{"start":{"line":74,"column":68},"end":{"line":74,"column":70}}]},"3":{"loc":{"start":{"line":78,"column":11},"end":{"line":78,"column":59}},"type":"cond-expr","locations":[{"start":{"line":78,"column":39},"end":{"line":78,"column":51}},{"start":{"line":78,"column":54},"end":{"line":78,"column":59}}]},"4":{"loc":{"start":{"line":82,"column":11},"end":{"line":82,"column":42}},"type":"cond-expr","locations":[{"start":{"line":82,"column":28},"end":{"line":82,"column":34}},{"start":{"line":82,"column":37},"end":{"line":82,"column":42}}]},"5":{"loc":{"start":{"line":86,"column":14},"end":{"line":86,"column":67}},"type":"cond-expr","locations":[{"start":{"line":86,"column":58},"end":{"line":86,"column":62}},{"start":{"line":86,"column":65},"end":{"line":86,"column":67}}]},"6":{"loc":{"start":{"line":96,"column":4},"end":{"line":98,"column":5}},"type":"if","locations":[{"start":{"line":96,"column":4},"end":{"line":98,"column":5}}]},"7":{"loc":{"start":{"line":138,"column":25},"end":{"line":138,"column":45}},"type":"cond-expr","locations":[{"start":{"line":138,"column":36},"end":{"line":138,"column":38}},{"start":{"line":138,"column":25},"end":{"line":138,"column":45}}]},"8":{"loc":{"start":{"line":138,"column":25},"end":{"line":138,"column":38}},"type":"binary-expr","locations":[{"start":{"line":138,"column":25},"end":{"line":138,"column":38}},{"start":{"line":138,"column":25},"end":{"line":138,"column":38}}]},"9":{"loc":{"start":{"line":145,"column":25},"end":{"line":145,"column":45}},"type":"cond-expr","locations":[{"start":{"line":145,"column":36},"end":{"line":145,"column":38}},{"start":{"line":145,"column":25},"end":{"line":145,"column":45}}]},"10":{"loc":{"start":{"line":145,"column":25},"end":{"line":145,"column":38}},"type":"binary-expr","locations":[{"start":{"line":145,"column":25},"end":{"line":145,"column":38}},{"start":{"line":145,"column":25},"end":{"line":145,"column":38}}]},"11":{"loc":{"start":{"line":149,"column":4},"end":{"line":157,"column":5}},"type":"if","locations":[{"start":{"line":149,"column":4},"end":{"line":157,"column":5}},{"start":{"line":155,"column":11},"end":{"line":157,"column":5}}]},"12":{"loc":{"start":{"line":150,"column":6},"end":{"line":154,"column":7}},"type":"if","locations":[{"start":{"line":150,"column":6},"end":{"line":154,"column":7}},{"start":{"line":152,"column":13},"end":{"line":154,"column":7}}]},"13":{"loc":{"start":{"line":160,"column":59},"end":{"line":160,"column":92}},"type":"default-arg","locations":[{"start":{"line":160,"column":90},"end":{"line":160,"column":92}}]},"14":{"loc":{"start":{"line":162,"column":99},"end":{"line":162,"column":114}},"type":"cond-expr","locations":[{"start":{"line":162,"column":106},"end":{"line":162,"column":108}},{"start":{"line":162,"column":99},"end":{"line":162,"column":114}}]},"15":{"loc":{"start":{"line":162,"column":99},"end":{"line":162,"column":108}},"type":"binary-expr","locations":[{"start":{"line":162,"column":99},"end":{"line":162,"column":108}},{"start":{"line":162,"column":99},"end":{"line":162,"column":108}}]},"16":{"loc":{"start":{"line":170,"column":4},"end":{"line":174,"column":5}},"type":"if","locations":[{"start":{"line":170,"column":4},"end":{"line":174,"column":5}},{"start":{"line":172,"column":11},"end":{"line":174,"column":5}}]},"17":{"loc":{"start":{"line":188,"column":4},"end":{"line":190,"column":5}},"type":"if","locations":[{"start":{"line":188,"column":4},"end":{"line":190,"column":5}}]},"18":{"loc":{"start":{"line":197,"column":6},"end":{"line":199,"column":7}},"type":"if","locations":[{"start":{"line":197,"column":6},"end":{"line":199,"column":7}}]},"19":{"loc":{"start":{"line":207,"column":6},"end":{"line":209,"column":7}},"type":"if","locations":[{"start":{"line":207,"column":6},"end":{"line":209,"column":7}}]}},"s":{"0":2,"1":2,"2":2,"3":28,"4":28,"5":28,"6":28,"7":28,"8":29,"9":28,"10":7,"11":4,"12":4,"13":1,"14":12,"15":1,"16":4,"17":4,"18":1,"19":1,"20":6,"21":7,"22":7,"23":28,"24":28,"25":21,"26":2,"27":2,"28":2,"29":2,"30":2,"31":1,"32":2,"33":1,"34":10,"35":9,"36":9,"37":9,"38":7,"39":4,"40":3,"41":3,"42":3,"43":0,"44":0,"45":0,"46":0,"47":3,"48":2,"49":2,"50":1,"51":1,"52":1,"53":7,"54":1,"55":0,"56":1,"57":6,"58":5,"59":2,"60":2,"61":1,"62":1,"63":5,"64":5,"65":13,"66":5,"67":5,"68":3,"69":2,"70":5,"71":13,"72":1,"73":12,"74":13,"75":13,"76":1,"77":12,"78":12,"79":19,"80":19,"81":6,"82":11,"83":11,"84":18,"85":3,"86":3,"87":2,"88":2,"89":2,"90":2},"f":{"0":28,"1":29,"2":7,"3":1,"4":12,"5":1,"6":4,"7":1,"8":6,"9":7,"10":7,"11":28,"12":28,"13":21,"14":2,"15":2,"16":10,"17":4,"18":0,"19":3,"20":1,"21":7,"22":5,"23":2,"24":5,"25":13,"26":5,"27":5,"28":13,"29":13,"30":19,"31":11,"32":11,"33":18,"34":3,"35":3,"36":2,"37":2,"38":2},"b":{"0":[28],"1":[4],"2":[1,6],"3":[28,0],"4":[0,28],"5":[7,14],"6":[1],"7":[0,2],"8":[2,2],"9":[0,1],"10":[1,1],"11":[1,6],"12":[0,1],"13":[3],"14":[0,5],"15":[5,5],"16":[1,1],"17":[3],"18":[1],"19":[1]}}
,"/home/vinicius/Github/modular-sync/packages/sync-sqlite-adapter/src/sqlite-data-converter-engine.ts": {"path":"/home/vinicius/Github/modular-sync/packages/sync-sqlite-adapter/src/sqlite-data-converter-engine.ts","statementMap":{"0":{"start":{"line":2,"column":0},"end":{"line":2,"column":71}},"1":{"start":{"line":4,"column":0},"end":{"line":4,"column":104}},"2":{"start":{"line":7,"column":2},"end":{"line":7,"column":35}},"3":{"start":{"line":8,"column":2},"end":{"line":8,"column":37}},"4":{"start":{"line":6,"column":0},"end":{"line":6,"column":13}},"5":{"start":{"line":13,"column":4},"end":{"line":18,"column":11}},"6":{"start":{"line":14,"column":6},"end":{"line":17,"column":null}},"7":{"start":{"line":22,"column":4},"end":{"line":24,"column":5}},"8":{"start":{"line":23,"column":6},"end":{"line":23,"column":32}},"9":{"start":{"line":26,"column":4},"end":{"line":28,"column":5}},"10":{"start":{"line":27,"column":6},"end":{"line":27,"column":16}},"11":{"start":{"line":30,"column":4},"end":{"line":30,"column":27}},"12":{"start":{"line":34,"column":4},"end":{"line":34,"column":37}},"13":{"start":{"line":38,"column":4},"end":{"line":38,"column":31}},"14":{"start":{"line":42,"column":4},"end":{"line":44,"column":5}},"15":{"start":{"line":43,"column":6},"end":{"line":43,"column":28}},"16":{"start":{"line":46,"column":4},"end":{"line":51,"column":5}},"17":{"start":{"line":47,"column":22},"end":{"line":47,"column":54}},"18":{"start":{"line":48,"column":21},"end":{"line":48,"column":113}},"19":{"start":{"line":50,"column":6},"end":{"line":50,"column":52}},"20":{"start":{"line":53,"column":4},"end":{"line":53,"column":13}},"21":{"start":{"line":57,"column":25},"end":{"line":57,"column":114}},"22":{"start":{"line":58,"column":4},"end":{"line":58,"column":32}},"23":{"start":{"line":62,"column":4},"end":{"line":64,"column":5}},"24":{"start":{"line":63,"column":6},"end":{"line":63,"column":18}},"25":{"start":{"line":66,"column":4},"end":{"line":68,"column":5}},"26":{"start":{"line":67,"column":6},"end":{"line":67,"column":38}},"27":{"start":{"line":70,"column":4},"end":{"line":72,"column":5}},"28":{"start":{"line":71,"column":6},"end":{"line":71,"column":28}},"29":{"start":{"line":74,"column":4},"end":{"line":74,"column":16}},"30":{"start":{"line":78,"column":4},"end":{"line":80,"column":5}},"31":{"start":{"line":79,"column":6},"end":{"line":79,"column":30}},"32":{"start":{"line":82,"column":4},"end":{"line":87,"column":5}},"33":{"start":{"line":83,"column":21},"end":{"line":83,"column":35}},"34":{"start":{"line":84,"column":6},"end":{"line":86,"column":7}},"35":{"start":{"line":85,"column":8},"end":{"line":85,"column":22}},"36":{"start":{"line":89,"column":4},"end":{"line":89,"column":21}},"37":{"start":{"line":93,"column":4},"end":{"line":97,"column":5}},"38":{"start":{"line":94,"column":6},"end":{"line":94,"column":34}},"39":{"start":{"line":96,"column":6},"end":{"line":96,"column":18}},"40":{"start":{"line":102,"column":4},"end":{"line":102,"column":32}},"41":{"start":{"line":107,"column":4},"end":{"line":109,"column":5}},"42":{"start":{"line":108,"column":6},"end":{"line":108,"column":null}},"43":{"start":{"line":111,"column":4},"end":{"line":111,"column":51}},"44":{"start":{"line":117,"column":4},"end":{"line":117,"column":17}},"45":{"start":{"line":121,"column":4},"end":{"line":121,"column":29}},"46":{"start":{"line":125,"column":4},"end":{"line":125,"column":17}},"47":{"start":{"line":129,"column":4},"end":{"line":129,"column":19}},"48":{"start":{"line":133,"column":4},"end":{"line":135,"column":5}},"49":{"start":{"line":134,"column":6},"end":{"line":134,"column":18}},"50":{"start":{"line":137,"column":4},"end":{"line":137,"column":27}},"51":{"start":{"line":141,"column":4},"end":{"line":141,"column":17}},"52":{"start":{"line":145,"column":4},"end":{"line":145,"column":29}},"53":{"start":{"line":149,"column":4},"end":{"line":149,"column":17}},"54":{"start":{"line":153,"column":4},"end":{"line":157,"column":5}},"55":{"start":{"line":154,"column":6},"end":{"line":154,"column":40}},"56":{"start":{"line":156,"column":6},"end":{"line":156,"column":16}},"57":{"start":{"line":161,"column":4},"end":{"line":161,"column":31}},"58":{"start":{"line":161,"column":14},"end":{"line":161,"column":31}},"59":{"start":{"line":163,"column":4},"end":{"line":168,"column":11}},"60":{"start":{"line":164,"column":6},"end":{"line":167,"column":null}}},"fnMap":{"0":{"name":"(anonymous_0)","decl":{"start":{"line":6,"column":0},"end":{"line":6,"column":13}},"loc":{"start":{"line":6,"column":0},"end":{"line":9,"column":1}}},"1":{"name":"(anonymous_1)","decl":{"start":{"line":12,"column":2},"end":{"line":12,"column":9}},"loc":{"start":{"line":12,"column":60},"end":{"line":19,"column":3}}},"2":{"name":"(anonymous_2)","decl":{"start":{"line":13,"column":38},"end":{"line":13,"column":39}},"loc":{"start":{"line":13,"column":60},"end":{"line":18,"column":5}}},"3":{"name":"(anonymous_3)","decl":{"start":{"line":21,"column":2},"end":{"line":21,"column":10}},"loc":{"start":{"line":21,"column":24},"end":{"line":31,"column":3}}},"4":{"name":"(anonymous_4)","decl":{"start":{"line":33,"column":2},"end":{"line":33,"column":11}},"loc":{"start":{"line":33,"column":25},"end":{"line":35,"column":3}}},"5":{"name":"(anonymous_5)","decl":{"start":{"line":37,"column":2},"end":{"line":37,"column":9}},"loc":{"start":{"line":37,"column":23},"end":{"line":39,"column":3}}},"6":{"name":"(anonymous_6)","decl":{"start":{"line":41,"column":10},"end":{"line":41,"column":18}},"loc":{"start":{"line":41,"column":52},"end":{"line":54,"column":3}}},"7":{"name":"(anonymous_7)","decl":{"start":{"line":56,"column":2},"end":{"line":56,"column":11}},"loc":{"start":{"line":56,"column":25},"end":{"line":59,"column":3}}},"8":{"name":"(anonymous_8)","decl":{"start":{"line":61,"column":2},"end":{"line":61,"column":8}},"loc":{"start":{"line":61,"column":22},"end":{"line":75,"column":3}}},"9":{"name":"(anonymous_9)","decl":{"start":{"line":77,"column":2},"end":{"line":77,"column":14}},"loc":{"start":{"line":77,"column":28},"end":{"line":90,"column":3}}},"10":{"name":"(anonymous_10)","decl":{"start":{"line":92,"column":2},"end":{"line":92,"column":15}},"loc":{"start":{"line":92,"column":29},"end":{"line":98,"column":3}}},"11":{"name":"(anonymous_11)","decl":{"start":{"line":101,"column":2},"end":{"line":101,"column":8}},"loc":{"start":{"line":101,"column":22},"end":{"line":103,"column":3}}},"12":{"name":"(anonymous_12)","decl":{"start":{"line":106,"column":2},"end":{"line":106,"column":6}},"loc":{"start":{"line":106,"column":20},"end":{"line":112,"column":3}}},"13":{"name":"(anonymous_13)","decl":{"start":{"line":116,"column":2},"end":{"line":116,"column":10}},"loc":{"start":{"line":116,"column":24},"end":{"line":118,"column":3}}},"14":{"name":"(anonymous_14)","decl":{"start":{"line":120,"column":2},"end":{"line":120,"column":11}},"loc":{"start":{"line":120,"column":25},"end":{"line":122,"column":3}}},"15":{"name":"(anonymous_15)","decl":{"start":{"line":124,"column":2},"end":{"line":124,"column":9}},"loc":{"start":{"line":124,"column":23},"end":{"line":126,"column":3}}},"16":{"name":"(anonymous_16)","decl":{"start":{"line":128,"column":2},"end":{"line":128,"column":11}},"loc":{"start":{"line":128,"column":25},"end":{"line":130,"column":3}}},"17":{"name":"(anonymous_17)","decl":{"start":{"line":132,"column":2},"end":{"line":132,"column":8}},"loc":{"start":{"line":132,"column":22},"end":{"line":138,"column":3}}},"18":{"name":"(anonymous_18)","decl":{"start":{"line":140,"column":2},"end":{"line":140,"column":14}},"loc":{"start":{"line":140,"column":28},"end":{"line":142,"column":3}}},"19":{"name":"(anonymous_19)","decl":{"start":{"line":144,"column":2},"end":{"line":144,"column":8}},"loc":{"start":{"line":144,"column":22},"end":{"line":146,"column":3}}},"20":{"name":"(anonymous_20)","decl":{"start":{"line":148,"column":2},"end":{"line":148,"column":6}},"loc":{"start":{"line":148,"column":20},"end":{"line":150,"column":3}}},"21":{"name":"(anonymous_21)","decl":{"start":{"line":152,"column":2},"end":{"line":152,"column":15}},"loc":{"start":{"line":152,"column":29},"end":{"line":158,"column":3}}},"22":{"name":"(anonymous_22)","decl":{"start":{"line":160,"column":2},"end":{"line":160,"column":9}},"loc":{"start":{"line":160,"column":60},"end":{"line":169,"column":3}}},"23":{"name":"(anonymous_23)","decl":{"start":{"line":163,"column":38},"end":{"line":163,"column":39}},"loc":{"start":{"line":163,"column":60},"end":{"line":168,"column":5}}}},"branchMap":{"0":{"loc":{"start":{"line":16,"column":47},"end":{"line":16,"column":70}},"type":"cond-expr","locations":[{"start":{"line":16,"column":58},"end":{"line":16,"column":62}},{"start":{"line":16,"column":62},"end":{"line":16,"column":70}}]},"1":{"loc":{"start":{"line":16,"column":47},"end":{"line":16,"column":62}},"type":"binary-expr","locations":[{"start":{"line":16,"column":47},"end":{"line":16,"column":62}},{"start":{"line":16,"column":58},"end":{"line":16,"column":62}}]},"2":{"loc":{"start":{"line":22,"column":4},"end":{"line":24,"column":5}},"type":"if","locations":[{"start":{"line":22,"column":4},"end":{"line":24,"column":5}}]},"3":{"loc":{"start":{"line":26,"column":4},"end":{"line":28,"column":5}},"type":"if","locations":[{"start":{"line":26,"column":4},"end":{"line":28,"column":5}}]},"4":{"loc":{"start":{"line":42,"column":4},"end":{"line":44,"column":5}},"type":"if","locations":[{"start":{"line":42,"column":4},"end":{"line":44,"column":5}}]},"5":{"loc":{"start":{"line":46,"column":4},"end":{"line":51,"column":5}},"type":"if","locations":[{"start":{"line":46,"column":4},"end":{"line":51,"column":5}}]},"6":{"loc":{"start":{"line":47,"column":22},"end":{"line":47,"column":54}},"type":"cond-expr","locations":[{"start":{"line":47,"column":33},"end":{"line":47,"column":41}},{"start":{"line":47,"column":44},"end":{"line":47,"column":54}}]},"7":{"loc":{"start":{"line":48,"column":21},"end":{"line":48,"column":113}},"type":"cond-expr","locations":[{"start":{"line":48,"column":48},"end":{"line":48,"column":63}},{"start":{"line":48,"column":66},"end":{"line":48,"column":113}}]},"8":{"loc":{"start":{"line":48,"column":66},"end":{"line":48,"column":113}},"type":"cond-expr","locations":[{"start":{"line":48,"column":94},"end":{"line":48,"column":106}},{"start":{"line":48,"column":109},"end":{"line":48,"column":113}}]},"9":{"loc":{"start":{"line":48,"column":94},"end":{"line":48,"column":106}},"type":"cond-expr","locations":[{"start":{"line":48,"column":101},"end":{"line":48,"column":102}},{"start":{"line":48,"column":105},"end":{"line":48,"column":106}}]},"10":{"loc":{"start":{"line":50,"column":13},"end":{"line":50,"column":51}},"type":"cond-expr","locations":[{"start":{"line":50,"column":24},"end":{"line":50,"column":42}},{"start":{"line":50,"column":45},"end":{"line":50,"column":51}}]},"11":{"loc":{"start":{"line":57,"column":25},"end":{"line":57,"column":114}},"type":"cond-expr","locations":[{"start":{"line":57,"column":52},"end":{"line":57,"column":105}},{"start":{"line":57,"column":108},"end":{"line":57,"column":114}}]},"12":{"loc":{"start":{"line":57,"column":52},"end":{"line":57,"column":105}},"type":"binary-expr","locations":[{"start":{"line":57,"column":52},"end":{"line":57,"column":67}},{"start":{"line":57,"column":72},"end":{"line":57,"column":84}},{"start":{"line":57,"column":88},"end":{"line":57,"column":104}}]},"13":{"loc":{"start":{"line":58,"column":11},"end":{"line":58,"column":31}},"type":"cond-expr","locations":[{"start":{"line":58,"column":26},"end":{"line":58,"column":27}},{"start":{"line":58,"column":30},"end":{"line":58,"column":31}}]},"14":{"loc":{"start":{"line":62,"column":4},"end":{"line":64,"column":5}},"type":"if","locations":[{"start":{"line":62,"column":4},"end":{"line":64,"column":5}}]},"15":{"loc":{"start":{"line":66,"column":4},"end":{"line":68,"column":5}},"type":"if","locations":[{"start":{"line":66,"column":4},"end":{"line":68,"column":5}}]},"16":{"loc":{"start":{"line":66,"column":8},"end":{"line":66,"column":60}},"type":"binary-expr","locations":[{"start":{"line":66,"column":8},"end":{"line":66,"column":32}},{"start":{"line":66,"column":36},"end":{"line":66,"column":60}}]},"17":{"loc":{"start":{"line":70,"column":4},"end":{"line":72,"column":5}},"type":"if","locations":[{"start":{"line":70,"column":4},"end":{"line":72,"column":5}}]},"18":{"loc":{"start":{"line":78,"column":4},"end":{"line":80,"column":5}},"type":"if","locations":[{"start":{"line":78,"column":4},"end":{"line":80,"column":5}}]},"19":{"loc":{"start":{"line":82,"column":4},"end":{"line":87,"column":5}},"type":"if","locations":[{"start":{"line":82,"column":4},"end":{"line":87,"column":5}}]},"20":{"loc":{"start":{"line":84,"column":6},"end":{"line":86,"column":7}},"type":"if","locations":[{"start":{"line":84,"column":6},"end":{"line":86,"column":7}}]},"21":{"loc":{"start":{"line":107,"column":4},"end":{"line":109,"column":5}},"type":"if","locations":[{"start":{"line":107,"column":4},"end":{"line":109,"column":5}}]},"22":{"loc":{"start":{"line":107,"column":8},"end":{"line":107,"column":60}},"type":"binary-expr","locations":[{"start":{"line":107,"column":8},"end":{"line":107,"column":32}},{"start":{"line":107,"column":36},"end":{"line":107,"column":60}}]},"23":{"loc":{"start":{"line":133,"column":4},"end":{"line":135,"column":5}},"type":"if","locations":[{"start":{"line":133,"column":4},"end":{"line":135,"column":5}}]},"24":{"loc":{"start":{"line":161,"column":4},"end":{"line":161,"column":31}},"type":"if","locations":[{"start":{"line":161,"column":4},"end":{"line":161,"column":31}}]},"25":{"loc":{"start":{"line":166,"column":47},"end":{"line":166,"column":70}},"type":"cond-expr","locations":[{"start":{"line":166,"column":58},"end":{"line":166,"column":62}},{"start":{"line":166,"column":62},"end":{"line":166,"column":70}}]},"26":{"loc":{"start":{"line":166,"column":47},"end":{"line":166,"column":62}},"type":"binary-expr","locations":[{"start":{"line":166,"column":47},"end":{"line":166,"column":62}},{"start":{"line":166,"column":58},"end":{"line":166,"column":62}}]}},"s":{"0":3,"1":3,"2":69,"3":69,"4":3,"5":3,"6":15,"7":8,"8":1,"9":7,"10":0,"11":7,"12":8,"13":8,"14":16,"15":2,"16":14,"17":14,"18":14,"19":14,"20":0,"21":14,"22":14,"23":9,"24":1,"25":8,"26":3,"27":5,"28":4,"29":1,"30":6,"31":2,"32":4,"33":2,"34":2,"35":1,"36":3,"37":0,"38":0,"39":0,"40":0,"41":0,"42":0,"43":0,"44":2,"45":2,"46":2,"47":3,"48":3,"49":1,"50":2,"51":1,"52":0,"53":0,"54":0,"55":0,"56":0,"57":1,"58":0,"59":1,"60":5},"f":{"0":69,"1":3,"2":15,"3":8,"4":8,"5":8,"6":16,"7":14,"8":9,"9":6,"10":0,"11":0,"12":0,"13":2,"14":2,"15":2,"16":3,"17":3,"18":1,"19":0,"20":0,"21":0,"22":1,"23":5},"b":{"0":[15,0],"1":[15,15],"2":[1],"3":[0],"4":[2],"5":[14],"6":[7,7],"7":[2,12],"8":[2,10],"9":[2,0],"10":[7,7],"11":[4,10],"12":[4,3,2],"13":[8,6],"14":[1],"15":[3],"16":[8,7],"17":[4],"18":[2],"19":[2],"20":[1],"21":[0],"22":[0,0],"23":[1],"24":[0],"25":[5,0],"26":[5,5]}}
}
