TN:
SF:packages/sync-core/__tests__/helpers/setup-authentication.ts
FN:3,setupAuthentication
FNF:1
FNH:1
FNDA:13,setupAuthentication
DA:3,2
DA:4,13
DA:5,13
LF:3
LH:3
BRF:0
BRH:0
end_of_record
TN:
SF:packages/sync-core/__tests__/helpers/setup-repositories.ts
FN:7,setupRepositories
FNF:1
FNH:1
FNDA:9,setupRepositories
DA:7,1
DA:8,9
DA:13,9
DA:19,9
LF:4
LH:4
BRF:0
BRH:0
end_of_record
TN:
SF:packages/sync-core/__tests__/helpers/setup-tests.ts
FN:16,__createTmpDirIfNotExists
FN:24,setupTests
FNF:2
FNH:2
FNDA:38,__createTmpDirIfNotExists
FNDA:38,setupTests
DA:1,6
DA:2,6
DA:3,6
DA:4,6
DA:5,6
DA:6,6
DA:7,6
DA:8,6
DA:9,6
DA:10,6
DA:11,6
DA:12,6
DA:13,6
DA:14,6
DA:16,6
DA:17,38
DA:18,38
DA:21,0
DA:24,6
DA:25,38
DA:27,38
DA:28,38
DA:30,38
DA:34,38
DA:38,38
DA:44,38
DA:51,38
DA:58,38
DA:60,38
DA:62,38
DA:64,38
DA:71,38
LF:32
LH:31
BRDA:17,0,0,38
BRF:1
BRH:1
end_of_record
TN:
SF:packages/sync-core/src/common/repository-base.ts
FN:30,(anonymous_0)
FN:38,(anonymous_1)
FN:42,(anonymous_2)
FN:64,(anonymous_3)
FN:70,(anonymous_4)
FN:73,(anonymous_5)
FN:81,(anonymous_6)
FN:86,(anonymous_7)
FN:90,(anonymous_8)
FN:94,(anonymous_9)
FN:99,(anonymous_10)
FN:102,(anonymous_11)
FN:105,(anonymous_12)
FN:107,(anonymous_13)
FN:110,(anonymous_14)
FN:115,(anonymous_15)
FN:120,(anonymous_16)
FN:126,(anonymous_17)
FN:132,(anonymous_18)
FN:136,(anonymous_19)
FN:141,(anonymous_20)
FN:142,(anonymous_21)
FN:149,(anonymous_22)
FN:150,(anonymous_23)
FN:157,(anonymous_24)
FN:158,(anonymous_25)
FNF:26
FNH:19
FNDA:297,(anonymous_0)
FNDA:257,(anonymous_1)
FNDA:257,(anonymous_2)
FNDA:319,(anonymous_3)
FNDA:257,(anonymous_4)
FNDA:253,(anonymous_5)
FNDA:58,(anonymous_6)
FNDA:1,(anonymous_7)
FNDA:4,(anonymous_8)
FNDA:4,(anonymous_9)
FNDA:1,(anonymous_10)
FNDA:2,(anonymous_11)
FNDA:7,(anonymous_12)
FNDA:7,(anonymous_13)
FNDA:6,(anonymous_14)
FNDA:2,(anonymous_15)
FNDA:0,(anonymous_16)
FNDA:2,(anonymous_17)
FNDA:1,(anonymous_18)
FNDA:1,(anonymous_19)
FNDA:0,(anonymous_20)
FNDA:0,(anonymous_21)
FNDA:0,(anonymous_22)
FNDA:0,(anonymous_23)
FNDA:0,(anonymous_24)
FNDA:0,(anonymous_25)
DA:1,6
DA:13,6
DA:16,6
DA:31,297
DA:32,297
DA:33,297
DA:39,257
DA:43,257
DA:45,257
DA:47,257
DA:60,257
DA:62,257
DA:64,319
DA:65,257
DA:66,0
DA:70,257
DA:71,257
DA:74,253
DA:78,257
DA:82,58
DA:83,58
DA:87,1
DA:91,4
DA:95,4
DA:96,4
DA:100,1
DA:101,1
DA:102,2
DA:106,7
DA:107,7
DA:111,6
DA:112,6
DA:116,2
DA:117,2
DA:121,0
DA:122,0
DA:123,0
DA:127,2
DA:128,2
DA:129,2
DA:133,1
DA:137,1
DA:138,1
DA:142,0
DA:143,0
DA:144,0
DA:150,0
DA:151,0
DA:152,0
DA:158,0
DA:159,0
DA:160,0
LF:52
LH:39
BRDA:30,0,0,79
BRDA:39,1,0,257
BRDA:39,1,1,195
BRDA:42,2,0,100
BRDA:49,3,0,257
BRDA:49,3,1,100
BRDA:64,4,0,0
BRDA:64,4,1,257
BRDA:64,5,0,257
BRDA:64,5,1,257
BRDA:65,6,0,0
BRDA:143,7,0,0
BRDA:151,8,0,0
BRDA:159,9,0,0
BRF:14
BRH:9
end_of_record
TN:
SF:packages/sync-core/src/common/repository-factory.ts
FN:8,(anonymous_0)
FNF:1
FNH:1
FNDA:157,(anonymous_0)
DA:5,6
DA:7,6
DA:14,157
LF:3
LH:3
BRF:0
BRH:0
end_of_record
TN:
SF:packages/sync-core/src/helpers/get-converter-fn-by-schema-type.ts
FN:3,getConverterFnBySchemaType
FNF:1
FNH:1
FNDA:584,getConverterFnBySchemaType
DA:1,6
DA:3,6
DA:4,584
DA:6,245
DA:8,68
DA:10,0
DA:12,97
DA:14,83
DA:16,0
DA:18,0
DA:20,0
DA:23,91
DA:24,91
DA:27,0
LF:14
LH:9
BRDA:4,0,0,245
BRDA:4,0,1,68
BRDA:4,0,2,0
BRDA:4,0,3,97
BRDA:4,0,4,83
BRDA:4,0,5,0
BRDA:4,0,6,0
BRDA:4,0,7,0
BRDA:23,1,0,91
BRDA:23,2,0,0
BRDA:23,2,1,91
BRDA:23,3,0,91
BRDA:23,3,1,91
BRF:13
BRH:8
end_of_record
TN:
SF:packages/sync-core/src/interfaces/database-adapter.ts
FN:82,(anonymous_0)
FNF:1
FNH:1
FNDA:120,(anonymous_0)
DA:61,6
DA:67,6
DA:68,6
DA:69,6
DA:70,6
DA:71,6
DA:72,6
DA:73,6
DA:74,6
DA:82,120
LF:10
LH:10
BRF:0
BRH:0
end_of_record
TN:
SF:packages/sync-core/src/interfaces/http-method.ts
FN:1,(anonymous_0)
FNF:1
FNH:1
FNDA:6,(anonymous_0)
DA:1,6
DA:2,6
DA:3,6
DA:4,6
DA:5,6
LF:5
LH:5
BRDA:1,0,0,6
BRDA:1,0,1,6
BRF:2
BRH:2
end_of_record
TN:
SF:packages/sync-core/src/migration/migration-runner.ts
FN:10,(anonymous_0)
FN:14,(anonymous_1)
FN:22,(anonymous_2)
FN:43,(anonymous_3)
FNF:4
FNH:4
FNDA:38,(anonymous_0)
FNDA:36,(anonymous_1)
FNDA:36,(anonymous_2)
FNDA:293,(anonymous_3)
DA:2,6
DA:4,6
DA:6,38
DA:8,6
DA:11,38
DA:15,36
DA:23,36
DA:24,290
DA:25,290
DA:27,290
DA:28,290
DA:29,1
DA:32,289
DA:34,289
DA:44,293
DA:45,293
LF:16
LH:16
BRDA:24,0,0,290
BRDA:25,1,0,290
BRDA:25,1,1,290
BRDA:28,2,0,1
BRDA:36,3,0,289
BRDA:36,3,1,35
BRDA:36,3,2,1
BRF:7
BRH:7
end_of_record
TN:
SF:packages/sync-core/src/repositories/domain/domain-repository-constants.ts
FNF:0
FNH:0
DA:1,6
DA:3,6
DA:5,6
DA:7,6
LF:4
LH:4
BRF:0
BRH:0
end_of_record
TN:
SF:packages/sync-core/src/repositories/domain/domain-repository.ts
FN:7,(anonymous_0)
FN:11,(anonymous_1)
FN:20,(anonymous_2)
FN:21,(anonymous_3)
FN:21,(anonymous_4)
FN:22,(anonymous_5)
FN:24,(anonymous_6)
FN:27,(anonymous_7)
FNF:8
FNH:7
FNDA:32,(anonymous_0)
FNDA:3,(anonymous_1)
FNDA:0,(anonymous_2)
FNDA:4,(anonymous_3)
FNDA:2,(anonymous_4)
FNDA:2,(anonymous_5)
FNDA:2,(anonymous_6)
FNDA:1,(anonymous_7)
DA:2,6
DA:4,6
DA:6,6
DA:8,32
DA:12,3
DA:14,3
DA:15,1
DA:18,2
DA:20,2
DA:21,4
DA:22,2
DA:24,2
DA:28,1
LF:13
LH:13
BRDA:14,0,0,1
BRDA:21,1,0,4
BRDA:21,1,1,4
BRDA:24,2,0,2
BRDA:24,2,1,0
BRDA:24,3,0,2
BRDA:24,3,1,2
BRF:7
BRH:6
end_of_record
TN:
SF:packages/sync-core/src/repositories/repository/repository-repository-constants.ts
FNF:0
FNH:0
DA:1,6
DA:3,6
DA:5,6
LF:3
LH:3
BRF:0
BRH:0
end_of_record
TN:
SF:packages/sync-core/src/repositories/repository/repository-repository.ts
FN:6,(anonymous_0)
FN:10,(anonymous_1)
FN:14,(anonymous_2)
FNF:3
FNH:1
FNDA:32,(anonymous_0)
FNDA:0,(anonymous_1)
FNDA:0,(anonymous_2)
DA:1,6
DA:3,6
DA:5,6
DA:7,32
DA:11,0
DA:15,0
LF:6
LH:4
BRF:0
BRH:0
end_of_record
TN:
SF:packages/sync-core/src/server/server-domain.ts
FN:23,(anonymous_0)
FN:43,(anonymous_1)
FNF:2
FNH:2
FNDA:70,(anonymous_0)
FNDA:64,(anonymous_1)
DA:8,6
DA:31,70
DA:32,70
DA:33,70
DA:34,70
DA:35,70
DA:36,70
DA:44,64
DA:47,64
DA:48,197
DA:51,64
DA:52,64
DA:53,32
LF:13
LH:13
BRDA:28,0,0,0
BRDA:36,1,0,32
BRDA:36,1,1,38
BRDA:36,2,0,70
BRDA:36,2,1,70
BRDA:52,3,0,32
BRF:6
BRH:5
end_of_record
TN:
SF:packages/sync-core/src/server/server-sync-engine.ts
FN:39,(anonymous_0)
FN:48,(anonymous_1)
FN:84,(anonymous_2)
FN:96,(anonymous_3)
FN:101,(anonymous_4)
FN:129,(anonymous_5)
FN:138,(anonymous_6)
FNF:7
FNH:3
FNDA:38,(anonymous_0)
FNDA:32,(anonymous_1)
FNDA:0,(anonymous_2)
FNDA:0,(anonymous_3)
FNDA:2,(anonymous_4)
FNDA:0,(anonymous_5)
FNDA:0,(anonymous_6)
DA:3,6
DA:4,6
DA:8,6
DA:9,6
DA:11,6
DA:12,6
DA:13,6
DA:14,6
DA:15,6
DA:22,6
DA:40,38
DA:41,38
DA:42,38
DA:43,38
DA:44,38
DA:45,38
DA:49,32
DA:51,32
DA:52,32
DA:54,32
DA:62,32
DA:64,32
DA:66,32
DA:67,32
DA:68,32
DA:69,32
DA:71,32
DA:73,32
DA:75,64
DA:78,32
DA:79,32
DA:81,32
DA:85,0
DA:87,0
DA:89,0
DA:90,0
DA:93,0
DA:97,0
DA:98,0
DA:102,2
DA:103,2
DA:105,2
DA:106,0
DA:109,2
DA:114,2
DA:115,4
DA:116,2
DA:119,2
DA:126,2
DA:130,0
DA:132,0
DA:133,0
DA:135,0
DA:139,0
DA:141,0
LF:55
LH:41
BRDA:45,0,0,0
BRDA:45,0,1,38
BRDA:45,1,0,38
BRDA:45,1,1,38
BRDA:89,2,0,0
BRDA:105,3,0,0
BRDA:105,4,0,0
BRDA:105,4,1,2
BRDA:105,5,0,2
BRDA:105,5,1,2
BRDA:115,6,0,2
BRF:11
BRH:7
end_of_record
TN:
SF:packages/sync-core/src/server/constants/router-joi-schemas.ts
FN:8,(anonymous_1)
FNF:1
FNH:0
FNDA:0,(anonymous_1)
DA:1,6
DA:3,6
DA:7,6
DA:8,0
DA:11,6
DA:15,6
LF:6
LH:5
BRF:0
BRH:0
end_of_record
TN:
SF:packages/sync-core/src/server/constants/user-entity-name.ts
FNF:0
FNH:0
DA:1,6
LF:1
LH:1
BRF:0
BRH:0
end_of_record
TN:
SF:packages/sync-core/src/server/enums/dynamic-fields-strategy.ts
FN:2,(anonymous_0)
FNF:1
FNH:1
FNDA:6,(anonymous_0)
DA:2,6
DA:7,6
DA:13,6
LF:3
LH:3
BRDA:2,0,0,6
BRDA:2,0,1,6
BRF:2
BRH:2
end_of_record
TN:
SF:packages/sync-core/src/server/exceptions/conflict-exception.ts
FN:4,(anonymous_0)
FNF:1
FNH:0
FNDA:0,(anonymous_0)
DA:1,6
DA:3,6
DA:5,0
LF:3
LH:2
BRF:0
BRH:0
end_of_record
TN:
SF:packages/sync-core/src/server/exceptions/forbidden-exception.ts
FN:4,(anonymous_0)
FNF:1
FNH:0
FNDA:0,(anonymous_0)
DA:1,6
DA:3,6
DA:5,0
LF:3
LH:2
BRF:0
BRH:0
end_of_record
TN:
SF:packages/sync-core/src/server/exceptions/http-exception.ts
FN:7,(anonymous_0)
FNF:1
FNH:0
FNDA:0,(anonymous_0)
DA:1,6
DA:8,0
DA:9,0
DA:10,0
DA:11,0
LF:5
LH:1
BRF:0
BRH:0
end_of_record
TN:
SF:packages/sync-core/src/server/exceptions/internal-errror-exception.ts
FN:4,(anonymous_0)
FNF:1
FNH:0
FNDA:0,(anonymous_0)
DA:1,6
DA:3,6
DA:5,0
LF:3
LH:2
BRF:0
BRH:0
end_of_record
TN:
SF:packages/sync-core/src/server/exceptions/not-found-exception.ts
FN:4,(anonymous_0)
FNF:1
FNH:0
FNDA:0,(anonymous_0)
DA:1,6
DA:3,6
DA:5,0
LF:3
LH:2
BRF:0
BRH:0
end_of_record
TN:
SF:packages/sync-core/src/server/exceptions/unauthorized-exception.ts
FN:4,(anonymous_0)
FNF:1
FNH:0
FNDA:0,(anonymous_0)
DA:1,6
DA:3,6
DA:5,0
LF:3
LH:2
BRF:0
BRH:0
end_of_record
TN:
SF:packages/sync-core/src/server/exceptions/unprocessable-entity-exception.ts
FN:4,(anonymous_0)
FNF:1
FNH:0
FNDA:0,(anonymous_0)
DA:1,6
DA:3,6
DA:5,0
LF:3
LH:2
BRF:0
BRH:0
end_of_record
TN:
SF:packages/sync-core/src/server/interfaces/merge-engine.ts
FN:43,(anonymous_0)
FNF:1
FNH:1
FNDA:6,(anonymous_0)
DA:43,6
DA:44,6
DA:45,6
DA:46,6
DA:47,6
DA:48,6
DA:49,6
LF:7
LH:7
BRDA:43,0,0,6
BRDA:43,0,1,6
BRF:2
BRH:2
end_of_record
TN:
SF:packages/sync-database-merger/src/sync-database-merger.ts
FN:22,(anonymous_0)
FN:35,(anonymous_1)
FN:54,(anonymous_2)
FN:62,(anonymous_3)
FN:70,(anonymous_4)
FN:74,(anonymous_5)
FN:76,(anonymous_6)
FN:85,(anonymous_7)
FN:87,(anonymous_8)
FN:97,(anonymous_9)
FN:117,(anonymous_10)
FN:128,(anonymous_11)
FN:140,(anonymous_12)
FNF:13
FNH:9
FNDA:33,(anonymous_0)
FNDA:33,(anonymous_1)
FNDA:0,(anonymous_2)
FNDA:9,(anonymous_3)
FNDA:9,(anonymous_4)
FNDA:0,(anonymous_5)
FNDA:0,(anonymous_6)
FNDA:9,(anonymous_7)
FNDA:9,(anonymous_8)
FNDA:8,(anonymous_9)
FNDA:8,(anonymous_10)
FNDA:6,(anonymous_11)
FNDA:0,(anonymous_12)
DA:6,7
DA:8,7
DA:9,7
DA:11,7
DA:12,7
DA:13,7
DA:14,7
DA:16,7
DA:17,7
DA:18,7
DA:19,7
DA:20,7
DA:22,7
DA:25,33
DA:26,33
DA:28,33
DA:29,33
DA:30,33
DA:31,33
DA:32,33
DA:33,33
DA:36,33
DA:39,33
DA:40,33
DA:41,33
DA:43,33
DA:44,33
DA:46,33
DA:47,33
DA:48,33
DA:49,33
DA:50,33
DA:51,33
DA:63,9
DA:64,9
DA:65,9
DA:67,9
DA:71,9
DA:77,0
DA:86,9
DA:87,9
DA:89,9
DA:90,0
DA:93,9
DA:94,1
DA:97,8
DA:99,8
DA:100,0
DA:103,8
DA:109,3
DA:110,1
DA:114,3
DA:118,8
DA:127,8
DA:128,6
DA:130,6
DA:132,0
DA:133,0
DA:136,6
DA:141,0
LF:60
LH:54
BRDA:89,0,0,0
BRDA:93,1,0,1
BRDA:99,2,0,0
BRDA:109,3,0,1
BRDA:130,4,0,0
BRF:5
BRH:2
end_of_record
TN:
SF:packages/sync-database-merger/src/push-strategies/create-dynamic-field-strategy.ts
FN:9,(anonymous_0)
FN:13,(anonymous_1)
FNF:2
FNH:2
FNDA:33,(anonymous_0)
FNDA:5,(anonymous_1)
DA:2,7
DA:4,7
DA:6,7
DA:10,33
DA:14,5
DA:18,5
DA:19,1
DA:22,4
DA:24,4
DA:25,2
DA:28,2
DA:40,2
LF:12
LH:12
BRDA:18,0,0,1
BRDA:24,1,0,2
BRF:2
BRH:2
end_of_record
TN:
SF:packages/sync-database-merger/src/push-strategies/create-entity-strategy.ts
FN:14,(anonymous_0)
FN:18,(anonymous_1)
FNF:2
FNH:2
FNDA:33,(anonymous_0)
FNDA:5,(anonymous_1)
DA:1,7
DA:11,7
DA:15,33
DA:19,5
DA:23,5
DA:24,1
DA:27,4
DA:38,4
LF:8
LH:8
BRDA:23,0,0,1
BRF:1
BRH:1
end_of_record
TN:
SF:packages/sync-database-merger/src/push-strategies/delete-dynamic-field-strategy.ts
FN:9,(anonymous_0)
FN:13,(anonymous_1)
FNF:2
FNH:2
FNDA:33,(anonymous_0)
FNDA:5,(anonymous_1)
DA:3,7
DA:4,7
DA:6,7
DA:10,33
DA:14,5
DA:18,5
DA:19,1
DA:22,4
DA:24,4
DA:25,2
DA:28,2
LF:11
LH:11
BRDA:18,0,0,1
BRDA:24,1,0,2
BRF:2
BRH:2
end_of_record
TN:
SF:packages/sync-database-merger/src/push-strategies/delete-entity-strategy.ts
FN:9,(anonymous_0)
FN:13,(anonymous_1)
FNF:2
FNH:2
FNDA:33,(anonymous_0)
FNDA:5,(anonymous_1)
DA:3,7
DA:4,7
DA:6,7
DA:10,33
DA:14,5
DA:18,5
DA:19,1
DA:22,4
DA:29,4
DA:30,2
DA:33,2
LF:11
LH:11
BRDA:18,0,0,1
BRDA:29,1,0,2
BRF:2
BRH:2
end_of_record
TN:
SF:packages/sync-database-merger/src/push-strategies/update-dynamic-field-strategy.ts
FN:9,(anonymous_0)
FN:13,(anonymous_1)
FNF:2
FNH:2
FNDA:33,(anonymous_0)
FNDA:5,(anonymous_1)
DA:3,7
DA:4,7
DA:6,7
DA:10,33
DA:14,5
DA:18,5
DA:19,1
DA:22,4
DA:24,4
DA:25,2
DA:28,2
DA:30,2
DA:31,1
DA:34,1
DA:44,1
LF:15
LH:15
BRDA:18,0,0,1
BRDA:24,1,0,2
BRDA:30,2,0,1
BRF:3
BRH:3
end_of_record
TN:
SF:packages/sync-database-merger/src/push-strategies/update-entity-strategy.ts
FN:16,(anonymous_0)
FN:20,(anonymous_1)
FNF:2
FNH:2
FNDA:33,(anonymous_0)
FNDA:5,(anonymous_1)
DA:5,7
DA:10,7
DA:13,7
DA:17,33
DA:21,5
DA:25,5
DA:26,1
DA:29,4
DA:36,4
DA:37,2
DA:40,2
LF:11
LH:11
BRDA:25,0,0,1
BRDA:36,1,0,2
BRF:2
BRH:2
end_of_record
TN:
SF:packages/sync-database-merger/src/repositories/dynamic-fields/dynamic-field-repository.ts
FN:6,(anonymous_0)
FNF:1
FNH:1
FNDA:33,(anonymous_0)
DA:1,7
DA:3,7
DA:5,7
DA:7,33
LF:4
LH:4
BRF:0
BRH:0
end_of_record
TN:
SF:packages/sync-database-merger/src/repositories/dynamic-fields/constants/dynamic-field-constants.ts
FNF:0
FNH:0
DA:1,7
DA:3,7
DA:5,7
LF:3
LH:3
BRF:0
BRH:0
end_of_record
TN:
SF:packages/sync-database-merger/src/repositories/modification/modification-repository.ts
FN:6,(anonymous_0)
FNF:1
FNH:1
FNDA:33,(anonymous_0)
DA:1,7
DA:2,7
DA:5,7
DA:7,33
LF:4
LH:4
BRF:0
BRH:0
end_of_record
TN:
SF:packages/sync-database-merger/src/repositories/modification/constants/modification-constants.ts
FNF:0
FNH:0
DA:1,7
DA:2,7
DA:6,7
DA:9,7
LF:4
LH:4
BRF:0
BRH:0
end_of_record
TN:
SF:packages/sync-email-password-auth/src/email-password-auth-engine.ts
FN:18,(anonymous_1)
FN:22,(anonymous_2)
FN:25,(anonymous_3)
FN:35,(anonymous_4)
FN:39,(anonymous_5)
FN:65,(anonymous_6)
FN:78,(anonymous_7)
FN:84,(anonymous_8)
FN:90,(anonymous_9)
FN:104,(anonymous_10)
FN:122,(anonymous_11)
FN:126,(anonymous_12)
FN:135,(anonymous_13)
FNF:13
FNH:12
FNDA:12,(anonymous_1)
FNDA:12,(anonymous_2)
FNDA:2,(anonymous_3)
FNDA:12,(anonymous_4)
FNDA:14,(anonymous_5)
FNDA:14,(anonymous_6)
FNDA:1,(anonymous_7)
FNDA:2,(anonymous_8)
FNDA:26,(anonymous_9)
FNDA:3,(anonymous_10)
FNDA:0,(anonymous_11)
FNDA:12,(anonymous_12)
FNDA:10,(anonymous_13)
DA:3,1
DA:4,1
DA:8,1
DA:9,1
DA:10,1
DA:11,1
DA:12,1
DA:14,1
DA:19,12
DA:23,12
DA:25,12
DA:30,12
DA:32,12
DA:36,12
DA:40,14
DA:42,14
DA:46,14
DA:47,2
DA:50,12
DA:51,0
DA:54,12
DA:56,12
DA:57,0
DA:60,12
DA:62,12
DA:66,14
DA:68,14
DA:79,1
DA:85,2
DA:91,26
DA:92,26
DA:94,26
DA:105,3
DA:106,3
DA:107,3
DA:109,2
DA:111,2
DA:112,1
DA:115,1
DA:117,1
DA:123,0
DA:127,12
DA:129,12
DA:136,10
DA:137,10
DA:141,0
DA:142,0
LF:47
LH:42
BRDA:26,0,0,0
BRDA:26,0,1,2
BRDA:26,1,0,2
BRDA:26,1,1,2
BRDA:27,2,0,0
BRDA:27,2,1,2
BRDA:27,3,0,2
BRDA:27,3,1,2
BRDA:46,4,0,2
BRDA:50,5,0,0
BRDA:56,6,0,0
BRDA:92,7,0,12
BRDA:92,7,1,14
BRDA:92,8,0,26
BRDA:92,8,1,26
BRDA:106,9,0,0
BRDA:111,10,0,1
BRF:17
BRH:12
end_of_record
TN:
SF:packages/sync-email-password-auth/src/constants/joi-schemas.ts
FNF:0
FNH:0
DA:1,1
DA:3,1
LF:2
LH:2
BRF:0
BRH:0
end_of_record
TN:
SF:packages/sync-email-password-auth/src/migrations/create-users-table-migration.ts
FN:7,(anonymous_0)
FNF:1
FNH:1
FNDA:12,(anonymous_0)
DA:2,1
DA:4,1
DA:6,1
DA:8,12
LF:4
LH:4
BRF:0
BRH:0
end_of_record
TN:
SF:packages/sync-sqlite-adapter/helpers/isBooleanStringNumber.ts
FN:1,isBooleanStringNumber
FNF:1
FNH:1
FNDA:14,isBooleanStringNumber
DA:1,3
DA:2,14
LF:2
LH:2
BRF:0
BRH:0
end_of_record
TN:
SF:packages/sync-sqlite-adapter/src/sqlite-adapter.ts
FN:23,(anonymous_1)
FN:27,(anonymous_2)
FN:33,(anonymous_3)
FN:41,(anonymous_4)
FN:46,(anonymous_5)
FN:51,(anonymous_6)
FN:56,(anonymous_7)
FN:62,(anonymous_8)
FN:67,(anonymous_9)
FN:68,(anonymous_10)
FN:73,(anonymous_11)
FN:77,(anonymous_12)
FN:81,(anonymous_13)
FN:85,(anonymous_14)
FN:89,(anonymous_15)
FN:97,(anonymous_16)
FN:103,(anonymous_17)
FN:113,(anonymous_18)
FN:124,(anonymous_19)
FN:135,(anonymous_20)
FN:142,(anonymous_21)
FN:148,(anonymous_22)
FN:160,(anonymous_23)
FN:167,(anonymous_24)
FN:177,(anonymous_25)
FN:180,(anonymous_26)
FN:187,(anonymous_27)
FN:195,(anonymous_28)
FN:196,(anonymous_29)
FN:205,(anonymous_30)
FN:224,(anonymous_31)
FN:236,(anonymous_32)
FN:240,(anonymous_33)
FN:241,(anonymous_34)
FN:246,(anonymous_35)
FN:247,(anonymous_36)
FN:252,(anonymous_37)
FN:256,(anonymous_38)
FN:260,(anonymous_39)
FNF:39
FNH:38
FNDA:28,(anonymous_1)
FNDA:29,(anonymous_2)
FNDA:7,(anonymous_3)
FNDA:1,(anonymous_4)
FNDA:12,(anonymous_5)
FNDA:1,(anonymous_6)
FNDA:4,(anonymous_7)
FNDA:1,(anonymous_8)
FNDA:6,(anonymous_9)
FNDA:7,(anonymous_10)
FNDA:7,(anonymous_11)
FNDA:28,(anonymous_12)
FNDA:28,(anonymous_13)
FNDA:21,(anonymous_14)
FNDA:2,(anonymous_15)
FNDA:2,(anonymous_16)
FNDA:10,(anonymous_17)
FNDA:4,(anonymous_18)
FNDA:0,(anonymous_19)
FNDA:3,(anonymous_20)
FNDA:1,(anonymous_21)
FNDA:7,(anonymous_22)
FNDA:5,(anonymous_23)
FNDA:2,(anonymous_24)
FNDA:5,(anonymous_25)
FNDA:13,(anonymous_26)
FNDA:5,(anonymous_27)
FNDA:5,(anonymous_28)
FNDA:13,(anonymous_29)
FNDA:13,(anonymous_30)
FNDA:19,(anonymous_31)
FNDA:11,(anonymous_32)
FNDA:11,(anonymous_33)
FNDA:18,(anonymous_34)
FNDA:3,(anonymous_35)
FNDA:3,(anonymous_36)
FNDA:2,(anonymous_37)
FNDA:2,(anonymous_38)
FNDA:2,(anonymous_39)
DA:2,2
DA:3,2
DA:11,2
DA:13,2
DA:17,28
DA:18,28
DA:19,28
DA:21,28
DA:24,28
DA:28,29
DA:29,28
DA:34,7
DA:35,4
DA:36,4
DA:42,1
DA:47,12
DA:52,1
DA:57,4
DA:58,4
DA:63,1
DA:64,1
DA:68,6
DA:69,7
DA:74,7
DA:78,28
DA:82,28
DA:86,21
DA:90,2
DA:91,2
DA:92,2
DA:94,2
DA:96,2
DA:97,2
DA:100,1
DA:104,10
DA:105,9
DA:106,9
DA:108,9
DA:109,7
DA:114,4
DA:115,3
DA:117,3
DA:119,3
DA:125,0
DA:126,0
DA:129,0
DA:131,0
DA:136,3
DA:137,2
DA:138,2
DA:143,1
DA:144,1
DA:145,1
DA:149,7
DA:150,1
DA:151,0
DA:153,1
DA:156,6
DA:161,5
DA:168,2
DA:170,2
DA:171,1
DA:173,1
DA:178,5
DA:180,5
DA:181,13
DA:184,5
DA:188,5
DA:189,3
DA:192,2
DA:196,5
DA:197,13
DA:198,1
DA:201,12
DA:206,13
DA:207,13
DA:208,1
DA:211,12
DA:221,12
DA:225,19
DA:231,19
DA:232,6
DA:237,11
DA:241,11
DA:242,18
DA:247,3
DA:248,3
DA:253,2
DA:257,2
DA:261,2
LF:90
LH:85
BRDA:28,0,0,28
BRDA:34,1,0,4
BRDA:74,2,0,1
BRDA:74,2,1,6
BRDA:78,3,0,28
BRDA:78,3,1,0
BRDA:82,4,0,0
BRDA:82,4,1,28
BRDA:86,5,0,7
BRDA:86,5,1,14
BRDA:96,6,0,1
BRDA:138,7,0,0
BRDA:138,7,1,2
BRDA:138,8,0,2
BRDA:138,8,1,2
BRDA:145,9,0,0
BRDA:145,9,1,1
BRDA:145,10,0,1
BRDA:145,10,1,1
BRDA:149,11,0,1
BRDA:149,11,1,6
BRDA:150,12,0,0
BRDA:150,12,1,1
BRDA:160,13,0,3
BRDA:162,14,0,0
BRDA:162,14,1,5
BRDA:162,15,0,5
BRDA:162,15,1,5
BRDA:170,16,0,1
BRDA:170,16,1,1
BRDA:188,17,0,3
BRDA:197,18,0,1
BRDA:207,19,0,1
BRF:33
BRH:27
end_of_record
TN:
SF:packages/sync-sqlite-adapter/src/sqlite-data-converter-engine.ts
FN:6,(anonymous_0)
FN:12,(anonymous_1)
FN:13,(anonymous_2)
FN:21,(anonymous_3)
FN:33,(anonymous_4)
FN:37,(anonymous_5)
FN:41,(anonymous_6)
FN:56,(anonymous_7)
FN:61,(anonymous_8)
FN:77,(anonymous_9)
FN:92,(anonymous_10)
FN:101,(anonymous_11)
FN:106,(anonymous_12)
FN:116,(anonymous_13)
FN:120,(anonymous_14)
FN:124,(anonymous_15)
FN:128,(anonymous_16)
FN:132,(anonymous_17)
FN:140,(anonymous_18)
FN:144,(anonymous_19)
FN:148,(anonymous_20)
FN:152,(anonymous_21)
FN:160,(anonymous_22)
FN:163,(anonymous_23)
FNF:24
FNH:18
FNDA:69,(anonymous_0)
FNDA:3,(anonymous_1)
FNDA:15,(anonymous_2)
FNDA:8,(anonymous_3)
FNDA:8,(anonymous_4)
FNDA:8,(anonymous_5)
FNDA:16,(anonymous_6)
FNDA:14,(anonymous_7)
FNDA:9,(anonymous_8)
FNDA:6,(anonymous_9)
FNDA:0,(anonymous_10)
FNDA:0,(anonymous_11)
FNDA:0,(anonymous_12)
FNDA:2,(anonymous_13)
FNDA:2,(anonymous_14)
FNDA:2,(anonymous_15)
FNDA:3,(anonymous_16)
FNDA:3,(anonymous_17)
FNDA:1,(anonymous_18)
FNDA:0,(anonymous_19)
FNDA:0,(anonymous_20)
FNDA:0,(anonymous_21)
FNDA:1,(anonymous_22)
FNDA:5,(anonymous_23)
DA:2,3
DA:4,3
DA:6,3
DA:7,69
DA:8,69
DA:13,3
DA:14,15
DA:22,8
DA:23,1
DA:26,7
DA:27,0
DA:30,7
DA:34,8
DA:38,8
DA:42,16
DA:43,2
DA:46,14
DA:47,14
DA:48,14
DA:50,14
DA:53,0
DA:57,14
DA:58,14
DA:62,9
DA:63,1
DA:66,8
DA:67,3
DA:70,5
DA:71,4
DA:74,1
DA:78,6
DA:79,2
DA:82,4
DA:83,2
DA:84,2
DA:85,1
DA:89,3
DA:93,0
DA:94,0
DA:96,0
DA:102,0
DA:107,0
DA:108,0
DA:111,0
DA:117,2
DA:121,2
DA:125,2
DA:129,3
DA:133,3
DA:134,1
DA:137,2
DA:141,1
DA:145,0
DA:149,0
DA:153,0
DA:154,0
DA:156,0
DA:161,1
DA:163,1
DA:164,5
LF:60
LH:46
BRDA:16,0,0,15
BRDA:16,0,1,0
BRDA:16,1,0,15
BRDA:16,1,1,15
BRDA:22,2,0,1
BRDA:26,3,0,0
BRDA:42,4,0,2
BRDA:46,5,0,14
BRDA:47,6,0,7
BRDA:47,6,1,7
BRDA:48,7,0,2
BRDA:48,7,1,12
BRDA:48,8,0,2
BRDA:48,8,1,10
BRDA:48,9,0,2
BRDA:48,9,1,0
BRDA:50,10,0,7
BRDA:50,10,1,7
BRDA:57,11,0,4
BRDA:57,11,1,10
BRDA:57,12,0,4
BRDA:57,12,1,3
BRDA:57,12,2,2
BRDA:58,13,0,8
BRDA:58,13,1,6
BRDA:62,14,0,1
BRDA:66,15,0,3
BRDA:66,16,0,8
BRDA:66,16,1,7
BRDA:70,17,0,4
BRDA:78,18,0,2
BRDA:82,19,0,2
BRDA:84,20,0,1
BRDA:107,21,0,0
BRDA:107,22,0,0
BRDA:107,22,1,0
BRDA:133,23,0,1
BRDA:161,24,0,0
BRDA:166,25,0,5
BRDA:166,25,1,0
BRDA:166,26,0,5
BRDA:166,26,1,5
BRF:42
BRH:34
end_of_record
